#
# There is insufficient memory for the Java Runtime Environment to continue.
# Native memory allocation (malloc) failed to allocate 1897824 bytes for Chunk::new
# Possible reasons:
#   The system is out of physical RAM or swap space
#   The process is running with CompressedOops enabled, and the Java Heap may be blocking the growth of the native heap
# Possible solutions:
#   Reduce memory load on the system
#   Increase physical memory or swap space
#   Check if swap backing store is full
#   Decrease Java heap size (-Xmx/-Xms)
#   Decrease number of Java threads
#   Decrease Java thread stack sizes (-Xss)
#   Set larger code cache with -XX:ReservedCodeCacheSize=
#   JVM is running with Unscaled Compressed Oops mode in which the Java heap is
#     placed in the first 4GB address space. The Java Heap base address is the
#     maximum limit for the native heap growth. Please use -XX:HeapBaseMinAddress
#     to set the Java Heap base and to place the Java Heap above 4GB virtual address.
# This output file may be truncated or incomplete.
#
#  Out of Memory Error (arena.cpp:191), pid=16812, tid=11408
#
# JRE version: OpenJDK Runtime Environment Temurin-17.0.10+7 (17.0.10+7) (build 17.0.10+7)
# Java VM: OpenJDK 64-Bit Server VM Temurin-17.0.10+7 (17.0.10+7, mixed mode, tiered, compressed oops, compressed class ptrs, parallel gc, windows-amd64)
# No core dump will be written. Minidumps are not enabled by default on client versions of Windows
#

---------------  S U M M A R Y ------------

Command Line: --add-modules=ALL-SYSTEM --add-opens=java.base/java.util=ALL-UNNAMED --add-opens=java.base/java.lang=ALL-UNNAMED --add-opens=java.base/sun.nio.fs=ALL-UNNAMED -Declipse.application=org.eclipse.jdt.ls.core.id1 -Dosgi.bundles.defaultStartLevel=4 -Declipse.product=org.eclipse.jdt.ls.core.product -Djava.import.generatesMetadataFilesAtProjectRoot=false -DDetectVMInstallationsJob.disabled=true -Dfile.encoding=utf8 -XX:+UseParallelGC -XX:GCTimeRatio=4 -XX:AdaptiveSizePolicyWeight=90 -Dsun.zip.disableMemoryMapping=true -Xmx1G -Xms100m -Xlog:disable -javaagent:c:\Users\ARULMOZHI K\.vscode\extensions\redhat.java-1.28.1-win32-x64\lombok\lombok-1.18.31.jar -XX:+HeapDumpOnOutOfMemoryError -XX:HeapDumpPath=c:\Users\ARULMOZHI K\AppData\Roaming\Code\User\workspaceStorage\03ca4ed1a0f60d76721e11c5ee7f916d\redhat.java -Daether.dependencyCollector.impl=bf c:\Users\ARULMOZHI K\.vscode\extensions\redhat.java-1.28.1-win32-x64\server\plugins\org.eclipse.equinox.launcher_1.6.700.v20231214-2017.jar -configuration c:\Users\ARULMOZHI K\AppData\Roaming\Code\User\globalStorage\redhat.java\1.28.1\config_win -data c:\Users\ARULMOZHI K\AppData\Roaming\Code\User\workspaceStorage\03ca4ed1a0f60d76721e11c5ee7f916d\redhat.java\jdt_ws --stdio

Host: 11th Gen Intel(R) Core(TM) i5-1135G7 @ 2.40GHz, 8 cores, 7G,  Windows 10 , 64 bit Build 19041 (10.0.19041.3636)
Time: Tue Mar  5 12:23:03 2024 India Standard Time elapsed time: 522.402414 seconds (0d 0h 8m 42s)

---------------  T H R E A D  ---------------

Current thread (0x0000014e4cf8e000):  JavaThread "C2 CompilerThread0" daemon [_thread_in_native, id=11408, stack(0x0000000e1df00000,0x0000000e1e000000)]


Current CompileTask:
C2: 522402 14547   !   4       lombok.core.AST::buildWithField0 (121 bytes)

Stack: [0x0000000e1df00000,0x0000000e1e000000]
Native frames: (J=compiled Java code, j=interpreted, Vv=VM code, C=native code)
V  [jvm.dll+0x67d2c9]
V  [jvm.dll+0x834afa]
V  [jvm.dll+0x8365be]
V  [jvm.dll+0x836c23]
V  [jvm.dll+0x2477ff]
V  [jvm.dll+0xac514]
V  [jvm.dll+0xacb5c]
V  [jvm.dll+0x3667d7]
V  [jvm.dll+0x1bcd86]
V  [jvm.dll+0x21a049]
V  [jvm.dll+0x219311]
V  [jvm.dll+0x1a502d]
V  [jvm.dll+0x2290de]
V  [jvm.dll+0x2272ac]
V  [jvm.dll+0x7e9bb7]
V  [jvm.dll+0x7e3fba]
V  [jvm.dll+0x67c1b5]
C  [ucrtbase.dll+0x21bb2]
C  [KERNEL32.DLL+0x17344]
C  [ntdll.dll+0x526b1]


---------------  P R O C E S S  ---------------

Threads class SMR info:
_java_thread_list=0x0000014e53dc8410, length=28, elements={
0x0000014e390f5330, 0x0000014e4cf83180, 0x0000014e4cf85770, 0x0000014e4cf8b1d0,
0x0000014e4cf8bd90, 0x0000014e4cf8c950, 0x0000014e4cf8d310, 0x0000014e4cf8e000,
0x0000014e522d87d0, 0x0000014e52301c70, 0x0000014e523a8e30, 0x0000014e53264780,
0x0000014e53ac4610, 0x0000014e540a4810, 0x0000014e53aa06a0, 0x0000014e53b42af0,
0x0000014e541402b0, 0x0000014e54153420, 0x0000014e54155ca0, 0x0000014e54155280,
0x0000014e54156bd0, 0x0000014e541561b0, 0x0000014e54154350, 0x0000014e55610ee0,
0x0000014e55614ba0, 0x0000014e556150b0, 0x0000014e55616a00, 0x0000014e6985a060
}

Java Threads: ( => current thread )
  0x0000014e390f5330 JavaThread "main" [_thread_blocked, id=22036, stack(0x0000000e1d600000,0x0000000e1d700000)]
  0x0000014e4cf83180 JavaThread "Reference Handler" daemon [_thread_blocked, id=6916, stack(0x0000000e1d900000,0x0000000e1da00000)]
  0x0000014e4cf85770 JavaThread "Finalizer" daemon [_thread_blocked, id=10444, stack(0x0000000e1da00000,0x0000000e1db00000)]
  0x0000014e4cf8b1d0 JavaThread "Signal Dispatcher" daemon [_thread_blocked, id=11556, stack(0x0000000e1db00000,0x0000000e1dc00000)]
  0x0000014e4cf8bd90 JavaThread "Attach Listener" daemon [_thread_blocked, id=5032, stack(0x0000000e1dc00000,0x0000000e1dd00000)]
  0x0000014e4cf8c950 JavaThread "Service Thread" daemon [_thread_blocked, id=21080, stack(0x0000000e1dd00000,0x0000000e1de00000)]
  0x0000014e4cf8d310 JavaThread "Monitor Deflation Thread" daemon [_thread_blocked, id=11316, stack(0x0000000e1de00000,0x0000000e1df00000)]
=>0x0000014e4cf8e000 JavaThread "C2 CompilerThread0" daemon [_thread_in_native, id=11408, stack(0x0000000e1df00000,0x0000000e1e000000)]
  0x0000014e522d87d0 JavaThread "C1 CompilerThread0" daemon [_thread_blocked, id=18944, stack(0x0000000e1e000000,0x0000000e1e100000)]
  0x0000014e52301c70 JavaThread "Sweeper thread" daemon [_thread_blocked, id=17248, stack(0x0000000e1e100000,0x0000000e1e200000)]
  0x0000014e523a8e30 JavaThread "Common-Cleaner" daemon [_thread_blocked, id=2428, stack(0x0000000e1e200000,0x0000000e1e300000)]
  0x0000014e53264780 JavaThread "Notification Thread" daemon [_thread_blocked, id=20428, stack(0x0000000e1e300000,0x0000000e1e400000)]
  0x0000014e53ac4610 JavaThread "Active Thread: Equinox Container: b7ebd3eb-9cb0-454c-bce5-652de811fe6b" [_thread_blocked, id=19412, stack(0x0000000e1ed00000,0x0000000e1ee00000)]
  0x0000014e540a4810 JavaThread "Framework Event Dispatcher: Equinox Container: b7ebd3eb-9cb0-454c-bce5-652de811fe6b" daemon [_thread_blocked, id=22276, stack(0x0000000e1ee00000,0x0000000e1ef00000)]
  0x0000014e53aa06a0 JavaThread "Start Level: Equinox Container: b7ebd3eb-9cb0-454c-bce5-652de811fe6b" daemon [_thread_blocked, id=16564, stack(0x0000000e1ef00000,0x0000000e1f000000)]
  0x0000014e53b42af0 JavaThread "Bundle File Closer" daemon [_thread_blocked, id=23396, stack(0x0000000e1f100000,0x0000000e1f200000)]
  0x0000014e541402b0 JavaThread "SCR Component Actor" daemon [_thread_blocked, id=4824, stack(0x0000000e1f200000,0x0000000e1f300000)]
  0x0000014e54153420 JavaThread "Worker-JM" [_thread_blocked, id=23068, stack(0x0000000e1f400000,0x0000000e1f500000)]
  0x0000014e54155ca0 JavaThread "Java indexing" daemon [_thread_blocked, id=12484, stack(0x0000000e1f800000,0x0000000e1f900000)]
  0x0000014e54155280 JavaThread "JNA Cleaner" daemon [_thread_blocked, id=9456, stack(0x0000000e1f900000,0x0000000e1fa00000)]
  0x0000014e54156bd0 JavaThread "pool-2-thread-1" [_thread_blocked, id=18552, stack(0x0000000e1fa00000,0x0000000e1fb00000)]
  0x0000014e541561b0 JavaThread "WorkspaceEventsHandler" [_thread_blocked, id=17440, stack(0x0000000e1fb00000,0x0000000e1fc00000)]
  0x0000014e54154350 JavaThread "pool-1-thread-1" [_thread_in_native, id=17252, stack(0x0000000e1fc00000,0x0000000e1fd00000)]
  0x0000014e55610ee0 JavaThread "Worker-3" [_thread_blocked, id=3892, stack(0x0000000e1fd00000,0x0000000e1fe00000)]
  0x0000014e55614ba0 JavaThread "Worker-5" [_thread_blocked, id=14952, stack(0x0000000e1f300000,0x0000000e1f400000)]
  0x0000014e556150b0 JavaThread "ForkJoinPool.commonPool-worker-8" daemon [_thread_blocked, id=20776, stack(0x0000000e1d300000,0x0000000e1d400000)]
  0x0000014e55616a00 JavaThread "ForkJoinPool.commonPool-worker-9" daemon [_thread_blocked, id=11268, stack(0x0000000e1d400000,0x0000000e1d500000)]
  0x0000014e6985a060 JavaThread "C2 CompilerThread1" daemon [_thread_in_native, id=21612, stack(0x0000000e1d500000,0x0000000e1d600000)]

Other Threads:
  0x0000014e391aeb10 VMThread "VM Thread" [stack: 0x0000000e1d800000,0x0000000e1d900000] [id=4100]
  0x0000014e53218ac0 WatcherThread [stack: 0x0000000e1e400000,0x0000000e1e500000] [id=1544]
  0x0000014e3910db90 GCTaskThread "GC Thread#0" [stack: 0x0000000e1d700000,0x0000000e1d800000] [id=4800]
  0x0000014e539112a0 GCTaskThread "GC Thread#1" [stack: 0x0000000e1e500000,0x0000000e1e600000] [id=2100]
  0x0000014e53911970 GCTaskThread "GC Thread#2" [stack: 0x0000000e1e600000,0x0000000e1e700000] [id=17544]
  0x0000014e53911c30 GCTaskThread "GC Thread#3" [stack: 0x0000000e1e700000,0x0000000e1e800000] [id=9880]
  0x0000014e53911ef0 GCTaskThread "GC Thread#4" [stack: 0x0000000e1e800000,0x0000000e1e900000] [id=19008]
  0x0000014e5388d060 GCTaskThread "GC Thread#5" [stack: 0x0000000e1e900000,0x0000000e1ea00000] [id=16868]
  0x0000014e5388d320 GCTaskThread "GC Thread#6" [stack: 0x0000000e1ea00000,0x0000000e1eb00000] [id=18348]
  0x0000014e5372e2d0 GCTaskThread "GC Thread#7" [stack: 0x0000000e1f000000,0x0000000e1f100000] [id=14536]

Threads with active compile tasks:
C2 CompilerThread0   522443 14547   !   4       lombok.core.AST::buildWithField0 (121 bytes)
C2 CompilerThread1   522443 14551       4       lombok.eclipse.EclipseAST::buildStatement (57 bytes)

VM state: not at safepoint (normal execution)

VM Mutex/Monitor currently owned by a thread: None

Heap address: 0x00000000c0000000, size: 1024 MB, Compressed Oops mode: 32-bit

CDS archive(s) not mapped
Compressed class space mapped at: 0x0000000100000000-0x0000000140000000, reserved size: 1073741824
Narrow klass base: 0x0000000000000000, Narrow klass shift: 3, Narrow klass range: 0x140000000

GC Precious Log:
 CPUs: 8 total, 8 available
 Memory: 7885M
 Large Page Support: Disabled
 NUMA Support: Disabled
 Compressed Oops: Enabled (32-bit)
 Alignments: Space 512K, Generation 512K, Heap 2M
 Heap Min Capacity: 100M
 Heap Initial Capacity: 100M
 Heap Max Capacity: 1G
 Pre-touch: Disabled
 Parallel Workers: 8

Heap:
 PSYoungGen      total 6144K, used 4135K [0x00000000eab00000, 0x00000000eb380000, 0x0000000100000000)
  eden space 3584K, 53% used [0x00000000eab00000,0x00000000eacde9e0,0x00000000eae80000)
  from space 2560K, 86% used [0x00000000eae80000,0x00000000eb0ab380,0x00000000eb100000)
  to   space 2560K, 0% used [0x00000000eb100000,0x00000000eb100000,0x00000000eb380000)
 ParOldGen       total 148480K, used 128761K [0x00000000c0000000, 0x00000000c9100000, 0x00000000eab00000)
  object space 148480K, 86% used [0x00000000c0000000,0x00000000c7dbe6a8,0x00000000c9100000)
 Metaspace       used 79106K, committed 80448K, reserved 1179648K
  class space    used 8065K, committed 8640K, reserved 1048576K

Card table byte_map: [0x0000014e38ac0000,0x0000014e38cd0000] _byte_map_base: 0x0000014e384c0000

Marking Bits: (ParMarkBitMap*) 0x00007ffff7a8d7d0
 Begin Bits: [0x0000014e4ad90000, 0x0000014e4bd90000)
 End Bits:   [0x0000014e4bd90000, 0x0000014e4cd90000)

Polling page: 0x0000014e388b0000

Metaspace:

Usage:
  Non-class:     69.38 MB used.
      Class:      7.88 MB used.
       Both:     77.25 MB used.

Virtual space:
  Non-class space:      128.00 MB reserved,      70.12 MB ( 55%) committed,  2 nodes.
      Class space:        1.00 GB reserved,       8.44 MB ( <1%) committed,  1 nodes.
             Both:        1.12 GB reserved,      78.56 MB (  7%) committed. 

Chunk freelists:
   Non-Class:  9.92 MB
       Class:  7.52 MB
        Both:  17.44 MB

MaxMetaspaceSize: unlimited
CompressedClassSpaceSize: 1.00 GB
Initial GC threshold: 21.00 MB
Current GC threshold: 127.81 MB
CDS: off
MetaspaceReclaimPolicy: balanced
 - commit_granule_bytes: 65536.
 - commit_granule_words: 8192.
 - virtual_space_node_default_size: 8388608.
 - enlarge_chunks_in_place: 1.
 - new_chunks_are_fully_committed: 0.
 - uncommit_free_chunks: 1.
 - use_allocation_guard: 0.
 - handle_deallocations: 1.


Internal statistics:

num_allocs_failed_limit: 9.
num_arena_births: 1000.
num_arena_deaths: 22.
num_vsnodes_births: 3.
num_vsnodes_deaths: 0.
num_space_committed: 1257.
num_space_uncommitted: 0.
num_chunks_returned_to_freelist: 34.
num_chunks_taken_from_freelist: 4507.
num_chunk_merges: 18.
num_chunk_splits: 2721.
num_chunks_enlarged: 1445.
num_inconsistent_stats: 0.

CodeHeap 'non-profiled nmethods': size=120000Kb used=9416Kb max_used=9416Kb free=110583Kb
 bounds [0x0000014e43860000, 0x0000014e441a0000, 0x0000014e4ad90000]
CodeHeap 'profiled nmethods': size=120000Kb used=27608Kb max_used=27616Kb free=92391Kb
 bounds [0x0000014e3bd90000, 0x0000014e3d890000, 0x0000014e432c0000]
CodeHeap 'non-nmethods': size=5760Kb used=1393Kb max_used=1490Kb free=4366Kb
 bounds [0x0000014e432c0000, 0x0000014e43530000, 0x0000014e43860000]
 total_blobs=12846 nmethods=12117 adapters=641
 compilation: enabled
              stopped_count=0, restarted_count=0
 full_count=0

Compilation events (20 events):
Event: 521.602 Thread 0x0000014e522d87d0 14582       2       org.eclipse.jdt.internal.core.CompilationUnitStructureRequestor::createMethodInfo (466 bytes)
Event: 521.605 Thread 0x0000014e522d87d0 nmethod 14582 0x0000014e3d884d10 code [0x0000014e3d885000, 0x0000014e3d8861a8]
Event: 521.605 Thread 0x0000014e522d87d0 14583       2       java.util.HashMap$TreeNode::<init> (10 bytes)
Event: 521.605 Thread 0x0000014e522d87d0 nmethod 14583 0x0000014e3d886d10 code [0x0000014e3d886ea0, 0x0000014e3d886fc8]
Event: 521.621 Thread 0x0000014e522d87d0 14584       2       org.eclipse.jdt.internal.compiler.ast.CompilationUnitDeclaration::isLambdaExpressionCopyContext (93 bytes)
Event: 521.622 Thread 0x0000014e522d87d0 nmethod 14584 0x0000014e3d887090 code [0x0000014e3d887260, 0x0000014e3d887638]
Event: 521.625 Thread 0x0000014e522d87d0 14585       2       org.eclipse.jdt.internal.compiler.ast.ConstructorDeclaration::<init> (6 bytes)
Event: 521.625 Thread 0x0000014e522d87d0 nmethod 14585 0x0000014e3d887890 code [0x0000014e3d887a20, 0x0000014e3d887b48]
Event: 521.625 Thread 0x0000014e522d87d0 14586       1       org.eclipse.jdt.internal.core.SourceRefElementInfo::getDeclarationSourceStart (5 bytes)
Event: 521.625 Thread 0x0000014e522d87d0 nmethod 14586 0x0000014e44164310 code [0x0000014e441644a0, 0x0000014e44164578]
Event: 521.625 Thread 0x0000014e522d87d0 14589       3       org.eclipse.jdt.internal.compiler.lookup.CompilationUnitScope$$Lambda$614/0x00000001007576a8::test (8 bytes)
Event: 521.626 Thread 0x0000014e522d87d0 nmethod 14589 0x0000014e3d887c10 code [0x0000014e3d887dc0, 0x0000014e3d8880f8]
Event: 521.626 Thread 0x0000014e522d87d0 14587       1       org.eclipse.jdt.internal.core.SourceRefElementInfo::getDeclarationSourceEnd (5 bytes)
Event: 521.626 Thread 0x0000014e522d87d0 nmethod 14587 0x0000014e44164610 code [0x0000014e441647a0, 0x0000014e44164878]
Event: 521.778 Thread 0x0000014e6985a060 nmethod 14516 0x0000014e44164910 code [0x0000014e44165840, 0x0000014e4416ad38]
Event: 521.779 Thread 0x0000014e6985a060 14552       4       lombok.core.AST::buildWithField (21 bytes)
Event: 522.163 Thread 0x0000014e4cf8e000 nmethod 14550 0x0000014e4416d210 code [0x0000014e4416dc80, 0x0000014e44179318]
Event: 522.164 Thread 0x0000014e4cf8e000 14547   !   4       lombok.core.AST::buildWithField0 (121 bytes)
Event: 522.350 Thread 0x0000014e6985a060 nmethod 14552 0x0000014e4417f910 code [0x0000014e44180440, 0x0000014e4418a7c0]
Event: 522.351 Thread 0x0000014e6985a060 14551       4       lombok.eclipse.EclipseAST::buildStatement (57 bytes)

GC Heap History (20 events):
Event: 31.986 GC heap before
{Heap before GC invocations=143 (full 7):
 PSYoungGen      total 6656K, used 6306K [0x00000000eab00000, 0x00000000eba00000, 0x0000000100000000)
  eden space 3584K, 99% used [0x00000000eab00000,0x00000000eae7c930,0x00000000eae80000)
  from space 3072K, 89% used [0x00000000eae80000,0x00000000eb12c010,0x00000000eb180000)
  to   space 5632K, 0% used [0x00000000eb480000,0x00000000eb480000,0x00000000eba00000)
 ParOldGen       total 148480K, used 126211K [0x00000000c0000000, 0x00000000c9100000, 0x00000000eab00000)
  object space 148480K, 85% used [0x00000000c0000000,0x00000000c7b40e98,0x00000000c9100000)
 Metaspace       used 78669K, committed 80064K, reserved 1179648K
  class space    used 7999K, committed 8640K, reserved 1048576K
}
Event: 31.989 GC heap after
{Heap after GC invocations=143 (full 7):
 PSYoungGen      total 6656K, used 2752K [0x00000000eab00000, 0x00000000eb780000, 0x0000000100000000)
  eden space 3584K, 0% used [0x00000000eab00000,0x00000000eab00000,0x00000000eae80000)
  from space 3072K, 89% used [0x00000000eb480000,0x00000000eb730020,0x00000000eb780000)
  to   space 3584K, 0% used [0x00000000eb080000,0x00000000eb080000,0x00000000eb400000)
 ParOldGen       total 148480K, used 126211K [0x00000000c0000000, 0x00000000c9100000, 0x00000000eab00000)
  object space 148480K, 85% used [0x00000000c0000000,0x00000000c7b40e98,0x00000000c9100000)
 Metaspace       used 78669K, committed 80064K, reserved 1179648K
  class space    used 7999K, committed 8640K, reserved 1048576K
}
Event: 306.624 GC heap before
{Heap before GC invocations=144 (full 7):
 PSYoungGen      total 6656K, used 6336K [0x00000000eab00000, 0x00000000eb780000, 0x0000000100000000)
  eden space 3584K, 100% used [0x00000000eab00000,0x00000000eae80000,0x00000000eae80000)
  from space 3072K, 89% used [0x00000000eb480000,0x00000000eb730020,0x00000000eb780000)
  to   space 3584K, 0% used [0x00000000eb080000,0x00000000eb080000,0x00000000eb400000)
 ParOldGen       total 148480K, used 126211K [0x00000000c0000000, 0x00000000c9100000, 0x00000000eab00000)
  object space 148480K, 85% used [0x00000000c0000000,0x00000000c7b40e98,0x00000000c9100000)
 Metaspace       used 78739K, committed 80064K, reserved 1179648K
  class space    used 8003K, committed 8640K, reserved 1048576K
}
Event: 306.770 GC heap after
{Heap after GC invocations=144 (full 7):
 PSYoungGen      total 6656K, used 2992K [0x00000000eab00000, 0x00000000eb500000, 0x0000000100000000)
  eden space 3584K, 0% used [0x00000000eab00000,0x00000000eab00000,0x00000000eae80000)
  from space 3072K, 97% used [0x00000000eb080000,0x00000000eb36c030,0x00000000eb380000)
  to   space 1536K, 0% used [0x00000000eb380000,0x00000000eb380000,0x00000000eb500000)
 ParOldGen       total 148480K, used 126211K [0x00000000c0000000, 0x00000000c9100000, 0x00000000eab00000)
  object space 148480K, 85% used [0x00000000c0000000,0x00000000c7b40e98,0x00000000c9100000)
 Metaspace       used 78739K, committed 80064K, reserved 1179648K
  class space    used 8003K, committed 8640K, reserved 1048576K
}
Event: 354.955 GC heap before
{Heap before GC invocations=145 (full 7):
 PSYoungGen      total 6656K, used 6576K [0x00000000eab00000, 0x00000000eb500000, 0x0000000100000000)
  eden space 3584K, 100% used [0x00000000eab00000,0x00000000eae80000,0x00000000eae80000)
  from space 3072K, 97% used [0x00000000eb080000,0x00000000eb36c030,0x00000000eb380000)
  to   space 1536K, 0% used [0x00000000eb380000,0x00000000eb380000,0x00000000eb500000)
 ParOldGen       total 148480K, used 126211K [0x00000000c0000000, 0x00000000c9100000, 0x00000000eab00000)
  object space 148480K, 85% used [0x00000000c0000000,0x00000000c7b40e98,0x00000000c9100000)
 Metaspace       used 78867K, committed 80256K, reserved 1179648K
  class space    used 8020K, committed 8640K, reserved 1048576K
}
Event: 354.977 GC heap after
{Heap after GC invocations=145 (full 7):
 PSYoungGen      total 5120K, used 1507K [0x00000000eab00000, 0x00000000eb580000, 0x0000000100000000)
  eden space 3584K, 0% used [0x00000000eab00000,0x00000000eab00000,0x00000000eae80000)
  from space 1536K, 98% used [0x00000000eb380000,0x00000000eb4f8f60,0x00000000eb500000)
  to   space 3584K, 0% used [0x00000000eae80000,0x00000000eae80000,0x00000000eb200000)
 ParOldGen       total 148480K, used 127929K [0x00000000c0000000, 0x00000000c9100000, 0x00000000eab00000)
  object space 148480K, 86% used [0x00000000c0000000,0x00000000c7cee678,0x00000000c9100000)
 Metaspace       used 78867K, committed 80256K, reserved 1179648K
  class space    used 8020K, committed 8640K, reserved 1048576K
}
Event: 521.154 GC heap before
{Heap before GC invocations=146 (full 7):
 PSYoungGen      total 5120K, used 5091K [0x00000000eab00000, 0x00000000eb580000, 0x0000000100000000)
  eden space 3584K, 100% used [0x00000000eab00000,0x00000000eae80000,0x00000000eae80000)
  from space 1536K, 98% used [0x00000000eb380000,0x00000000eb4f8f60,0x00000000eb500000)
  to   space 3584K, 0% used [0x00000000eae80000,0x00000000eae80000,0x00000000eb200000)
 ParOldGen       total 148480K, used 127929K [0x00000000c0000000, 0x00000000c9100000, 0x00000000eab00000)
  object space 148480K, 86% used [0x00000000c0000000,0x00000000c7cee678,0x00000000c9100000)
 Metaspace       used 79020K, committed 80384K, reserved 1179648K
  class space    used 8056K, committed 8640K, reserved 1048576K
}
Event: 521.162 GC heap after
{Heap after GC invocations=146 (full 7):
 PSYoungGen      total 5632K, used 1612K [0x00000000eab00000, 0x00000000eb400000, 0x0000000100000000)
  eden space 3584K, 0% used [0x00000000eab00000,0x00000000eab00000,0x00000000eae80000)
  from space 2048K, 78% used [0x00000000eae80000,0x00000000eb013340,0x00000000eb080000)
  to   space 2560K, 0% used [0x00000000eb180000,0x00000000eb180000,0x00000000eb400000)
 ParOldGen       total 148480K, used 128217K [0x00000000c0000000, 0x00000000c9100000, 0x00000000eab00000)
  object space 148480K, 86% used [0x00000000c0000000,0x00000000c7d36678,0x00000000c9100000)
 Metaspace       used 79020K, committed 80384K, reserved 1179648K
  class space    used 8056K, committed 8640K, reserved 1048576K
}
Event: 521.368 GC heap before
{Heap before GC invocations=147 (full 7):
 PSYoungGen      total 5632K, used 5196K [0x00000000eab00000, 0x00000000eb400000, 0x0000000100000000)
  eden space 3584K, 100% used [0x00000000eab00000,0x00000000eae80000,0x00000000eae80000)
  from space 2048K, 78% used [0x00000000eae80000,0x00000000eb013340,0x00000000eb080000)
  to   space 2560K, 0% used [0x00000000eb180000,0x00000000eb180000,0x00000000eb400000)
 ParOldGen       total 148480K, used 128217K [0x00000000c0000000, 0x00000000c9100000, 0x00000000eab00000)
  object space 148480K, 86% used [0x00000000c0000000,0x00000000c7d36678,0x00000000c9100000)
 Metaspace       used 79090K, committed 80448K, reserved 1179648K
  class space    used 8065K, committed 8640K, reserved 1048576K
}
Event: 521.374 GC heap after
{Heap after GC invocations=147 (full 7):
 PSYoungGen      total 6144K, used 2130K [0x00000000eab00000, 0x00000000eb400000, 0x0000000100000000)
  eden space 3584K, 0% used [0x00000000eab00000,0x00000000eab00000,0x00000000eae80000)
  from space 2560K, 83% used [0x00000000eb180000,0x00000000eb394a60,0x00000000eb400000)
  to   space 2560K, 0% used [0x00000000eaf00000,0x00000000eaf00000,0x00000000eb180000)
 ParOldGen       total 148480K, used 128217K [0x00000000c0000000, 0x00000000c9100000, 0x00000000eab00000)
  object space 148480K, 86% used [0x00000000c0000000,0x00000000c7d36678,0x00000000c9100000)
 Metaspace       used 79090K, committed 80448K, reserved 1179648K
  class space    used 8065K, committed 8640K, reserved 1048576K
}
Event: 521.423 GC heap before
{Heap before GC invocations=148 (full 7):
 PSYoungGen      total 6144K, used 5714K [0x00000000eab00000, 0x00000000eb400000, 0x0000000100000000)
  eden space 3584K, 100% used [0x00000000eab00000,0x00000000eae80000,0x00000000eae80000)
  from space 2560K, 83% used [0x00000000eb180000,0x00000000eb394a60,0x00000000eb400000)
  to   space 2560K, 0% used [0x00000000eaf00000,0x00000000eaf00000,0x00000000eb180000)
 ParOldGen       total 148480K, used 128217K [0x00000000c0000000, 0x00000000c9100000, 0x00000000eab00000)
  object space 148480K, 86% used [0x00000000c0000000,0x00000000c7d36678,0x00000000c9100000)
 Metaspace       used 79095K, committed 80448K, reserved 1179648K
  class space    used 8065K, committed 8640K, reserved 1048576K
}
Event: 521.428 GC heap after
{Heap after GC invocations=148 (full 7):
 PSYoungGen      total 6144K, used 2172K [0x00000000eab00000, 0x00000000eb380000, 0x0000000100000000)
  eden space 3584K, 0% used [0x00000000eab00000,0x00000000eab00000,0x00000000eae80000)
  from space 2560K, 84% used [0x00000000eaf00000,0x00000000eb11f370,0x00000000eb180000)
  to   space 2048K, 0% used [0x00000000eb180000,0x00000000eb180000,0x00000000eb380000)
 ParOldGen       total 148480K, used 128217K [0x00000000c0000000, 0x00000000c9100000, 0x00000000eab00000)
  object space 148480K, 86% used [0x00000000c0000000,0x00000000c7d36678,0x00000000c9100000)
 Metaspace       used 79095K, committed 80448K, reserved 1179648K
  class space    used 8065K, committed 8640K, reserved 1048576K
}
Event: 521.473 GC heap before
{Heap before GC invocations=149 (full 7):
 PSYoungGen      total 6144K, used 5756K [0x00000000eab00000, 0x00000000eb380000, 0x0000000100000000)
  eden space 3584K, 100% used [0x00000000eab00000,0x00000000eae80000,0x00000000eae80000)
  from space 2560K, 84% used [0x00000000eaf00000,0x00000000eb11f370,0x00000000eb180000)
  to   space 2048K, 0% used [0x00000000eb180000,0x00000000eb180000,0x00000000eb380000)
 ParOldGen       total 148480K, used 128217K [0x00000000c0000000, 0x00000000c9100000, 0x00000000eab00000)
  object space 148480K, 86% used [0x00000000c0000000,0x00000000c7d36678,0x00000000c9100000)
 Metaspace       used 79099K, committed 80448K, reserved 1179648K
  class space    used 8065K, committed 8640K, reserved 1048576K
}
Event: 521.475 GC heap after
{Heap after GC invocations=149 (full 7):
 PSYoungGen      total 5632K, used 2044K [0x00000000eab00000, 0x00000000eb380000, 0x0000000100000000)
  eden space 3584K, 0% used [0x00000000eab00000,0x00000000eab00000,0x00000000eae80000)
  from space 2048K, 99% used [0x00000000eb180000,0x00000000eb37f370,0x00000000eb380000)
  to   space 2560K, 0% used [0x00000000eae80000,0x00000000eae80000,0x00000000eb100000)
 ParOldGen       total 148480K, used 128369K [0x00000000c0000000, 0x00000000c9100000, 0x00000000eab00000)
  object space 148480K, 86% used [0x00000000c0000000,0x00000000c7d5c6a8,0x00000000c9100000)
 Metaspace       used 79099K, committed 80448K, reserved 1179648K
  class space    used 8065K, committed 8640K, reserved 1048576K
}
Event: 521.520 GC heap before
{Heap before GC invocations=150 (full 7):
 PSYoungGen      total 5632K, used 5628K [0x00000000eab00000, 0x00000000eb380000, 0x0000000100000000)
  eden space 3584K, 100% used [0x00000000eab00000,0x00000000eae80000,0x00000000eae80000)
  from space 2048K, 99% used [0x00000000eb180000,0x00000000eb37f370,0x00000000eb380000)
  to   space 2560K, 0% used [0x00000000eae80000,0x00000000eae80000,0x00000000eb100000)
 ParOldGen       total 148480K, used 128369K [0x00000000c0000000, 0x00000000c9100000, 0x00000000eab00000)
  object space 148480K, 86% used [0x00000000c0000000,0x00000000c7d5c6a8,0x00000000c9100000)
 Metaspace       used 79099K, committed 80448K, reserved 1179648K
  class space    used 8065K, committed 8640K, reserved 1048576K
}
Event: 521.524 GC heap after
{Heap after GC invocations=150 (full 7):
 PSYoungGen      total 6144K, used 2172K [0x00000000eab00000, 0x00000000eb380000, 0x0000000100000000)
  eden space 3584K, 0% used [0x00000000eab00000,0x00000000eab00000,0x00000000eae80000)
  from space 2560K, 84% used [0x00000000eae80000,0x00000000eb09f390,0x00000000eb100000)
  to   space 2560K, 0% used [0x00000000eb100000,0x00000000eb100000,0x00000000eb380000)
 ParOldGen       total 148480K, used 128745K [0x00000000c0000000, 0x00000000c9100000, 0x00000000eab00000)
  object space 148480K, 86% used [0x00000000c0000000,0x00000000c7dba6a8,0x00000000c9100000)
 Metaspace       used 79099K, committed 80448K, reserved 1179648K
  class space    used 8065K, committed 8640K, reserved 1048576K
}
Event: 521.557 GC heap before
{Heap before GC invocations=151 (full 7):
 PSYoungGen      total 6144K, used 5756K [0x00000000eab00000, 0x00000000eb380000, 0x0000000100000000)
  eden space 3584K, 100% used [0x00000000eab00000,0x00000000eae80000,0x00000000eae80000)
  from space 2560K, 84% used [0x00000000eae80000,0x00000000eb09f390,0x00000000eb100000)
  to   space 2560K, 0% used [0x00000000eb100000,0x00000000eb100000,0x00000000eb380000)
 ParOldGen       total 148480K, used 128745K [0x00000000c0000000, 0x00000000c9100000, 0x00000000eab00000)
  object space 148480K, 86% used [0x00000000c0000000,0x00000000c7dba6a8,0x00000000c9100000)
 Metaspace       used 79103K, committed 80448K, reserved 1179648K
  class space    used 8065K, committed 8640K, reserved 1048576K
}
Event: 521.559 GC heap after
{Heap after GC invocations=151 (full 7):
 PSYoungGen      total 6144K, used 2140K [0x00000000eab00000, 0x00000000eb380000, 0x0000000100000000)
  eden space 3584K, 0% used [0x00000000eab00000,0x00000000eab00000,0x00000000eae80000)
  from space 2560K, 83% used [0x00000000eb100000,0x00000000eb3173b0,0x00000000eb380000)
  to   space 2560K, 0% used [0x00000000eae80000,0x00000000eae80000,0x00000000eb100000)
 ParOldGen       total 148480K, used 128753K [0x00000000c0000000, 0x00000000c9100000, 0x00000000eab00000)
  object space 148480K, 86% used [0x00000000c0000000,0x00000000c7dbc6a8,0x00000000c9100000)
 Metaspace       used 79103K, committed 80448K, reserved 1179648K
  class space    used 8065K, committed 8640K, reserved 1048576K
}
Event: 521.610 GC heap before
{Heap before GC invocations=152 (full 7):
 PSYoungGen      total 6144K, used 5724K [0x00000000eab00000, 0x00000000eb380000, 0x0000000100000000)
  eden space 3584K, 100% used [0x00000000eab00000,0x00000000eae80000,0x00000000eae80000)
  from space 2560K, 83% used [0x00000000eb100000,0x00000000eb3173b0,0x00000000eb380000)
  to   space 2560K, 0% used [0x00000000eae80000,0x00000000eae80000,0x00000000eb100000)
 ParOldGen       total 148480K, used 128753K [0x00000000c0000000, 0x00000000c9100000, 0x00000000eab00000)
  object space 148480K, 86% used [0x00000000c0000000,0x00000000c7dbc6a8,0x00000000c9100000)
 Metaspace       used 79105K, committed 80448K, reserved 1179648K
  class space    used 8065K, committed 8640K, reserved 1048576K
}
Event: 521.612 GC heap after
{Heap after GC invocations=152 (full 7):
 PSYoungGen      total 6144K, used 2220K [0x00000000eab00000, 0x00000000eb380000, 0x0000000100000000)
  eden space 3584K, 0% used [0x00000000eab00000,0x00000000eab00000,0x00000000eae80000)
  from space 2560K, 86% used [0x00000000eae80000,0x00000000eb0ab380,0x00000000eb100000)
  to   space 2560K, 0% used [0x00000000eb100000,0x00000000eb100000,0x00000000eb380000)
 ParOldGen       total 148480K, used 128761K [0x00000000c0000000, 0x00000000c9100000, 0x00000000eab00000)
  object space 148480K, 86% used [0x00000000c0000000,0x00000000c7dbe6a8,0x00000000c9100000)
 Metaspace       used 79105K, committed 80448K, reserved 1179648K
  class space    used 8065K, committed 8640K, reserved 1048576K
}

Dll operation events (10 events):
Event: 0.032 Loaded shared library c:\Users\ARULMOZHI K\.vscode\extensions\redhat.java-1.28.1-win32-x64\jre\17.0.10-win32-x86_64\bin\java.dll
Event: 0.293 Loaded shared library c:\Users\ARULMOZHI K\.vscode\extensions\redhat.java-1.28.1-win32-x64\jre\17.0.10-win32-x86_64\bin\zip.dll
Event: 0.301 Loaded shared library C:\Users\ARULMOZHI K\.vscode\extensions\redhat.java-1.28.1-win32-x64\jre\17.0.10-win32-x86_64\bin\instrument.dll
Event: 0.325 Loaded shared library C:\Users\ARULMOZHI K\.vscode\extensions\redhat.java-1.28.1-win32-x64\jre\17.0.10-win32-x86_64\bin\net.dll
Event: 0.331 Loaded shared library C:\Users\ARULMOZHI K\.vscode\extensions\redhat.java-1.28.1-win32-x64\jre\17.0.10-win32-x86_64\bin\nio.dll
Event: 0.344 Loaded shared library C:\Users\ARULMOZHI K\.vscode\extensions\redhat.java-1.28.1-win32-x64\jre\17.0.10-win32-x86_64\bin\zip.dll
Event: 0.422 Loaded shared library C:\Users\ARULMOZHI K\.vscode\extensions\redhat.java-1.28.1-win32-x64\jre\17.0.10-win32-x86_64\bin\jimage.dll
Event: 0.641 Loaded shared library c:\Users\ARULMOZHI K\.vscode\extensions\redhat.java-1.28.1-win32-x64\jre\17.0.10-win32-x86_64\bin\verify.dll
Event: 2.349 Loaded shared library C:\Users\ARULMOZHI K\AppData\Roaming\Code\User\globalStorage\redhat.java\1.28.1\config_win\org.eclipse.equinox.launcher\org.eclipse.equinox.launcher.win32.win32.x86_64_1.2.900.v20240129-1338\eclipse_11900.dll
Event: 4.812 Loaded shared library C:\Users\ARULMOZHI K\AppData\Local\Temp\jna--1806791588\jna1173118893065335139.dll

Deoptimization events (20 events):
Event: 521.199 Thread 0x0000014e556150b0 Uncommon trap: trap_request=0xffffffde fr.pc=0x0000014e43ea4d94 relative=0x0000000000001cb4
Event: 521.199 Thread 0x0000014e556150b0 Uncommon trap: reason=class_check action=maybe_recompile pc=0x0000014e43ea4d94 method=org.eclipse.jdt.internal.compiler.parser.Scanner.getNextToken()I @ 47 c2
Event: 521.199 Thread 0x0000014e556150b0 DEOPT PACKING pc=0x0000014e43ea4d94 sp=0x0000000e1d3fe230
Event: 521.199 Thread 0x0000014e556150b0 DEOPT UNPACKING pc=0x0000014e43319ea3 sp=0x0000000e1d3fe248 mode 2
Event: 521.199 Thread 0x0000014e556150b0 Uncommon trap: trap_request=0xffffffde fr.pc=0x0000014e43e8bf8c relative=0x000000000000082c
Event: 521.199 Thread 0x0000014e556150b0 Uncommon trap: reason=class_check action=maybe_recompile pc=0x0000014e43e8bf8c method=org.eclipse.jdt.internal.compiler.parser.Parser.pushIdentifier()V @ 5 c2
Event: 521.199 Thread 0x0000014e556150b0 DEOPT PACKING pc=0x0000014e43e8bf8c sp=0x0000000e1d3fe170
Event: 521.199 Thread 0x0000014e556150b0 DEOPT UNPACKING pc=0x0000014e43319ea3 sp=0x0000000e1d3fe168 mode 2
Event: 521.199 Thread 0x0000014e556150b0 Uncommon trap: trap_request=0xffffffde fr.pc=0x0000014e43e8bf8c relative=0x000000000000082c
Event: 521.199 Thread 0x0000014e556150b0 Uncommon trap: reason=class_check action=maybe_recompile pc=0x0000014e43e8bf8c method=org.eclipse.jdt.internal.compiler.parser.Parser.pushIdentifier()V @ 5 c2
Event: 521.199 Thread 0x0000014e556150b0 DEOPT PACKING pc=0x0000014e43e8bf8c sp=0x0000000e1d3fe170
Event: 521.199 Thread 0x0000014e556150b0 DEOPT UNPACKING pc=0x0000014e43319ea3 sp=0x0000000e1d3fe168 mode 2
Event: 521.199 Thread 0x0000014e556150b0 Uncommon trap: trap_request=0xffffffde fr.pc=0x0000014e43e8bf8c relative=0x000000000000082c
Event: 521.199 Thread 0x0000014e556150b0 Uncommon trap: reason=class_check action=maybe_recompile pc=0x0000014e43e8bf8c method=org.eclipse.jdt.internal.compiler.parser.Parser.pushIdentifier()V @ 5 c2
Event: 521.199 Thread 0x0000014e556150b0 DEOPT PACKING pc=0x0000014e43e8bf8c sp=0x0000000e1d3fe170
Event: 521.199 Thread 0x0000014e556150b0 DEOPT UNPACKING pc=0x0000014e43319ea3 sp=0x0000000e1d3fe168 mode 2
Event: 521.639 Thread 0x0000014e556150b0 Uncommon trap: trap_request=0xffffff45 fr.pc=0x0000014e4402d168 relative=0x0000000000000068
Event: 521.639 Thread 0x0000014e556150b0 Uncommon trap: reason=unstable_if action=reinterpret pc=0x0000014e4402d168 method=java.util.concurrent.CompletableFuture.isCancelled()Z @ 9 c2
Event: 521.639 Thread 0x0000014e556150b0 DEOPT PACKING pc=0x0000014e4402d168 sp=0x0000000e1d3fe960
Event: 521.639 Thread 0x0000014e556150b0 DEOPT UNPACKING pc=0x0000014e43319ea3 sp=0x0000000e1d3fe888 mode 2

Classes unloaded (11 events):
Event: 3.411 Thread 0x0000014e391aeb10 Unloading class 0x0000000100254400 'java/lang/invoke/LambdaForm$MH+0x0000000100254400'
Event: 3.411 Thread 0x0000014e391aeb10 Unloading class 0x0000000100254000 'java/lang/invoke/LambdaForm$MH+0x0000000100254000'
Event: 3.411 Thread 0x0000014e391aeb10 Unloading class 0x0000000100253c00 'java/lang/invoke/LambdaForm$MH+0x0000000100253c00'
Event: 3.411 Thread 0x0000014e391aeb10 Unloading class 0x0000000100253800 'java/lang/invoke/LambdaForm$MH+0x0000000100253800'
Event: 3.411 Thread 0x0000014e391aeb10 Unloading class 0x0000000100253400 'java/lang/invoke/LambdaForm$BMH+0x0000000100253400'
Event: 3.411 Thread 0x0000014e391aeb10 Unloading class 0x0000000100253000 'java/lang/invoke/LambdaForm$DMH+0x0000000100253000'
Event: 3.411 Thread 0x0000014e391aeb10 Unloading class 0x0000000100250400 'java/lang/invoke/LambdaForm$DMH+0x0000000100250400'
Event: 16.276 Thread 0x0000014e391aeb10 Unloading class 0x000000010074c400 'java/lang/invoke/LambdaForm$DMH+0x000000010074c400'
Event: 16.276 Thread 0x0000014e391aeb10 Unloading class 0x00000001006d5c00 'java/lang/invoke/LambdaForm$DMH+0x00000001006d5c00'
Event: 16.276 Thread 0x0000014e391aeb10 Unloading class 0x00000001006d5400 'java/lang/invoke/LambdaForm$DMH+0x00000001006d5400'
Event: 16.276 Thread 0x0000014e391aeb10 Unloading class 0x00000001006d5800 'java/lang/invoke/LambdaForm$DMH+0x00000001006d5800'

Classes redefined (0 events):
No events

Internal exceptions (20 events):
Event: 31.049 Thread 0x0000014e55610ee0 Exception <a 'sun/nio/fs/WindowsException'{0x00000000eaca59c8}> (0x00000000eaca59c8) 
thrown [s\src\hotspot\share\prims\jni.cpp, line 516]
Event: 31.054 Thread 0x0000014e55610ee0 Exception <a 'sun/nio/fs/WindowsException'{0x00000000eaca91f0}> (0x00000000eaca91f0) 
thrown [s\src\hotspot\share\prims\jni.cpp, line 516]
Event: 31.057 Thread 0x0000014e55610ee0 Exception <a 'sun/nio/fs/WindowsException'{0x00000000eacab128}> (0x00000000eacab128) 
thrown [s\src\hotspot\share\prims\jni.cpp, line 516]
Event: 31.062 Thread 0x0000014e55610ee0 Exception <a 'sun/nio/fs/WindowsException'{0x00000000eacad060}> (0x00000000eacad060) 
thrown [s\src\hotspot\share\prims\jni.cpp, line 516]
Event: 31.067 Thread 0x0000014e55610ee0 Exception <a 'sun/nio/fs/WindowsException'{0x00000000eacaef98}> (0x00000000eacaef98) 
thrown [s\src\hotspot\share\prims\jni.cpp, line 516]
Event: 31.072 Thread 0x0000014e55610ee0 Exception <a 'sun/nio/fs/WindowsException'{0x00000000eacb3050}> (0x00000000eacb3050) 
thrown [s\src\hotspot\share\prims\jni.cpp, line 516]
Event: 31.075 Thread 0x0000014e55610ee0 Exception <a 'sun/nio/fs/WindowsException'{0x00000000eacb4c68}> (0x00000000eacb4c68) 
thrown [s\src\hotspot\share\prims\jni.cpp, line 516]
Event: 31.079 Thread 0x0000014e55610ee0 Exception <a 'sun/nio/fs/WindowsException'{0x00000000eacb6840}> (0x00000000eacb6840) 
thrown [s\src\hotspot\share\prims\jni.cpp, line 516]
Event: 31.084 Thread 0x0000014e55610ee0 Exception <a 'sun/nio/fs/WindowsException'{0x00000000eacb8430}> (0x00000000eacb8430) 
thrown [s\src\hotspot\share\prims\jni.cpp, line 516]
Event: 31.088 Thread 0x0000014e55610ee0 Exception <a 'sun/nio/fs/WindowsException'{0x00000000eacbaca0}> (0x00000000eacbaca0) 
thrown [s\src\hotspot\share\prims\jni.cpp, line 516]
Event: 31.091 Thread 0x0000014e55610ee0 Exception <a 'sun/nio/fs/WindowsException'{0x00000000eacbc870}> (0x00000000eacbc870) 
thrown [s\src\hotspot\share\prims\jni.cpp, line 516]
Event: 31.102 Thread 0x0000014e55610ee0 Exception <a 'sun/nio/fs/WindowsException'{0x00000000eacbe460}> (0x00000000eacbe460) 
thrown [s\src\hotspot\share\prims\jni.cpp, line 516]
Event: 31.110 Thread 0x0000014e55610ee0 Exception <a 'sun/nio/fs/WindowsException'{0x00000000eacc0138}> (0x00000000eacc0138) 
thrown [s\src\hotspot\share\prims\jni.cpp, line 516]
Event: 31.116 Thread 0x0000014e55610ee0 Exception <a 'sun/nio/fs/WindowsException'{0x00000000eacc1d38}> (0x00000000eacc1d38) 
thrown [s\src\hotspot\share\prims\jni.cpp, line 516]
Event: 31.120 Thread 0x0000014e55610ee0 Exception <a 'sun/nio/fs/WindowsException'{0x00000000eacc7400}> (0x00000000eacc7400) 
thrown [s\src\hotspot\share\prims\jni.cpp, line 516]
Event: 53.741 Thread 0x0000014e55613250 Implicit null exception at 0x0000014e43e7b080 to 0x0000014e43e7d2e0
Event: 307.085 Thread 0x0000014e55610ee0 Implicit null exception at 0x0000014e43d6ce58 to 0x0000014e43d6d1d4
Event: 307.313 Thread 0x0000014e55610ee0 Exception <a 'java/lang/NoSuchMethodError'{0x00000000eabd4450}: static [J.<clinit>()V> (0x00000000eabd4450) 
thrown [s\src\hotspot\share\prims\jni.cpp, line 1107]
Event: 354.451 Thread 0x0000014e55613c70 Implicit null exception at 0x0000014e43e2795f to 0x0000014e43e27bbc
Event: 354.927 Thread 0x0000014e55613c70 Implicit null exception at 0x0000014e43f5af87 to 0x0000014e43f5b1ff

VM Operations (20 events):
Event: 521.175 Executing VM operation: HandshakeAllThreads
Event: 521.175 Executing VM operation: HandshakeAllThreads done
Event: 521.183 Executing VM operation: HandshakeAllThreads
Event: 521.183 Executing VM operation: HandshakeAllThreads done
Event: 521.186 Executing VM operation: HandshakeAllThreads
Event: 521.186 Executing VM operation: HandshakeAllThreads done
Event: 521.190 Executing VM operation: HandshakeAllThreads
Event: 521.190 Executing VM operation: HandshakeAllThreads done
Event: 521.368 Executing VM operation: ParallelGCFailedAllocation
Event: 521.374 Executing VM operation: ParallelGCFailedAllocation done
Event: 521.415 Executing VM operation: ParallelGCFailedAllocation
Event: 521.428 Executing VM operation: ParallelGCFailedAllocation done
Event: 521.473 Executing VM operation: ParallelGCFailedAllocation
Event: 521.475 Executing VM operation: ParallelGCFailedAllocation done
Event: 521.519 Executing VM operation: ParallelGCFailedAllocation
Event: 521.524 Executing VM operation: ParallelGCFailedAllocation done
Event: 521.556 Executing VM operation: ParallelGCFailedAllocation
Event: 521.559 Executing VM operation: ParallelGCFailedAllocation done
Event: 521.610 Executing VM operation: ParallelGCFailedAllocation
Event: 521.612 Executing VM operation: ParallelGCFailedAllocation done

Events (20 events):
Event: 307.187 loading class java/util/stream/Nodes$AbstractConcNode
Event: 307.187 loading class java/util/stream/Nodes$AbstractConcNode done
Event: 307.187 loading class java/util/stream/Nodes$ConcNode done
Event: 307.191 Thread 0x0000014e55612d40 Thread added: 0x0000014e55612d40
Event: 307.196 loading class java/util/stream/Nodes$ToArrayTask$OfRef
Event: 307.198 loading class java/util/stream/Nodes$ToArrayTask
Event: 307.199 loading class java/util/stream/Nodes$ToArrayTask done
Event: 307.199 loading class java/util/stream/Nodes$ToArrayTask$OfRef done
Event: 307.200 Thread 0x0000014e556155c0 Thread exited: 0x0000014e556155c0
Event: 307.200 Thread 0x0000014e55612d40 Thread exited: 0x0000014e55612d40
Event: 307.272 Thread 0x0000014e69857090 Thread added: 0x0000014e69857090
Event: 312.793 Thread 0x0000014e69857090 Thread exited: 0x0000014e69857090
Event: 353.952 Thread 0x0000014e556104c0 Thread exited: 0x0000014e556104c0
Event: 414.992 Thread 0x0000014e55613c70 Thread exited: 0x0000014e55613c70
Event: 475.002 Thread 0x0000014e55613760 Thread exited: 0x0000014e55613760
Event: 520.385 Thread 0x0000014e556150b0 Thread added: 0x0000014e556150b0
Event: 520.822 Thread 0x0000014e55616a00 Thread added: 0x0000014e55616a00
Event: 521.202 Thread 0x0000014e6985a060 Thread added: 0x0000014e6985a060
Event: 521.846 Thread 0x0000014e52301c70 flushing nmethod 0x0000014e3d492210
Event: 521.861 Thread 0x0000014e52301c70 flushing nmethod 0x0000014e3d640e10


Dynamic libraries:
0x00007ff64ab60000 - 0x00007ff64ab6e000 	c:\Users\ARULMOZHI K\.vscode\extensions\redhat.java-1.28.1-win32-x64\jre\17.0.10-win32-x86_64\bin\java.exe
0x00007ff846f50000 - 0x00007ff847148000 	C:\Windows\SYSTEM32\ntdll.dll
0x00007ff846cb0000 - 0x00007ff846d6d000 	C:\Windows\System32\KERNEL32.DLL
0x00007ff8447a0000 - 0x00007ff844a96000 	C:\Windows\System32\KERNELBASE.dll
0x00007ff844e90000 - 0x00007ff844f90000 	C:\Windows\System32\ucrtbase.dll
0x00007ff82f600000 - 0x00007ff82f617000 	c:\Users\ARULMOZHI K\.vscode\extensions\redhat.java-1.28.1-win32-x64\jre\17.0.10-win32-x86_64\bin\jli.dll
0x00007ff846690000 - 0x00007ff84682e000 	C:\Windows\System32\USER32.dll
0x00007ff844610000 - 0x00007ff844632000 	C:\Windows\System32\win32u.dll
0x00007ff846660000 - 0x00007ff84668b000 	C:\Windows\System32\GDI32.dll
0x00007ff844c10000 - 0x00007ff844d27000 	C:\Windows\System32\gdi32full.dll
0x00007ff844d60000 - 0x00007ff844dfd000 	C:\Windows\System32\msvcp_win.dll
0x00007ff828e10000 - 0x00007ff8290aa000 	C:\Windows\WinSxS\amd64_microsoft.windows.common-controls_6595b64144ccf1df_6.0.19041.3636_none_60b6a03d71f818d5\COMCTL32.dll
0x00007ff846330000 - 0x00007ff8463ce000 	C:\Windows\System32\msvcrt.dll
0x00007ff82ef50000 - 0x00007ff82ef6b000 	c:\Users\ARULMOZHI K\.vscode\extensions\redhat.java-1.28.1-win32-x64\jre\17.0.10-win32-x86_64\bin\VCRUNTIME140.dll
0x00007ff844f90000 - 0x00007ff844fc2000 	C:\Windows\System32\IMM32.DLL
0x00007ff840df0000 - 0x00007ff840dfc000 	c:\Users\ARULMOZHI K\.vscode\extensions\redhat.java-1.28.1-win32-x64\jre\17.0.10-win32-x86_64\bin\vcruntime140_1.dll
0x00007ff80b050000 - 0x00007ff80b0dd000 	c:\Users\ARULMOZHI K\.vscode\extensions\redhat.java-1.28.1-win32-x64\jre\17.0.10-win32-x86_64\bin\msvcp140.dll
0x00007ffff6ef0000 - 0x00007ffff7b52000 	c:\Users\ARULMOZHI K\.vscode\extensions\redhat.java-1.28.1-win32-x64\jre\17.0.10-win32-x86_64\bin\server\jvm.dll
0x00007ff846e50000 - 0x00007ff846f03000 	C:\Windows\System32\ADVAPI32.dll
0x00007ff8465c0000 - 0x00007ff84665f000 	C:\Windows\System32\sechost.dll
0x00007ff845160000 - 0x00007ff845286000 	C:\Windows\System32\RPCRT4.dll
0x00007ff844d30000 - 0x00007ff844d57000 	C:\Windows\System32\bcrypt.dll
0x00007ff843ff0000 - 0x00007ff84403b000 	C:\Windows\SYSTEM32\POWRPROF.dll
0x00007ff836940000 - 0x00007ff836949000 	C:\Windows\SYSTEM32\WSOCK32.dll
0x00007ff8461e0000 - 0x00007ff84624b000 	C:\Windows\System32\WS2_32.dll
0x00007ff8388b0000 - 0x00007ff8388ba000 	C:\Windows\SYSTEM32\VERSION.dll
0x00007ff828840000 - 0x00007ff828867000 	C:\Windows\SYSTEM32\WINMM.dll
0x00007ff843fd0000 - 0x00007ff843fe2000 	C:\Windows\SYSTEM32\UMPDC.dll
0x00007ff842e10000 - 0x00007ff842e22000 	C:\Windows\SYSTEM32\kernel.appcore.dll
0x00007ff836720000 - 0x00007ff83672a000 	c:\Users\ARULMOZHI K\.vscode\extensions\redhat.java-1.28.1-win32-x64\jre\17.0.10-win32-x86_64\bin\jimage.dll
0x00007ff842370000 - 0x00007ff842554000 	C:\Windows\SYSTEM32\DBGHELP.DLL
0x00007ff83a5c0000 - 0x00007ff83a5f4000 	C:\Windows\SYSTEM32\dbgcore.DLL
0x00007ff844e00000 - 0x00007ff844e82000 	C:\Windows\System32\bcryptPrimitives.dll
0x00007ff835200000 - 0x00007ff83520e000 	c:\Users\ARULMOZHI K\.vscode\extensions\redhat.java-1.28.1-win32-x64\jre\17.0.10-win32-x86_64\bin\instrument.dll
0x00007ff80fa40000 - 0x00007ff80fa65000 	c:\Users\ARULMOZHI K\.vscode\extensions\redhat.java-1.28.1-win32-x64\jre\17.0.10-win32-x86_64\bin\java.dll
0x00007ff82a370000 - 0x00007ff82a388000 	c:\Users\ARULMOZHI K\.vscode\extensions\redhat.java-1.28.1-win32-x64\jre\17.0.10-win32-x86_64\bin\zip.dll
0x00007ff8454f0000 - 0x00007ff845c35000 	C:\Windows\System32\SHELL32.dll
0x00007ff842660000 - 0x00007ff842dfc000 	C:\Windows\SYSTEM32\windows.storage.dll
0x00007ff846950000 - 0x00007ff846ca4000 	C:\Windows\System32\combase.dll
0x00007ff844040000 - 0x00007ff84406e000 	C:\Windows\SYSTEM32\Wldp.dll
0x00007ff846250000 - 0x00007ff84631d000 	C:\Windows\System32\OLEAUT32.dll
0x00007ff846440000 - 0x00007ff8464ed000 	C:\Windows\System32\SHCORE.dll
0x00007ff846560000 - 0x00007ff8465b5000 	C:\Windows\System32\shlwapi.dll
0x00007ff844540000 - 0x00007ff844565000 	C:\Windows\SYSTEM32\profapi.dll
0x00007ff818eb0000 - 0x00007ff818ec9000 	C:\Users\ARULMOZHI K\.vscode\extensions\redhat.java-1.28.1-win32-x64\jre\17.0.10-win32-x86_64\bin\net.dll
0x00007ff83f430000 - 0x00007ff83f53a000 	C:\Windows\SYSTEM32\WINHTTP.dll
0x00007ff843d30000 - 0x00007ff843d9a000 	C:\Windows\system32\mswsock.dll
0x00007ff816520000 - 0x00007ff816536000 	C:\Users\ARULMOZHI K\.vscode\extensions\redhat.java-1.28.1-win32-x64\jre\17.0.10-win32-x86_64\bin\nio.dll
0x00007ff82f470000 - 0x00007ff82f480000 	c:\Users\ARULMOZHI K\.vscode\extensions\redhat.java-1.28.1-win32-x64\jre\17.0.10-win32-x86_64\bin\verify.dll
0x00007ff82e130000 - 0x00007ff82e16e000 	C:\Users\ARULMOZHI K\AppData\Roaming\Code\User\globalStorage\redhat.java\1.28.1\config_win\org.eclipse.equinox.launcher\org.eclipse.equinox.launcher.win32.win32.x86_64_1.2.900.v20240129-1338\eclipse_11900.dll
0x00007ff845030000 - 0x00007ff84515b000 	C:\Windows\System32\ole32.dll
0x00007ff843f20000 - 0x00007ff843f38000 	C:\Windows\SYSTEM32\CRYPTSP.dll
0x00007ff843630000 - 0x00007ff843664000 	C:\Windows\system32\rsaenh.dll
0x00007ff8444c0000 - 0x00007ff8444ee000 	C:\Windows\SYSTEM32\USERENV.dll
0x00007ff843f40000 - 0x00007ff843f4c000 	C:\Windows\SYSTEM32\CRYPTBASE.dll
0x00007ff843a00000 - 0x00007ff843a3b000 	C:\Windows\SYSTEM32\IPHLPAPI.DLL
0x00007ff846430000 - 0x00007ff846438000 	C:\Windows\System32\NSI.dll
0x00007ff83bf50000 - 0x00007ff83bf67000 	C:\Windows\SYSTEM32\dhcpcsvc6.DLL
0x00007ff83cf20000 - 0x00007ff83cf3d000 	C:\Windows\SYSTEM32\dhcpcsvc.DLL
0x00007ff843a40000 - 0x00007ff843b0b000 	C:\Windows\SYSTEM32\DNSAPI.dll
0x00007ff80f3d0000 - 0x00007ff80f415000 	C:\Users\ARULMOZHI K\AppData\Local\Temp\jna--1806791588\jna1173118893065335139.dll
0x00007ff8464f0000 - 0x00007ff8464f8000 	C:\Windows\System32\PSAPI.DLL
0x00007ff843750000 - 0x00007ff843783000 	C:\Windows\SYSTEM32\ntmarta.dll

dbghelp: loaded successfully - version: 4.0.5 - missing functions: none
symbol engine: initialized successfully - sym options: 0x614 - pdb path: .;c:\Users\ARULMOZHI K\.vscode\extensions\redhat.java-1.28.1-win32-x64\jre\17.0.10-win32-x86_64\bin;C:\Windows\SYSTEM32;C:\Windows\WinSxS\amd64_microsoft.windows.common-controls_6595b64144ccf1df_6.0.19041.3636_none_60b6a03d71f818d5;c:\Users\ARULMOZHI K\.vscode\extensions\redhat.java-1.28.1-win32-x64\jre\17.0.10-win32-x86_64\bin\server;C:\Users\ARULMOZHI K\AppData\Roaming\Code\User\globalStorage\redhat.java\1.28.1\config_win\org.eclipse.equinox.launcher\org.eclipse.equinox.launcher.win32.win32.x86_64_1.2.900.v20240129-1338;C:\Users\ARULMOZHI K\AppData\Local\Temp\jna--1806791588

VM Arguments:
jvm_args: --add-modules=ALL-SYSTEM --add-opens=java.base/java.util=ALL-UNNAMED --add-opens=java.base/java.lang=ALL-UNNAMED --add-opens=java.base/sun.nio.fs=ALL-UNNAMED -Declipse.application=org.eclipse.jdt.ls.core.id1 -Dosgi.bundles.defaultStartLevel=4 -Declipse.product=org.eclipse.jdt.ls.core.product -Djava.import.generatesMetadataFilesAtProjectRoot=false -DDetectVMInstallationsJob.disabled=true -Dfile.encoding=utf8 -XX:+UseParallelGC -XX:GCTimeRatio=4 -XX:AdaptiveSizePolicyWeight=90 -Dsun.zip.disableMemoryMapping=true -Xmx1G -Xms100m -Xlog:disable -javaagent:c:\Users\ARULMOZHI K\.vscode\extensions\redhat.java-1.28.1-win32-x64\lombok\lombok-1.18.31.jar -XX:+HeapDumpOnOutOfMemoryError -XX:HeapDumpPath=c:\Users\ARULMOZHI K\AppData\Roaming\Code\User\workspaceStorage\03ca4ed1a0f60d76721e11c5ee7f916d\redhat.java -Daether.dependencyCollector.impl=bf 
java_command: c:\Users\ARULMOZHI K\.vscode\extensions\redhat.java-1.28.1-win32-x64\server\plugins\org.eclipse.equinox.launcher_1.6.700.v20231214-2017.jar -configuration c:\Users\ARULMOZHI K\AppData\Roaming\Code\User\globalStorage\redhat.java\1.28.1\config_win -data c:\Users\ARULMOZHI K\AppData\Roaming\Code\User\workspaceStorage\03ca4ed1a0f60d76721e11c5ee7f916d\redhat.java\jdt_ws --stdio
java_class_path (initial): c:\Users\ARULMOZHI K\.vscode\extensions\redhat.java-1.28.1-win32-x64\server\plugins\org.eclipse.equinox.launcher_1.6.700.v20231214-2017.jar
Launcher Type: SUN_STANDARD

[Global flags]
    uintx AdaptiveSizePolicyWeight                 = 90                                        {product} {command line}
     intx CICompilerCount                          = 4                                         {product} {ergonomic}
    uintx GCTimeRatio                              = 4                                         {product} {command line}
     bool HeapDumpOnOutOfMemoryError               = true                                   {manageable} {command line}
    ccstr HeapDumpPath                             = c:\Users\ARULMOZHI K\AppData\Roaming\Code\User\workspaceStorage\03ca4ed1a0f60d76721e11c5ee7f916d\redhat.java         {manageable} {command line}
   size_t InitialHeapSize                          = 104857600                                 {product} {command line}
   size_t MaxHeapSize                              = 1073741824                                {product} {command line}
   size_t MaxNewSize                               = 357564416                                 {product} {ergonomic}
   size_t MinHeapDeltaBytes                        = 524288                                    {product} {ergonomic}
   size_t MinHeapSize                              = 104857600                                 {product} {command line}
   size_t NewSize                                  = 34603008                                  {product} {ergonomic}
    uintx NonNMethodCodeHeapSize                   = 5839372                                {pd product} {ergonomic}
    uintx NonProfiledCodeHeapSize                  = 122909434                              {pd product} {ergonomic}
   size_t OldSize                                  = 70254592                                  {product} {ergonomic}
    uintx ProfiledCodeHeapSize                     = 122909434                              {pd product} {ergonomic}
    uintx ReservedCodeCacheSize                    = 251658240                              {pd product} {ergonomic}
     bool SegmentedCodeCache                       = true                                      {product} {ergonomic}
   size_t SoftMaxHeapSize                          = 1073741824                             {manageable} {ergonomic}
     bool UseCompressedClassPointers               = true                           {product lp64_product} {ergonomic}
     bool UseCompressedOops                        = true                           {product lp64_product} {ergonomic}
     bool UseLargePagesIndividualAllocation        = false                                  {pd product} {ergonomic}
     bool UseParallelGC                            = true                                      {product} {command line}

Logging:
Log output configuration:
 #0: stdout all=off uptime,level,tags
 #1: stderr all=off uptime,level,tags

Environment Variables:
PATH=C:\Python310\Scripts\;C:\Python310\;C:\Program Files\Common Files\Oracle\Java\javapath;C:\Windows\system32;C:\Windows;C:\Windows\System32\Wbem;C:\Windows\System32\WindowsPowerShell\v1.0\;C:\Windows\System32\OpenSSH\;C:\Program Files\MySQL\MySQL Server 8.0\bin;C:\Program Files\Java\jdk-11.0.16\bin;C:\ProgramData\chocolatey\bin;c:\Program Files (x86)\Microsoft SQL Server\90\Tools\binn\;C:\Program Files\Microsoft\Web Platform Installer\;C:\Program Files (x86)\Microsoft ASP.NET\ASP.NET Web Pages\v1.0\;C:\Program Files\Microsoft SQL Server\110\Tools\Binn\;C:\Program Files\Git\cmd;C:\Users\ARULMOZHI K\Downloads\apache-maven-3.8.7-bin\apache-maven-3.8.7\bin;C:\Program Files\Java\jdk-21\bin;C:\Program Files\Docker\Docker\resources\bin;C:\Users\ARULMOZHI K\AppData\Roaming\nvm;C:\Program Files\nodejs;C:\Program Files\MySQL\MySQL Shell 8.0\bin\;C:\Users\ARULMOZHI K\AppData\Local\Microsoft\WindowsApps;C:\Users\ARULMOZHI K\AppData\Local\Programs\Microsoft VS Code\bin;C:\MinGW\bin;C:\Program Files\Java\jdk-11.0.16\bin;C:\Program Files\MongoDB\Server\6.0\bin;C:\Users\ARULMOZHI K\Downloads\mongosh-1.6.1-win32-x64\mongosh-1.6.1-win32-x64\bin;C:\Users\ARULMOZHI K\Downloads\apache-maven-3.8.7-bin\apache-maven-3.8.7\bin;C:\Users\ARULMOZHI K\AppData\Local\Programs\mongosh\;C:\Users\ARULMOZHI K\AppData\Local\GitHubDesktop\bin;C:\Users\ARULMOZHI K\AppData\Roaming\nvm;C:\Program Files\nodejs
USERNAME=ARULMOZHI K
OS=Windows_NT
PROCESSOR_IDENTIFIER=Intel64 Family 6 Model 140 Stepping 1, GenuineIntel
TMP=C:\Users\ARULMO~1\AppData\Local\Temp
TEMP=C:\Users\ARULMO~1\AppData\Local\Temp



Periodic native trim disabled


---------------  S Y S T E M  ---------------

OS:
 Windows 10 , 64 bit Build 19041 (10.0.19041.3636)
OS uptime: 4 days 11:54 hours
Hyper-V role detected

CPU: total 8 (initial active 8) (4 cores per cpu, 2 threads per core) family 6 model 140 stepping 1 microcode 0x86, cx8, cmov, fxsr, ht, mmx, 3dnowpref, sse, sse2, sse3, ssse3, sse4.1, sse4.2, popcnt, lzcnt, tsc, tscinvbit, avx, avx2, aes, erms, clmul, bmi1, bmi2, adx, avx512f, avx512dq, avx512cd, avx512bw, avx512vl, sha, fma, vzeroupper, avx512_vpopcntdq, avx512_vpclmulqdq, avx512_vaes, avx512_vnni, clflush, clflushopt, clwb, avx512_vbmi2, avx512_vbmi, hv
Processor Information for all 8 processors :
  Max Mhz: 2419, Current Mhz: 2419, Mhz Limit: 2419

Memory: 4k page, system-wide physical 7885M (336M free)
TotalPageFile size 32461M (AvailPageFile size 0M)
current process WorkingSet (physical memory assigned to process): 201M, peak: 443M
current process commit charge ("private bytes"): 446M, peak: 485M

vm_info: OpenJDK 64-Bit Server VM (17.0.10+7) for windows-amd64 JRE (17.0.10+7), built on Jan 16 2024 23:25:11 by "admin" with MS VC++ 16.10 / 16.11 (VS2019)

END.
