#
# There is insufficient memory for the Java Runtime Environment to continue.
# Native memory allocation (mmap) failed to map 12582912 bytes for G1 virtual space
# Possible reasons:
#   The system is out of physical RAM or swap space
#   The process is running with CompressedOops enabled, and the Java Heap may be blocking the growth of the native heap
# Possible solutions:
#   Reduce memory load on the system
#   Increase physical memory or swap space
#   Check if swap backing store is full
#   Decrease Java heap size (-Xmx/-Xms)
#   Decrease number of Java threads
#   Decrease Java thread stack sizes (-Xss)
#   Set larger code cache with -XX:ReservedCodeCacheSize=
#   JVM is running with Unscaled Compressed Oops mode in which the Java heap is
#     placed in the first 4GB address space. The Java Heap base address is the
#     maximum limit for the native heap growth. Please use -XX:HeapBaseMinAddress
#     to set the Java Heap base and to place the Java Heap above 4GB virtual address.
# This output file may be truncated or incomplete.
#
#  Out of Memory Error (os_windows.cpp:3600), pid=11892, tid=8900
#
# JRE version: Java(TM) SE Runtime Environment (21.0.1+12) (build 21.0.1+12-LTS-29)
# Java VM: Java HotSpot(TM) 64-Bit Server VM (21.0.1+12-LTS-29, mixed mode, emulated-client, sharing, tiered, compressed oops, compressed class ptrs, g1 gc, windows-amd64)
# No core dump will be written. Minidumps are not enabled by default on client versions of Windows
#

---------------  S U M M A R Y ------------

Command Line: -XX:TieredStopAtLevel=1 Backend.JobWave.JobWaveApplication

Host: 11th Gen Intel(R) Core(TM) i5-1135G7 @ 2.40GHz, 8 cores, 7G,  Windows 10 , 64 bit Build 19041 (10.0.19041.3636)
Time: Tue Mar  5 12:24:41 2024 India Standard Time elapsed time: 8.520314 seconds (0d 0h 0m 8s)

---------------  T H R E A D  ---------------

Current thread (0x0000026c5bb581e0):  VMThread "VM Thread"          [id=8900, stack(0x000000c6ff800000,0x000000c6ff900000) (1024K)]

Stack: [0x000000c6ff800000,0x000000c6ff900000]
Native frames: (J=compiled Java code, j=interpreted, Vv=VM code, C=native code)
V  [jvm.dll+0x6c9029]
V  [jvm.dll+0x854b81]
V  [jvm.dll+0x856e5e]
V  [jvm.dll+0x857543]
V  [jvm.dll+0x280c06]
V  [jvm.dll+0x6c5715]
V  [jvm.dll+0x6ba10a]
V  [jvm.dll+0x3557ea]
V  [jvm.dll+0x35d436]
V  [jvm.dll+0x3ae1be]
V  [jvm.dll+0x3ae468]
V  [jvm.dll+0x3291fc]
V  [jvm.dll+0x329287]
V  [jvm.dll+0x36db3c]
V  [jvm.dll+0x36c33d]
V  [jvm.dll+0x328971]
V  [jvm.dll+0x36bd68]
V  [jvm.dll+0x85d048]
V  [jvm.dll+0x85e144]
V  [jvm.dll+0x85e680]
V  [jvm.dll+0x85e923]
V  [jvm.dll+0x7fd728]
V  [jvm.dll+0x6c777d]
C  [ucrtbase.dll+0x21bb2]
C  [KERNEL32.DLL+0x17344]
C  [ntdll.dll+0x526b1]

VM_Operation (0x000000c6802fe3a8): G1TryInitiateConcMark, mode: safepoint, requested by thread 0x0000026c600c98a0


---------------  P R O C E S S  ---------------

Threads class SMR info:
_java_thread_list=0x0000026c621a0bd0, length=34, elements={
0x0000026c5bb7a830, 0x0000026c5bb7b550, 0x0000026c5bb7c270, 0x0000026c5bb7de40,
0x0000026c5bb7f8b0, 0x0000026c5bb80590, 0x0000026c5bb8b010, 0x0000026c600aca00,
0x0000026c600c51d0, 0x0000026c600c98a0, 0x0000026c6011c1d0, 0x0000026c6011ecf0,
0x0000026c6193e330, 0x0000026c618baa30, 0x0000026c615c2020, 0x0000026c61a173d0,
0x0000026c61b18b40, 0x0000026c61b1ac10, 0x0000026c61b1b930, 0x0000026c61b1a580,
0x0000026c61b191d0, 0x0000026c61b19ef0, 0x0000026c61b1bfc0, 0x0000026c61b1b2a0,
0x0000026c61b19860, 0x0000026c621b0a30, 0x0000026c621b3820, 0x0000026c621b3eb0,
0x0000026c621b2470, 0x0000026c621afd10, 0x0000026c621b6610, 0x0000026c621b4540,
0x0000026c621b2b00, 0x0000026c621af680
}

Java Threads: ( => current thread )
  0x0000026c5bb7a830 JavaThread "Reference Handler"          daemon [_thread_blocked, id=21872, stack(0x000000c6ff900000,0x000000c6ffa00000) (1024K)]
  0x0000026c5bb7b550 JavaThread "Finalizer"                  daemon [_thread_blocked, id=18396, stack(0x000000c6ffa00000,0x000000c6ffb00000) (1024K)]
  0x0000026c5bb7c270 JavaThread "Signal Dispatcher"          daemon [_thread_blocked, id=13792, stack(0x000000c6ffb00000,0x000000c6ffc00000) (1024K)]
  0x0000026c5bb7de40 JavaThread "Attach Listener"            daemon [_thread_blocked, id=3772, stack(0x000000c6ffc00000,0x000000c6ffd00000) (1024K)]
  0x0000026c5bb7f8b0 JavaThread "Service Thread"             daemon [_thread_blocked, id=13216, stack(0x000000c6ffd00000,0x000000c6ffe00000) (1024K)]
  0x0000026c5bb80590 JavaThread "Monitor Deflation Thread"   daemon [_thread_blocked, id=2052, stack(0x000000c6ffe00000,0x000000c6fff00000) (1024K)]
  0x0000026c5bb8b010 JavaThread "C1 CompilerThread0"         daemon [_thread_blocked, id=9680, stack(0x000000c6fff00000,0x000000c700000000) (1024K)]
  0x0000026c600aca00 JavaThread "C1 CompilerThread1"         daemon [_thread_blocked, id=7692, stack(0x000000c680000000,0x000000c680100000) (1024K)]
  0x0000026c600c51d0 JavaThread "C1 CompilerThread2"         daemon [_thread_blocked, id=22784, stack(0x000000c680100000,0x000000c680200000) (1024K)]
  0x0000026c600c98a0 JavaThread "C1 CompilerThread3"         daemon [_thread_blocked, id=12096, stack(0x000000c680200000,0x000000c680300000) (1024K)]
  0x0000026c6011c1d0 JavaThread "Notification Thread"        daemon [_thread_blocked, id=20428, stack(0x000000c680300000,0x000000c680400000) (1024K)]
  0x0000026c6011ecf0 JavaThread "Common-Cleaner"             daemon [_thread_blocked, id=14284, stack(0x000000c680400000,0x000000c680500000) (1024K)]
  0x0000026c6193e330 JavaThread "BufferPoolPruner-1-thread-1" daemon [_thread_blocked, id=8096, stack(0x000000c680f00000,0x000000c681000000) (1024K)]
  0x0000026c618baa30 JavaThread "cluster-ClusterId{value='65e6c1ad983c3a2ed8094cb9', description='null'}-localhost:27017" daemon [_thread_in_native, id=22824, stack(0x000000c681000000,0x000000c681100000) (1024K)]
  0x0000026c615c2020 JavaThread "cluster-rtt-ClusterId{value='65e6c1ad983c3a2ed8094cb9', description='null'}-localhost:27017" daemon [_thread_blocked, id=4428, stack(0x000000c681100000,0x000000c681200000) (1024K)]
  0x0000026c61a173d0 JavaThread "MaintenanceTimer-2-thread-1" daemon [_thread_blocked, id=10336, stack(0x000000c681300000,0x000000c681400000) (1024K)]
  0x0000026c61b18b40 JavaThread "Catalina-utility-1"                [_thread_blocked, id=10156, stack(0x000000c681400000,0x000000c681500000) (1024K)]
  0x0000026c61b1ac10 JavaThread "Catalina-utility-2"                [_thread_blocked, id=21028, stack(0x000000c681500000,0x000000c681600000) (1024K)]
  0x0000026c61b1b930 JavaThread "container-0"                       [_thread_blocked, id=2492, stack(0x000000c681600000,0x000000c681700000) (1024K)]
  0x0000026c61b1a580 JavaThread "Live Reload Server"         daemon [_thread_in_native, id=22068, stack(0x000000c681800000,0x000000c681900000) (1024K)]
  0x0000026c61b191d0 JavaThread "File Watcher"               daemon [_thread_blocked, id=21460, stack(0x000000c681700000,0x000000c681800000) (1024K)]
  0x0000026c61b19ef0 JavaThread "http-nio-8080-exec-1"       daemon [_thread_blocked, id=21112, stack(0x000000c681900000,0x000000c681a00000) (1024K)]
  0x0000026c61b1bfc0 JavaThread "http-nio-8080-exec-2"       daemon [_thread_blocked, id=24448, stack(0x000000c681a00000,0x000000c681b00000) (1024K)]
  0x0000026c61b1b2a0 JavaThread "http-nio-8080-exec-3"       daemon [_thread_blocked, id=16576, stack(0x000000c681b00000,0x000000c681c00000) (1024K)]
  0x0000026c61b19860 JavaThread "http-nio-8080-exec-4"       daemon [_thread_blocked, id=14740, stack(0x000000c681c00000,0x000000c681d00000) (1024K)]
  0x0000026c621b0a30 JavaThread "http-nio-8080-exec-5"       daemon [_thread_blocked, id=4740, stack(0x000000c681d00000,0x000000c681e00000) (1024K)]
  0x0000026c621b3820 JavaThread "http-nio-8080-exec-6"       daemon [_thread_blocked, id=23476, stack(0x000000c681e00000,0x000000c681f00000) (1024K)]
  0x0000026c621b3eb0 JavaThread "http-nio-8080-exec-7"       daemon [_thread_blocked, id=22820, stack(0x000000c681f00000,0x000000c682000000) (1024K)]
  0x0000026c621b2470 JavaThread "http-nio-8080-exec-8"       daemon [_thread_blocked, id=2920, stack(0x000000c682000000,0x000000c682100000) (1024K)]
  0x0000026c621afd10 JavaThread "http-nio-8080-exec-9"       daemon [_thread_blocked, id=23388, stack(0x000000c682100000,0x000000c682200000) (1024K)]
  0x0000026c621b6610 JavaThread "http-nio-8080-exec-10"      daemon [_thread_blocked, id=13636, stack(0x000000c682200000,0x000000c682300000) (1024K)]
  0x0000026c621b4540 JavaThread "http-nio-8080-Poller"       daemon [_thread_in_native, id=22016, stack(0x000000c682300000,0x000000c682400000) (1024K)]
  0x0000026c621b2b00 JavaThread "http-nio-8080-Acceptor"     daemon [_thread_in_native, id=13060, stack(0x000000c682400000,0x000000c682500000) (1024K)]
  0x0000026c621af680 JavaThread "DestroyJavaVM"                     [_thread_blocked, id=21036, stack(0x000000c6ff100000,0x000000c6ff200000) (1024K)]
Total: 34

Other Threads:
=>0x0000026c5bb581e0 VMThread "VM Thread"                           [id=8900, stack(0x000000c6ff800000,0x000000c6ff900000) (1024K)]
  0x0000026c5bb425f0 WatcherThread "VM Periodic Task Thread"        [id=15304, stack(0x000000c6ff700000,0x000000c6ff800000) (1024K)]
  0x0000026c49589b90 WorkerThread "GC Thread#0"                     [id=15220, stack(0x000000c6ff200000,0x000000c6ff300000) (1024K)]
  0x0000026c60904480 WorkerThread "GC Thread#1"                     [id=18736, stack(0x000000c680700000,0x000000c680800000) (1024K)]
  0x0000026c60904820 WorkerThread "GC Thread#2"                     [id=6604, stack(0x000000c680800000,0x000000c680900000) (1024K)]
  0x0000026c60904bc0 WorkerThread "GC Thread#3"                     [id=21576, stack(0x000000c680900000,0x000000c680a00000) (1024K)]
  0x0000026c60904f60 WorkerThread "GC Thread#4"                     [id=5080, stack(0x000000c680a00000,0x000000c680b00000) (1024K)]
  0x0000026c60905300 WorkerThread "GC Thread#5"                     [id=13068, stack(0x000000c680b00000,0x000000c680c00000) (1024K)]
  0x0000026c60caf6d0 WorkerThread "GC Thread#6"                     [id=20508, stack(0x000000c680d00000,0x000000c680e00000) (1024K)]
  0x0000026c60cb4cb0 WorkerThread "GC Thread#7"                     [id=23348, stack(0x000000c680e00000,0x000000c680f00000) (1024K)]
  0x0000026c4959abb0 ConcurrentGCThread "G1 Main Marker"            [id=22080, stack(0x000000c6ff300000,0x000000c6ff400000) (1024K)]
  0x0000026c4959b6b0 WorkerThread "G1 Conc#0"                       [id=23792, stack(0x000000c6ff400000,0x000000c6ff500000) (1024K)]
  0x0000026c61207680 WorkerThread "G1 Conc#1"                       [id=9332, stack(0x000000c680c00000,0x000000c680d00000) (1024K)]
  0x0000026c495fda30 ConcurrentGCThread "G1 Refine#0"               [id=15208, stack(0x000000c6ff500000,0x000000c6ff600000) (1024K)]
  0x0000026c495fe4b0 ConcurrentGCThread "G1 Service"                [id=14080, stack(0x000000c6ff600000,0x000000c6ff700000) (1024K)]
Total: 15

Threads with active compile tasks:
C1 CompilerThread0     8571 7205       1       org.springframework.web.servlet.HandlerExecutionChain::addInterceptor (12 bytes)
C1 CompilerThread1     8572 7206       1       org.springframework.web.servlet.handler.AbstractHandlerMethodMapping$MappingRegistry::getCorsConfiguration (27 bytes)
C1 CompilerThread2     8572 7203       1       org.springframework.web.util.pattern.PathPattern$MatchingContext::set (73 bytes)
C1 CompilerThread3     8572 7204       1       org.springframework.web.servlet.mvc.method.RequestMappingInfo::getProducesCondition (5 bytes)
Total: 4

VM state: at safepoint (normal execution)

VM Mutex/Monitor currently owned by a thread:  ([mutex/lock_event])
[0x00007fffe706a5f8] Threads_lock - owner thread: 0x0000026c5bb581e0
[0x00007fffe706a6f8] Heap_lock - owner thread: 0x0000026c600c98a0

Heap address: 0x0000000084c00000, size: 1972 MB, Compressed Oops mode: 32-bit

CDS archive(s) mapped at: [0x0000026c00000000-0x0000026c00c90000-0x0000026c00c90000), size 13172736, SharedBaseAddress: 0x0000026c00000000, ArchiveRelocationMode: 1.
Compressed class space mapped at: 0x0000026c01000000-0x0000026c41000000, reserved size: 1073741824
Narrow klass base: 0x0000026c00000000, Narrow klass shift: 0, Narrow klass range: 0x100000000

GC Precious Log:
 CardTable entry size: 512
 Card Set container configuration: InlinePtr #cards 5 size 8 Array Of Cards #cards 12 size 40 Howl #buckets 4 coarsen threshold 1843 Howl Bitmap #cards 512 size 80 coarsen threshold 460 Card regions per heap region 1 cards per card region 2048
 CPUs: 8 total, 8 available
 Memory: 7885M
 Large Page Support: Disabled
 NUMA Support: Disabled
 Compressed Oops: Enabled (32-bit)
 Heap Region Size: 1M
 Heap Min Capacity: 8M
 Heap Initial Capacity: 124M
 Heap Max Capacity: 1972M
 Pre-touch: Disabled
 Parallel Workers: 8
 Concurrent Workers: 2
 Concurrent Refinement Workers: 8
 Periodic GC: Disabled

Heap:
 garbage-first heap   total 58368K, used 25344K [0x0000000084c00000, 0x0000000100000000)
  region size 1024K, 2 young (2048K), 2 survivors (2048K)
 Metaspace       used 42438K, committed 43136K, reserved 1114112K
  class space    used 6031K, committed 6336K, reserved 1048576K

Heap Regions: E=young(eden), S=young(survivor), O=old, HS=humongous(starts), HC=humongous(continues), CS=collection set, F=free, TAMS=top-at-mark-start, PB=parsable bottom
|   0|0x0000000084c00000, 0x0000000084d00000, 0x0000000084d00000|100%| O|  |TAMS 0x0000000084d00000| PB 0x0000000084c00000| Untracked 
|   1|0x0000000084d00000, 0x0000000084e00000, 0x0000000084e00000|100%| O|  |TAMS 0x0000000084e00000| PB 0x0000000084d00000| Untracked 
|   2|0x0000000084e00000, 0x0000000084f00000, 0x0000000084f00000|100%| O|  |TAMS 0x0000000084f00000| PB 0x0000000084e00000| Untracked 
|   3|0x0000000084f00000, 0x0000000085000000, 0x0000000085000000|100%| O|  |TAMS 0x0000000085000000| PB 0x0000000084f00000| Untracked 
|   4|0x0000000085000000, 0x0000000085100000, 0x0000000085100000|100%| O|  |TAMS 0x0000000085100000| PB 0x0000000085000000| Untracked 
|   5|0x0000000085100000, 0x0000000085200000, 0x0000000085200000|100%| O|  |TAMS 0x0000000085200000| PB 0x0000000085100000| Untracked 
|   6|0x0000000085200000, 0x0000000085300000, 0x0000000085300000|100%| O|  |TAMS 0x0000000085300000| PB 0x0000000085200000| Untracked 
|   7|0x0000000085300000, 0x0000000085400000, 0x0000000085400000|100%| O|  |TAMS 0x0000000085400000| PB 0x0000000085300000| Untracked 
|   8|0x0000000085400000, 0x0000000085500000, 0x0000000085500000|100%| O|  |TAMS 0x0000000085500000| PB 0x0000000085400000| Untracked 
|   9|0x0000000085500000, 0x0000000085600000, 0x0000000085600000|100%| O|  |TAMS 0x0000000085600000| PB 0x0000000085500000| Untracked 
|  10|0x0000000085600000, 0x0000000085700000, 0x0000000085700000|100%| O|  |TAMS 0x0000000085700000| PB 0x0000000085600000| Untracked 
|  11|0x0000000085700000, 0x0000000085800000, 0x0000000085800000|100%| O|  |TAMS 0x0000000085800000| PB 0x0000000085700000| Untracked 
|  12|0x0000000085800000, 0x0000000085900000, 0x0000000085900000|100%| O|  |TAMS 0x0000000085900000| PB 0x0000000085800000| Untracked 
|  13|0x0000000085900000, 0x0000000085a00000, 0x0000000085a00000|100%| O|  |TAMS 0x0000000085a00000| PB 0x0000000085900000| Untracked 
|  14|0x0000000085a00000, 0x0000000085b00000, 0x0000000085b00000|100%| O|  |TAMS 0x0000000085b00000| PB 0x0000000085a00000| Untracked 
|  15|0x0000000085b00000, 0x0000000085c00000, 0x0000000085c00000|100%| O|  |TAMS 0x0000000085c00000| PB 0x0000000085b00000| Untracked 
|  16|0x0000000085c00000, 0x0000000085d00000, 0x0000000085d00000|100%| O|  |TAMS 0x0000000085d00000| PB 0x0000000085c00000| Untracked 
|  17|0x0000000085d00000, 0x0000000085e00000, 0x0000000085e00000|100%| O|  |TAMS 0x0000000085e00000| PB 0x0000000085d00000| Untracked 
|  18|0x0000000085e00000, 0x0000000085f00000, 0x0000000085f00000|100%| O|  |TAMS 0x0000000085f00000| PB 0x0000000085e00000| Untracked 
|  19|0x0000000085f00000, 0x0000000086000000, 0x0000000086000000|100%| O|  |TAMS 0x0000000086000000| PB 0x0000000085f00000| Untracked 
|  20|0x0000000086000000, 0x0000000086100000, 0x0000000086100000|100%| O|  |TAMS 0x0000000086100000| PB 0x0000000086000000| Untracked 
|  21|0x0000000086100000, 0x0000000086200000, 0x0000000086200000|100%| O|  |TAMS 0x0000000086100000| PB 0x0000000086100000| Untracked 
|  22|0x0000000086200000, 0x0000000086300000, 0x0000000086300000|100%| O|  |TAMS 0x0000000086200000| PB 0x0000000086200000| Untracked 
|  23|0x0000000086300000, 0x0000000086300000, 0x0000000086400000|  0%| F|  |TAMS 0x0000000086300000| PB 0x0000000086300000| Untracked 
|  24|0x0000000086400000, 0x0000000086400000, 0x0000000086500000|  0%| F|  |TAMS 0x0000000086400000| PB 0x0000000086400000| Untracked 
|  25|0x0000000086500000, 0x0000000086500000, 0x0000000086600000|  0%| F|  |TAMS 0x0000000086500000| PB 0x0000000086500000| Untracked 
|  26|0x0000000086600000, 0x0000000086600000, 0x0000000086700000|  0%| F|  |TAMS 0x0000000086600000| PB 0x0000000086600000| Untracked 
|  27|0x0000000086700000, 0x0000000086700000, 0x0000000086800000|  0%| F|  |TAMS 0x0000000086700000| PB 0x0000000086700000| Untracked 
|  28|0x0000000086800000, 0x0000000086800000, 0x0000000086900000|  0%| F|  |TAMS 0x0000000086800000| PB 0x0000000086800000| Untracked 
|  29|0x0000000086900000, 0x0000000086900000, 0x0000000086a00000|  0%| F|  |TAMS 0x0000000086900000| PB 0x0000000086900000| Untracked 
|  30|0x0000000086a00000, 0x0000000086a00000, 0x0000000086b00000|  0%| F|  |TAMS 0x0000000086a00000| PB 0x0000000086a00000| Untracked 
|  31|0x0000000086b00000, 0x0000000086b00000, 0x0000000086c00000|  0%| F|  |TAMS 0x0000000086b00000| PB 0x0000000086b00000| Untracked 
|  32|0x0000000086c00000, 0x0000000086cc0378, 0x0000000086d00000| 75%| S|CS|TAMS 0x0000000086c00000| PB 0x0000000086c00000| Complete 
|  33|0x0000000086d00000, 0x0000000086e00000, 0x0000000086e00000|100%| S|CS|TAMS 0x0000000086d00000| PB 0x0000000086d00000| Complete 
|  34|0x0000000086e00000, 0x0000000086e00000, 0x0000000086f00000|  0%| F|  |TAMS 0x0000000086e00000| PB 0x0000000086e00000| Untracked 
|  35|0x0000000086f00000, 0x0000000086f00000, 0x0000000087000000|  0%| F|  |TAMS 0x0000000086f00000| PB 0x0000000086f00000| Untracked 
|  36|0x0000000087000000, 0x0000000087000000, 0x0000000087100000|  0%| F|  |TAMS 0x0000000087000000| PB 0x0000000087000000| Untracked 
|  37|0x0000000087100000, 0x0000000087100000, 0x0000000087200000|  0%| F|  |TAMS 0x0000000087100000| PB 0x0000000087100000| Untracked 
|  38|0x0000000087200000, 0x0000000087200000, 0x0000000087300000|  0%| F|  |TAMS 0x0000000087200000| PB 0x0000000087200000| Untracked 
|  39|0x0000000087300000, 0x0000000087300000, 0x0000000087400000|  0%| F|  |TAMS 0x0000000087300000| PB 0x0000000087300000| Untracked 
|  40|0x0000000087400000, 0x0000000087400000, 0x0000000087500000|  0%| F|  |TAMS 0x0000000087400000| PB 0x0000000087400000| Untracked 
|  41|0x0000000087500000, 0x0000000087500000, 0x0000000087600000|  0%| F|  |TAMS 0x0000000087500000| PB 0x0000000087500000| Untracked 
|  42|0x0000000087600000, 0x0000000087600000, 0x0000000087700000|  0%| F|  |TAMS 0x0000000087600000| PB 0x0000000087600000| Untracked 
|  43|0x0000000087700000, 0x0000000087700000, 0x0000000087800000|  0%| F|  |TAMS 0x0000000087700000| PB 0x0000000087700000| Untracked 
|  44|0x0000000087800000, 0x0000000087800000, 0x0000000087900000|  0%| F|  |TAMS 0x0000000087800000| PB 0x0000000087800000| Untracked 
|  45|0x0000000087900000, 0x0000000087900000, 0x0000000087a00000|  0%| F|  |TAMS 0x0000000087900000| PB 0x0000000087900000| Untracked 
|  46|0x0000000087a00000, 0x0000000087a00000, 0x0000000087b00000|  0%| F|  |TAMS 0x0000000087a00000| PB 0x0000000087a00000| Untracked 
|  47|0x0000000087b00000, 0x0000000087b00000, 0x0000000087c00000|  0%| F|  |TAMS 0x0000000087b00000| PB 0x0000000087b00000| Untracked 
|  48|0x0000000087c00000, 0x0000000087c00000, 0x0000000087d00000|  0%| F|  |TAMS 0x0000000087c00000| PB 0x0000000087c00000| Untracked 
|  82|0x0000000089e00000, 0x0000000089e00000, 0x0000000089f00000|  0%| F|  |TAMS 0x0000000089e00000| PB 0x0000000089e00000| Untracked 
|  83|0x0000000089f00000, 0x0000000089f00000, 0x000000008a000000|  0%| F|  |TAMS 0x0000000089f00000| PB 0x0000000089f00000| Untracked 
|  84|0x000000008a000000, 0x000000008a000000, 0x000000008a100000|  0%| F|  |TAMS 0x000000008a000000| PB 0x000000008a000000| Untracked 
|  85|0x000000008a100000, 0x000000008a100000, 0x000000008a200000|  0%| F|  |TAMS 0x000000008a100000| PB 0x000000008a100000| Untracked 
|  86|0x000000008a200000, 0x000000008a200000, 0x000000008a300000|  0%| F|  |TAMS 0x000000008a200000| PB 0x000000008a200000| Untracked 
|  87|0x000000008a300000, 0x000000008a300000, 0x000000008a400000|  0%| F|  |TAMS 0x000000008a300000| PB 0x000000008a300000| Untracked 
|  91|0x000000008a700000, 0x000000008a700000, 0x000000008a800000|  0%| F|  |TAMS 0x000000008a700000| PB 0x000000008a700000| Untracked 
| 123|0x000000008c700000, 0x000000008c700000, 0x000000008c800000|  0%| F|  |TAMS 0x000000008c700000| PB 0x000000008c700000| Untracked 

Card table byte_map: [0x0000026c56e20000,0x0000026c57200000] _byte_map_base: 0x0000026c569fa000

Marking Bits: (CMBitMap*) 0x0000026c4958aaa0
 Bits: [0x0000026c57200000, 0x0000026c590d0000)

Polling page: 0x0000026c49600000

Metaspace:

Usage:
  Non-class:     35.55 MB used.
      Class:      5.89 MB used.
       Both:     41.44 MB used.

Virtual space:
  Non-class space:       64.00 MB reserved,      35.94 MB ( 56%) committed,  1 nodes.
      Class space:        1.00 GB reserved,       6.19 MB ( <1%) committed,  1 nodes.
             Both:        1.06 GB reserved,      42.12 MB (  4%) committed. 

Chunk freelists:
   Non-Class:  11.94 MB
       Class:  9.79 MB
        Both:  21.72 MB

MaxMetaspaceSize: unlimited
CompressedClassSpaceSize: 1.00 GB
Initial GC threshold: 21.00 MB
Current GC threshold: 46.69 MB
CDS: on
 - commit_granule_bytes: 65536.
 - commit_granule_words: 8192.
 - virtual_space_node_default_size: 8388608.
 - enlarge_chunks_in_place: 1.
 - use_allocation_guard: 0.


Internal statistics:

num_allocs_failed_limit: 3.
num_arena_births: 878.
num_arena_deaths: 0.
num_vsnodes_births: 2.
num_vsnodes_deaths: 0.
num_space_committed: 674.
num_space_uncommitted: 0.
num_chunks_returned_to_freelist: 3.
num_chunks_taken_from_freelist: 2538.
num_chunk_merges: 0.
num_chunk_splits: 1716.
num_chunks_enlarged: 1233.
num_inconsistent_stats: 0.

CodeCache: size=49152Kb used=14478Kb max_used=14478Kb free=34673Kb
 bounds [0x0000026c531c0000, 0x0000026c53ff0000, 0x0000026c561c0000]
 total_blobs=7770 nmethods=7161 adapters=529
 compilation: enabled
              stopped_count=0, restarted_count=0
 full_count=0

Compilation events (20 events):
Event: 8.505 Thread 0x0000026c5bb8b010 nmethod 7194 0x0000026c53fe1b10 code [0x0000026c53fe1ca0, 0x0000026c53fe1d70]
Event: 8.505 Thread 0x0000026c600c51d0 nmethod 7195 0x0000026c53fe1e10 code [0x0000026c53fe1fa0, 0x0000026c53fe20b8]
Event: 8.505 Thread 0x0000026c600c51d0 7196       1       org.apache.tomcat.util.buf.CharChunk::toStringInternal (25 bytes)
Event: 8.506 Thread 0x0000026c600c51d0 nmethod 7196 0x0000026c53fe2110 code [0x0000026c53fe22c0, 0x0000026c53fe24a0]
Event: 8.506 Thread 0x0000026c600c51d0 7197       1       jakarta.servlet.http.HttpServletRequestWrapper::<init> (6 bytes)
Event: 8.506 Thread 0x0000026c600c98a0 7198       1       org.apache.catalina.connector.Request::isSecure (5 bytes)
Event: 8.506 Thread 0x0000026c600aca00 7199       1       org.springframework.web.servlet.handler.AbstractHandlerMapping::getDefaultHandler (5 bytes)
Event: 8.506 Thread 0x0000026c5bb8b010 7200       1       org.springframework.http.server.DefaultPathContainer::value (5 bytes)
Event: 8.506 Thread 0x0000026c600c98a0 nmethod 7198 0x0000026c53fe2610 code [0x0000026c53fe27a0, 0x0000026c53fe2870]
Event: 8.506 Thread 0x0000026c600aca00 nmethod 7199 0x0000026c53fe2910 code [0x0000026c53fe2aa0, 0x0000026c53fe2b68]
Event: 8.506 Thread 0x0000026c600c98a0 7201       1       org.springframework.web.servlet.handler.AbstractHandlerMethodMapping$Match::getHandlerMethod (8 bytes)
Event: 8.506 Thread 0x0000026c600aca00 7202       1       org.springframework.util.UnmodifiableMultiValueMap::isEmpty (10 bytes)
Event: 8.506 Thread 0x0000026c5bb8b010 nmethod 7200 0x0000026c53fe2c10 code [0x0000026c53fe2da0, 0x0000026c53fe2e68]
Event: 8.506 Thread 0x0000026c600c51d0 nmethod 7197 0x0000026c53fe2f10 code [0x0000026c53fe30e0, 0x0000026c53fe3310]
Event: 8.506 Thread 0x0000026c600c51d0 7203       1       org.springframework.web.util.pattern.PathPattern$MatchingContext::set (73 bytes)
Event: 8.506 Thread 0x0000026c600c98a0 nmethod 7201 0x0000026c53fe3410 code [0x0000026c53fe35a0, 0x0000026c53fe3670]
Event: 8.506 Thread 0x0000026c600c98a0 7204       1       org.springframework.web.servlet.mvc.method.RequestMappingInfo::getProducesCondition (5 bytes)
Event: 8.506 Thread 0x0000026c5bb8b010 7205       1       org.springframework.web.servlet.HandlerExecutionChain::addInterceptor (12 bytes)
Event: 8.506 Thread 0x0000026c600aca00 nmethod 7202 0x0000026c53fe3710 code [0x0000026c53fe38c0, 0x0000026c53fe39b8]
Event: 8.506 Thread 0x0000026c600aca00 7206       1       org.springframework.web.servlet.handler.AbstractHandlerMethodMapping$MappingRegistry::getCorsConfiguration (27 bytes)

GC Heap History (20 events):
Event: 2.450 GC heap after
{Heap after GC invocations=3 (full 0):
 garbage-first heap   total 126976K, used 11679K [0x0000000084c00000, 0x0000000100000000)
  region size 1024K, 7 young (7168K), 7 survivors (7168K)
 Metaspace       used 16718K, committed 17088K, reserved 1114112K
  class space    used 2252K, committed 2432K, reserved 1048576K
}
Event: 3.030 GC heap before
{Heap before GC invocations=4 (full 0):
 garbage-first heap   total 48128K, used 33183K [0x0000000084c00000, 0x0000000100000000)
  region size 1024K, 28 young (28672K), 7 survivors (7168K)
 Metaspace       used 19054K, committed 19392K, reserved 1114112K
  class space    used 2583K, committed 2752K, reserved 1048576K
}
Event: 3.037 GC heap after
{Heap after GC invocations=5 (full 0):
 garbage-first heap   total 48128K, used 12984K [0x0000000084c00000, 0x0000000100000000)
  region size 1024K, 2 young (2048K), 2 survivors (2048K)
 Metaspace       used 19054K, committed 19392K, reserved 1114112K
  class space    used 2583K, committed 2752K, reserved 1048576K
}
Event: 3.786 GC heap before
{Heap before GC invocations=5 (full 0):
 garbage-first heap   total 48128K, used 36536K [0x0000000084c00000, 0x0000000100000000)
  region size 1024K, 25 young (25600K), 2 survivors (2048K)
 Metaspace       used 22805K, committed 23296K, reserved 1114112K
  class space    used 3175K, committed 3392K, reserved 1048576K
}
Event: 3.791 GC heap after
{Heap after GC invocations=6 (full 0):
 garbage-first heap   total 48128K, used 15176K [0x0000000084c00000, 0x0000000100000000)
  region size 1024K, 4 young (4096K), 4 survivors (4096K)
 Metaspace       used 22805K, committed 23296K, reserved 1114112K
  class space    used 3175K, committed 3392K, reserved 1048576K
}
Event: 4.492 GC heap before
{Heap before GC invocations=6 (full 0):
 garbage-first heap   total 48128K, used 37704K [0x0000000084c00000, 0x0000000100000000)
  region size 1024K, 26 young (26624K), 4 survivors (4096K)
 Metaspace       used 26800K, committed 27392K, reserved 1114112K
  class space    used 3702K, committed 3968K, reserved 1048576K
}
Event: 4.502 GC heap after
{Heap after GC invocations=7 (full 0):
 garbage-first heap   total 48128K, used 16795K [0x0000000084c00000, 0x0000000100000000)
  region size 1024K, 2 young (2048K), 2 survivors (2048K)
 Metaspace       used 26800K, committed 27392K, reserved 1114112K
  class space    used 3702K, committed 3968K, reserved 1048576K
}
Event: 4.609 GC heap before
{Heap before GC invocations=7 (full 0):
 garbage-first heap   total 48128K, used 18843K [0x0000000084c00000, 0x0000000100000000)
  region size 1024K, 6 young (6144K), 2 survivors (2048K)
 Metaspace       used 27996K, committed 28480K, reserved 1114112K
  class space    used 3860K, committed 4096K, reserved 1048576K
}
Event: 4.612 GC heap after
{Heap after GC invocations=8 (full 0):
 garbage-first heap   total 48128K, used 16815K [0x0000000084c00000, 0x0000000100000000)
  region size 1024K, 2 young (2048K), 2 survivors (2048K)
 Metaspace       used 27996K, committed 28480K, reserved 1114112K
  class space    used 3860K, committed 4096K, reserved 1048576K
}
Event: 5.116 GC heap before
{Heap before GC invocations=9 (full 0):
 garbage-first heap   total 48128K, used 40367K [0x0000000084c00000, 0x0000000100000000)
  region size 1024K, 25 young (25600K), 2 survivors (2048K)
 Metaspace       used 31373K, committed 31936K, reserved 1114112K
  class space    used 4423K, committed 4672K, reserved 1048576K
}
Event: 5.123 GC heap after
{Heap after GC invocations=10 (full 0):
 garbage-first heap   total 58368K, used 19114K [0x0000000084c00000, 0x0000000100000000)
  region size 1024K, 4 young (4096K), 4 survivors (4096K)
 Metaspace       used 31373K, committed 31936K, reserved 1114112K
  class space    used 4423K, committed 4672K, reserved 1048576K
}
Event: 5.684 GC heap before
{Heap before GC invocations=10 (full 0):
 garbage-first heap   total 58368K, used 49834K [0x0000000084c00000, 0x0000000100000000)
  region size 1024K, 34 young (34816K), 4 survivors (4096K)
 Metaspace       used 33407K, committed 33984K, reserved 1114112K
  class space    used 4721K, committed 4992K, reserved 1048576K
}
Event: 5.692 GC heap after
{Heap after GC invocations=11 (full 0):
 garbage-first heap   total 58368K, used 20146K [0x0000000084c00000, 0x0000000100000000)
  region size 1024K, 5 young (5120K), 5 survivors (5120K)
 Metaspace       used 33407K, committed 33984K, reserved 1114112K
  class space    used 4721K, committed 4992K, reserved 1048576K
}
Event: 6.218 GC heap before
{Heap before GC invocations=11 (full 0):
 garbage-first heap   total 58368K, used 47794K [0x0000000084c00000, 0x0000000100000000)
  region size 1024K, 32 young (32768K), 5 survivors (5120K)
 Metaspace       used 35136K, committed 35712K, reserved 1114112K
  class space    used 4963K, committed 5248K, reserved 1048576K
}
Event: 6.223 GC heap after
{Heap after GC invocations=12 (full 0):
 garbage-first heap   total 58368K, used 21479K [0x0000000084c00000, 0x0000000100000000)
  region size 1024K, 3 young (3072K), 3 survivors (3072K)
 Metaspace       used 35136K, committed 35712K, reserved 1114112K
  class space    used 4963K, committed 5248K, reserved 1048576K
}
Event: 7.013 GC heap before
{Heap before GC invocations=12 (full 0):
 garbage-first heap   total 58368K, used 50151K [0x0000000084c00000, 0x0000000100000000)
  region size 1024K, 31 young (31744K), 3 survivors (3072K)
 Metaspace       used 38452K, committed 39104K, reserved 1114112K
  class space    used 5446K, committed 5760K, reserved 1048576K
}
Event: 7.020 GC heap after
{Heap after GC invocations=13 (full 0):
 garbage-first heap   total 58368K, used 23660K [0x0000000084c00000, 0x0000000100000000)
  region size 1024K, 4 young (4096K), 4 survivors (4096K)
 Metaspace       used 38452K, committed 39104K, reserved 1114112K
  class space    used 5446K, committed 5760K, reserved 1048576K
}
Event: 7.640 GC heap before
{Heap before GC invocations=13 (full 0):
 garbage-first heap   total 58368K, used 48236K [0x0000000084c00000, 0x0000000100000000)
  region size 1024K, 29 young (29696K), 4 survivors (4096K)
 Metaspace       used 42417K, committed 43072K, reserved 1114112K
  class space    used 6026K, committed 6336K, reserved 1048576K
}
Event: 7.648 GC heap after
{Heap after GC invocations=14 (full 0):
 garbage-first heap   total 58368K, used 25260K [0x0000000084c00000, 0x0000000100000000)
  region size 1024K, 4 young (4096K), 4 survivors (4096K)
 Metaspace       used 42417K, committed 43072K, reserved 1114112K
  class space    used 6026K, committed 6336K, reserved 1048576K
}
Event: 8.506 GC heap before
{Heap before GC invocations=14 (full 0):
 garbage-first heap   total 58368K, used 46764K [0x0000000084c00000, 0x0000000100000000)
  region size 1024K, 27 young (27648K), 4 survivors (4096K)
 Metaspace       used 42438K, committed 43136K, reserved 1114112K
  class space    used 6031K, committed 6336K, reserved 1048576K
}

Dll operation events (10 events):
Event: 0.009 Loaded shared library C:\Program Files\Java\jdk-21\bin\java.dll
Event: 0.097 Loaded shared library C:\Program Files\Java\jdk-21\bin\net.dll
Event: 0.100 Loaded shared library C:\Program Files\Java\jdk-21\bin\nio.dll
Event: 0.105 Loaded shared library C:\Program Files\Java\jdk-21\bin\zip.dll
Event: 0.222 Loaded shared library C:\Program Files\Java\jdk-21\bin\jimage.dll
Event: 0.589 Loaded shared library C:\Program Files\Java\jdk-21\bin\management.dll
Event: 0.592 Loaded shared library C:\Program Files\Java\jdk-21\bin\management_ext.dll
Event: 1.723 Loaded shared library C:\Program Files\Java\jdk-21\bin\sunmscapi.dll
Event: 4.616 Loaded shared library C:\Program Files\Java\jdk-21\bin\extnet.dll
Event: 7.262 Loaded shared library C:\Program Files\Java\jdk-21\bin\verify.dll

Deoptimization events (16 events):
Event: 1.364 Thread 0x0000026c60881a60 DEOPT PACKING pc=0x0000026c53782379 sp=0x000000c6806fcd00
Event: 1.364 Thread 0x0000026c60881a60 DEOPT UNPACKING pc=0x0000026c532188e2 sp=0x000000c6806fc1e0 mode 3
Event: 1.592 Thread 0x0000026c60881a60 DEOPT PACKING pc=0x0000026c537dd45d sp=0x000000c6806fd310
Event: 1.592 Thread 0x0000026c60881a60 DEOPT UNPACKING pc=0x0000026c532188e2 sp=0x000000c6806fc7b8 mode 3
Event: 1.892 Thread 0x0000026c60881a60 DEOPT PACKING pc=0x0000026c5382411d sp=0x000000c6806fda30
Event: 1.892 Thread 0x0000026c60881a60 DEOPT UNPACKING pc=0x0000026c532188e2 sp=0x000000c6806fcf98 mode 3
Event: 3.453 Thread 0x0000026c60881a60 DEOPT PACKING pc=0x0000026c5392e294 sp=0x000000c6806fcb30
Event: 3.453 Thread 0x0000026c60881a60 DEOPT UNPACKING pc=0x0000026c532188e2 sp=0x000000c6806fbfe8 mode 0
Event: 4.612 Thread 0x0000026c6011ecf0 DEOPT PACKING pc=0x0000026c537a5d1c sp=0x000000c6804ff380
Event: 4.612 Thread 0x0000026c6011ecf0 DEOPT UNPACKING pc=0x0000026c532188e2 sp=0x000000c6804fe8c8 mode 0
Event: 4.803 Thread 0x0000026c60881a60 DEOPT PACKING pc=0x0000026c53afc82c sp=0x000000c6806f85e0
Event: 4.803 Thread 0x0000026c60881a60 DEOPT UNPACKING pc=0x0000026c532188e2 sp=0x000000c6806f7b38 mode 0
Event: 5.434 Thread 0x0000026c60881a60 DEOPT PACKING pc=0x0000026c53a080f9 sp=0x000000c6806fd360
Event: 5.434 Thread 0x0000026c60881a60 DEOPT UNPACKING pc=0x0000026c532188e2 sp=0x000000c6806fc840 mode 3
Event: 7.561 Thread 0x0000026c621b6610 DEOPT PACKING pc=0x0000026c53d976c6 sp=0x000000c6822fb620
Event: 7.561 Thread 0x0000026c621b6610 DEOPT UNPACKING pc=0x0000026c532188e2 sp=0x000000c6822fab28 mode 3

Classes loaded (20 events):
Event: 7.129 Loading class javax/crypto/MacSpi
Event: 7.129 Loading class javax/crypto/MacSpi done
Event: 7.129 Loading class com/sun/crypto/provider/HmacCore done
Event: 7.129 Loading class com/sun/crypto/provider/HmacCore$HmacSHA256 done
Event: 7.157 Loading class java/util/TreeMap$KeySpliterator
Event: 7.157 Loading class java/util/TreeMap$KeySpliterator done
Event: 7.164 Loading class java/util/AbstractMap$SimpleEntry
Event: 7.164 Loading class java/util/AbstractMap$SimpleEntry done
Event: 7.346 Loading class java/util/OptionalLong
Event: 7.347 Loading class java/util/OptionalLong done
Event: 7.347 Loading class java/util/OptionalDouble
Event: 7.347 Loading class java/util/OptionalDouble done
Event: 7.349 Loading class java/util/stream/LongStream
Event: 7.350 Loading class java/util/stream/LongStream done
Event: 7.350 Loading class java/util/stream/DoubleStream
Event: 7.351 Loading class java/util/stream/DoubleStream done
Event: 7.369 Loading class org/w3c/dom/Node
Event: 7.369 Loading class org/w3c/dom/Node done
Event: 7.369 Loading class org/w3c/dom/Document
Event: 7.369 Loading class org/w3c/dom/Document done

Classes unloaded (0 events):
No events

Classes redefined (0 events):
No events

Internal exceptions (20 events):
Event: 5.604 Thread 0x0000026c60881a60 Exception <a 'java/io/FileNotFoundException'{0x00000000873813d8}> (0x00000000873813d8) 
thrown [s\open\src\hotspot\share\prims\jni.cpp, line 520]
Event: 5.605 Thread 0x0000026c60881a60 Exception <a 'java/io/FileNotFoundException'{0x000000008738bc38}> (0x000000008738bc38) 
thrown [s\open\src\hotspot\share\prims\jni.cpp, line 520]
Event: 5.866 Thread 0x0000026c60881a60 Exception <a 'java/lang/NoSuchMethodError'{0x0000000087501500}: 'java.lang.Object java.lang.invoke.DirectMethodHandle$Holder.newInvokeSpecial(java.lang.Object, java.lang.Object, java.lang.Object, java.lang.Object, java.lang.Object, java.lang.Object, java.lang.Object, java.lang.Object)'> (0x0000000087501500) 
thrown [s\open\src\hotspot\share\interpreter\linkResolver.cpp, line 773]
Event: 6.304 Thread 0x0000026c60881a60 Exception <a 'java/lang/IncompatibleClassChangeError'{0x000000008a1cd870}: Found class java.lang.Object, but interface was expected> (0x000000008a1cd870) 
thrown [s\open\src\hotspot\share\interpreter\linkResolver.cpp, line 840]
Event: 6.557 Thread 0x0000026c60881a60 Exception <a 'java/lang/NoSuchMethodError'{0x00000000878fec28}: 'void java.lang.invoke.DirectMethodHandle$Holder.invokeVirtual(java.lang.Object, java.lang.Object, long)'> (0x00000000878fec28) 
thrown [s\open\src\hotspot\share\interpreter\linkResolver.cpp, line 773]
Event: 6.702 Thread 0x0000026c60881a60 Exception <a 'java/lang/NoSuchMethodError'{0x000000008733bbc8}: 'int java.lang.invoke.DirectMethodHandle$Holder.invokeStaticInit(java.lang.Object, java.lang.Object, java.lang.Object, java.lang.Object)'> (0x000000008733bbc8) 
thrown [s\open\src\hotspot\share\interpreter\linkResolver.cpp, line 773]
Event: 6.812 Thread 0x0000026c60881a60 Exception <a 'java/lang/NoSuchMethodError'{0x0000000086fb5e70}: 'java.lang.Object java.lang.invoke.DirectMethodHandle$Holder.newInvokeSpecial(java.lang.Object, java.lang.Object, int, java.lang.Object, java.lang.Object)'> (0x0000000086fb5e70) 
thrown [s\open\src\hotspot\share\interpreter\linkResolver.cpp, line 773]
Event: 6.814 Thread 0x0000026c60881a60 Exception <a 'java/lang/NoSuchMethodError'{0x0000000086fc0d20}: 'java.lang.Object java.lang.invoke.DirectMethodHandle$Holder.invokeSpecial(java.lang.Object, java.lang.Object, int, java.lang.Object, int, java.lang.Object)'> (0x0000000086fc0d20) 
thrown [s\open\src\hotspot\share\interpreter\linkResolver.cpp, line 773]
Event: 6.815 Thread 0x0000026c60881a60 Exception <a 'java/lang/NoSuchMethodError'{0x0000000086fc8180}: 'java.lang.Object java.lang.invoke.DirectMethodHandle$Holder.newInvokeSpecial(java.lang.Object, java.lang.Object, int, java.lang.Object, int)'> (0x0000000086fc8180) 
thrown [s\open\src\hotspot\share\interpreter\linkResolver.cpp, line 773]
Event: 6.815 Thread 0x0000026c60881a60 Exception <a 'java/lang/NoSuchMethodError'{0x0000000086fcbff0}: 'java.lang.Object java.lang.invoke.DirectMethodHandle$Holder.invokeSpecial(java.lang.Object, java.lang.Object, java.lang.Object, int, java.lang.Object, int)'> (0x0000000086fcbff0) 
thrown [s\open\src\hotspot\share\interpreter\linkResolver.cpp, line 773]
Event: 6.945 Thread 0x0000026c61b1bfc0 Exception <a 'java/lang/NoSuchMethodError'{0x0000000086bde5f0}: 'java.lang.Object java.lang.invoke.DirectMethodHandle$Holder.invokeSpecial(java.lang.Object, java.lang.Object, java.lang.Object, java.lang.Object, java.lang.Object, long)'> (0x0000000086bde5f0) 
thrown [s\open\src\hotspot\share\interpreter\linkResolver.cpp, line 773]
Event: 6.945 Thread 0x0000026c61b1bfc0 Exception <a 'java/lang/NoSuchMethodError'{0x0000000086be1db0}: 'java.lang.Object java.lang.invoke.Invokers$Holder.linkToTargetMethod(java.lang.Object, java.lang.Object, java.lang.Object, long, java.lang.Object)'> (0x0000000086be1db0) 
thrown [s\open\src\hotspot\share\interpreter\linkResolver.cpp, line 773]
Event: 7.189 Thread 0x0000026c61b1bfc0 Exception <a 'java/lang/NoSuchMethodError'{0x0000000089f9a1e8}: 'java.lang.Object java.lang.invoke.DirectMethodHandle$Holder.invokeInterface(java.lang.Object, java.lang.Object, int)'> (0x0000000089f9a1e8) 
thrown [s\open\src\hotspot\share\interpreter\linkResolver.cpp, line 773]
Event: 7.189 Thread 0x0000026c61b19ef0 Exception <a 'java/lang/NoSuchMethodError'{0x0000000089f59810}: 'java.lang.Object java.lang.invoke.DirectMethodHandle$Holder.invokeInterface(java.lang.Object, java.lang.Object, int)'> (0x0000000089f59810) 
thrown [s\open\src\hotspot\share\interpreter\linkResolver.cpp, line 773]
Event: 7.264 Thread 0x0000026c61b1bfc0 Exception <a 'java/lang/NoSuchMethodError'{0x0000000087bbbc88}: 'void java.lang.invoke.Invokers$Holder.invoke_MT(java.lang.Object, java.lang.Object, java.lang.Object, java.lang.Object)'> (0x0000000087bbbc88) 
thrown [s\open\src\hotspot\share\interpreter\linkResolver.cpp, line 773]
Event: 7.264 Thread 0x0000026c61b19ef0 Exception <a 'java/lang/NoSuchMethodError'{0x0000000087b516a0}: 'void java.lang.invoke.Invokers$Holder.invoke_MT(java.lang.Object, java.lang.Object, java.lang.Object, java.lang.Object)'> (0x0000000087b516a0) 
thrown [s\open\src\hotspot\share\interpreter\linkResolver.cpp, line 773]
Event: 7.267 Thread 0x0000026c61b1bfc0 Exception <a 'java/lang/NoSuchMethodError'{0x0000000087bf18d0}: 'java.lang.Object java.lang.invoke.DirectMethodHandle$Holder.invokeInterface(java.lang.Object, java.lang.Object, java.lang.Object, java.lang.Object)'> (0x0000000087bf18d0) 
thrown [s\open\src\hotspot\share\interpreter\linkResolver.cpp, line 773]
Event: 7.267 Thread 0x0000026c61b19ef0 Exception <a 'java/lang/NoSuchMethodError'{0x0000000087be3448}: 'java.lang.Object java.lang.invoke.DirectMethodHandle$Holder.invokeInterface(java.lang.Object, java.lang.Object, java.lang.Object, java.lang.Object)'> (0x0000000087be3448) 
thrown [s\open\src\hotspot\share\interpreter\linkResolver.cpp, line 773]
Event: 7.267 Thread 0x0000026c61b1bfc0 Exception <a 'java/lang/IncompatibleClassChangeError'{0x0000000087bf52e0}: Found class java.lang.Object, but interface was expected> (0x0000000087bf52e0) 
thrown [s\open\src\hotspot\share\interpreter\linkResolver.cpp, line 840]
Event: 7.267 Thread 0x0000026c61b19ef0 Exception <a 'java/lang/IncompatibleClassChangeError'{0x0000000087be6e30}: Found class java.lang.Object, but interface was expected> (0x0000000087be6e30) 
thrown [s\open\src\hotspot\share\interpreter\linkResolver.cpp, line 840]

ZGC Phase Switch (0 events):
No events

VM Operations (20 events):
Event: 6.965 Executing VM operation: HandshakeAllThreads (Deoptimize) done
Event: 7.013 Executing VM operation: G1CollectForAllocation (G1 Evacuation Pause)
Event: 7.020 Executing VM operation: G1CollectForAllocation (G1 Evacuation Pause) done
Event: 7.122 Executing VM operation: HandshakeAllThreads (Deoptimize)
Event: 7.122 Executing VM operation: HandshakeAllThreads (Deoptimize) done
Event: 7.272 Executing VM operation: HandshakeAllThreads (Deoptimize)
Event: 7.272 Executing VM operation: HandshakeAllThreads (Deoptimize) done
Event: 7.289 Executing VM operation: HandshakeAllThreads (Deoptimize)
Event: 7.289 Executing VM operation: HandshakeAllThreads (Deoptimize) done
Event: 7.321 Executing VM operation: HandshakeAllThreads (Deoptimize)
Event: 7.322 Executing VM operation: HandshakeAllThreads (Deoptimize) done
Event: 7.342 Executing VM operation: HandshakeAllThreads (Deoptimize)
Event: 7.342 Executing VM operation: HandshakeAllThreads (Deoptimize) done
Event: 7.531 Executing VM operation: ICBufferFull
Event: 7.531 Executing VM operation: ICBufferFull done
Event: 7.640 Executing VM operation: G1CollectForAllocation (G1 Evacuation Pause)
Event: 7.648 Executing VM operation: G1CollectForAllocation (G1 Evacuation Pause) done
Event: 8.267 Executing VM operation: ICBufferFull
Event: 8.268 Executing VM operation: ICBufferFull done
Event: 8.506 Executing VM operation: G1TryInitiateConcMark (CodeCache GC Threshold)

Events (20 events):
Event: 5.337 Thread 0x0000026c61b19860 Thread added: 0x0000026c61b19860
Event: 5.338 Thread 0x0000026c61b19860 Thread exited: 0x0000026c61b19860
Event: 5.338 Thread 0x0000026c61b1a580 Thread added: 0x0000026c61b1a580
Event: 6.801 Thread 0x0000026c61b191d0 Thread added: 0x0000026c61b191d0
Event: 6.826 Thread 0x0000026c61b19ef0 Thread added: 0x0000026c61b19ef0
Event: 6.826 Thread 0x0000026c61b1bfc0 Thread added: 0x0000026c61b1bfc0
Event: 6.826 Thread 0x0000026c61b1b2a0 Thread added: 0x0000026c61b1b2a0
Event: 6.826 Thread 0x0000026c61b19860 Thread added: 0x0000026c61b19860
Event: 6.826 Thread 0x0000026c621b0a30 Thread added: 0x0000026c621b0a30
Event: 6.826 Thread 0x0000026c621b3820 Thread added: 0x0000026c621b3820
Event: 6.826 Thread 0x0000026c621b3eb0 Thread added: 0x0000026c621b3eb0
Event: 6.826 Thread 0x0000026c621b2470 Thread added: 0x0000026c621b2470
Event: 6.826 Thread 0x0000026c621afd10 Thread added: 0x0000026c621afd10
Event: 6.826 Thread 0x0000026c621b6610 Thread added: 0x0000026c621b6610
Event: 6.848 Thread 0x0000026c621b4540 Thread added: 0x0000026c621b4540
Event: 6.851 Thread 0x0000026c621b2b00 Thread added: 0x0000026c621b2b00
Event: 6.873 Thread 0x0000026c60881a60 Thread exited: 0x0000026c60881a60
Event: 6.878 Thread 0x0000026c6087db70 Thread exited: 0x0000026c6087db70
Event: 6.878 Thread 0x0000026c49533f70 Thread exited: 0x0000026c49533f70
Event: 6.878 Thread 0x0000026c621af680 Thread added: 0x0000026c621af680


Dynamic libraries:
0x00007ff74ad10000 - 0x00007ff74ad20000 	C:\Program Files\Java\jdk-21\bin\java.exe
0x00007ff846f50000 - 0x00007ff847148000 	C:\Windows\SYSTEM32\ntdll.dll
0x00007ff846cb0000 - 0x00007ff846d6d000 	C:\Windows\System32\KERNEL32.DLL
0x00007ff8447a0000 - 0x00007ff844a96000 	C:\Windows\System32\KERNELBASE.dll
0x00007ff844e90000 - 0x00007ff844f90000 	C:\Windows\System32\ucrtbase.dll
0x00007ff8352a0000 - 0x00007ff8352bb000 	C:\Program Files\Java\jdk-21\bin\VCRUNTIME140.dll
0x00007ff835440000 - 0x00007ff835459000 	C:\Program Files\Java\jdk-21\bin\jli.dll
0x00007ff846e50000 - 0x00007ff846f03000 	C:\Windows\System32\ADVAPI32.dll
0x00007ff846330000 - 0x00007ff8463ce000 	C:\Windows\System32\msvcrt.dll
0x00007ff8465c0000 - 0x00007ff84665f000 	C:\Windows\System32\sechost.dll
0x00007ff845160000 - 0x00007ff845286000 	C:\Windows\System32\RPCRT4.dll
0x00007ff844d30000 - 0x00007ff844d57000 	C:\Windows\System32\bcrypt.dll
0x00007ff846690000 - 0x00007ff84682e000 	C:\Windows\System32\USER32.dll
0x00007ff844610000 - 0x00007ff844632000 	C:\Windows\System32\win32u.dll
0x00007ff828e10000 - 0x00007ff8290aa000 	C:\Windows\WinSxS\amd64_microsoft.windows.common-controls_6595b64144ccf1df_6.0.19041.3636_none_60b6a03d71f818d5\COMCTL32.dll
0x00007ff846660000 - 0x00007ff84668b000 	C:\Windows\System32\GDI32.dll
0x00007ff844c10000 - 0x00007ff844d27000 	C:\Windows\System32\gdi32full.dll
0x00007ff844d60000 - 0x00007ff844dfd000 	C:\Windows\System32\msvcp_win.dll
0x00007ff8388b0000 - 0x00007ff8388ba000 	C:\Windows\SYSTEM32\VERSION.dll
0x00007ff844f90000 - 0x00007ff844fc2000 	C:\Windows\System32\IMM32.DLL
0x00007ff835930000 - 0x00007ff83593c000 	C:\Program Files\Java\jdk-21\bin\vcruntime140_1.dll
0x00007ff814d50000 - 0x00007ff814dde000 	C:\Program Files\Java\jdk-21\bin\msvcp140.dll
0x00007fffe6430000 - 0x00007fffe7145000 	C:\Program Files\Java\jdk-21\bin\server\jvm.dll
0x00007ff8461e0000 - 0x00007ff84624b000 	C:\Windows\System32\WS2_32.dll
0x00007ff843ff0000 - 0x00007ff84403b000 	C:\Windows\SYSTEM32\POWRPROF.dll
0x00007ff828840000 - 0x00007ff828867000 	C:\Windows\SYSTEM32\WINMM.dll
0x00007ff843fd0000 - 0x00007ff843fe2000 	C:\Windows\SYSTEM32\UMPDC.dll
0x00007ff842e10000 - 0x00007ff842e22000 	C:\Windows\SYSTEM32\kernel.appcore.dll
0x00007ff835290000 - 0x00007ff83529a000 	C:\Program Files\Java\jdk-21\bin\jimage.dll
0x00007ff842370000 - 0x00007ff842554000 	C:\Windows\SYSTEM32\DBGHELP.DLL
0x00007ff83a5c0000 - 0x00007ff83a5f4000 	C:\Windows\SYSTEM32\dbgcore.DLL
0x00007ff844e00000 - 0x00007ff844e82000 	C:\Windows\System32\bcryptPrimitives.dll
0x00007ff831690000 - 0x00007ff8316af000 	C:\Program Files\Java\jdk-21\bin\java.dll
0x00007ff8454f0000 - 0x00007ff845c35000 	C:\Windows\System32\SHELL32.dll
0x00007ff842660000 - 0x00007ff842dfc000 	C:\Windows\SYSTEM32\windows.storage.dll
0x00007ff846950000 - 0x00007ff846ca4000 	C:\Windows\System32\combase.dll
0x00007ff844040000 - 0x00007ff84406e000 	C:\Windows\SYSTEM32\Wldp.dll
0x00007ff846250000 - 0x00007ff84631d000 	C:\Windows\System32\OLEAUT32.dll
0x00007ff846440000 - 0x00007ff8464ed000 	C:\Windows\System32\SHCORE.dll
0x00007ff846560000 - 0x00007ff8465b5000 	C:\Windows\System32\shlwapi.dll
0x00007ff844540000 - 0x00007ff844565000 	C:\Windows\SYSTEM32\profapi.dll
0x00007ff835200000 - 0x00007ff835210000 	C:\Program Files\Java\jdk-21\bin\net.dll
0x00007ff83f430000 - 0x00007ff83f53a000 	C:\Windows\SYSTEM32\WINHTTP.dll
0x00007ff843d30000 - 0x00007ff843d9a000 	C:\Windows\system32\mswsock.dll
0x00007ff82e020000 - 0x00007ff82e036000 	C:\Program Files\Java\jdk-21\bin\nio.dll
0x00007ff82d6d0000 - 0x00007ff82d6e8000 	C:\Program Files\Java\jdk-21\bin\zip.dll
0x00007ff8314c0000 - 0x00007ff8314ca000 	C:\Program Files\Java\jdk-21\bin\management.dll
0x00007ff82f470000 - 0x00007ff82f47b000 	C:\Program Files\Java\jdk-21\bin\management_ext.dll
0x00007ff8464f0000 - 0x00007ff8464f8000 	C:\Windows\System32\PSAPI.DLL
0x00007ff8316d0000 - 0x00007ff8316de000 	C:\Program Files\Java\jdk-21\bin\sunmscapi.dll
0x00007ff844640000 - 0x00007ff84479d000 	C:\Windows\System32\CRYPT32.dll
0x00007ff8440b0000 - 0x00007ff8440d8000 	C:\Windows\SYSTEM32\ncrypt.dll
0x00007ff844070000 - 0x00007ff8440ab000 	C:\Windows\SYSTEM32\NTASN1.dll
0x00007ff843f20000 - 0x00007ff843f38000 	C:\Windows\SYSTEM32\CRYPTSP.dll
0x00007ff843630000 - 0x00007ff843664000 	C:\Windows\system32\rsaenh.dll
0x00007ff8444c0000 - 0x00007ff8444ee000 	C:\Windows\SYSTEM32\USERENV.dll
0x00007ff843f40000 - 0x00007ff843f4c000 	C:\Windows\SYSTEM32\CRYPTBASE.dll
0x00007ff843a00000 - 0x00007ff843a3b000 	C:\Windows\SYSTEM32\IPHLPAPI.DLL
0x00007ff846430000 - 0x00007ff846438000 	C:\Windows\System32\NSI.dll
0x00007ff843a40000 - 0x00007ff843b0b000 	C:\Windows\SYSTEM32\DNSAPI.dll
0x00007ff83b810000 - 0x00007ff83b81a000 	C:\Windows\System32\rasadhlp.dll
0x00007ff83a540000 - 0x00007ff83a5c0000 	C:\Windows\System32\fwpuclnt.dll
0x00007ff8316c0000 - 0x00007ff8316c7000 	C:\Program Files\Java\jdk-21\bin\extnet.dll
0x00007ff8316b0000 - 0x00007ff8316b7000 	C:\Windows\system32\wshunix.dll
0x00007ff831680000 - 0x00007ff831690000 	C:\Program Files\Java\jdk-21\bin\verify.dll

dbghelp: loaded successfully - version: 4.0.5 - missing functions: none
symbol engine: initialized successfully - sym options: 0x614 - pdb path: .;C:\Program Files\Java\jdk-21\bin;C:\Windows\SYSTEM32;C:\Windows\WinSxS\amd64_microsoft.windows.common-controls_6595b64144ccf1df_6.0.19041.3636_none_60b6a03d71f818d5;C:\Program Files\Java\jdk-21\bin\server

VM Arguments:
jvm_args: -XX:TieredStopAtLevel=1 
java_command: Backend.JobWave.JobWaveApplication
java_class_path (initial): C:\Users\ARULMOZHI K\OneDrive\Documents\Intern\JobWave-Application\Backend\target\classes;C:\Users\ARULMOZHI K\.m2\repository\ch\qos\logback\logback-classic\1.4.14\logback-classic-1.4.14.jar;C:\Users\ARULMOZHI K\.m2\repository\ch\qos\logback\logback-core\1.4.14\logback-core-1.4.14.jar;C:\Users\ARULMOZHI K\.m2\repository\org\apache\logging\log4j\log4j-to-slf4j\2.21.1\log4j-to-slf4j-2.21.1.jar;C:\Users\ARULMOZHI K\.m2\repository\org\apache\logging\log4j\log4j-api\2.21.1\log4j-api-2.21.1.jar;C:\Users\ARULMOZHI K\.m2\repository\org\slf4j\jul-to-slf4j\2.0.9\jul-to-slf4j-2.0.9.jar;C:\Users\ARULMOZHI K\.m2\repository\jakarta\annotation\jakarta.annotation-api\2.1.1\jakarta.annotation-api-2.1.1.jar;C:\Users\ARULMOZHI K\.m2\repository\org\yaml\snakeyaml\2.2\snakeyaml-2.2.jar;C:\Users\ARULMOZHI K\.m2\repository\org\mongodb\mongodb-driver-sync\4.11.1\mongodb-driver-sync-4.11.1.jar;C:\Users\ARULMOZHI K\.m2\repository\org\mongodb\bson\4.11.1\bson-4.11.1.jar;C:\Users\ARULMOZHI K\.m2\repository\org\mongodb\mongodb-driver-core\4.11.1\mongodb-driver-core-4.11.1.jar;C:\Users\ARULMOZHI K\.m2\repository\org\mongodb\bson-record-codec\4.11.1\bson-record-codec-4.11.1.jar;C:\Users\ARULMOZHI K\.m2\repository\org\springframework\data\spring-data-mongodb\4.2.1\spring-data-mongodb-4.2.1.jar;C:\Users\ARULMOZHI K\.m2\repository\org\springframework\spring-tx\6.1.2\spring-tx-6.1.2.jar;C:\Users\ARULMOZHI K\.m2\repository\org\springframework\spring-context\6.1.2\spring-context-6.1.2.jar;C:\Users\ARULMOZHI K\.m2\repository\org\springframework\spring-beans\6.1.2\spring-beans-6.1.2.jar;C:\Users\ARULMOZHI K\.m2\repository\org\springframework\spring-expression\6.1.2\spring-expression-6.1.2.jar;C:\Users\ARULMOZHI K\.m2\repository\org\springframework\data\spring-data-commons\3.2.1\spring-data-commons-3.2.1.jar;C:\Users\ARULMOZHI K\.m2\repository\org\slf4j\slf4j-api\2.0.9\slf4j-api-2.0.9.jar;C:\Users\ARULMOZHI K\.m2\repository\org\springframework\spring-context-support\6.1.2\spring-context-support-6.1.2.jar;C:\Users\ARULMOZHI K\.m2\repository\org\eclipse\angus\jakarta.mail\2.0.2\jakarta.mail-2.0.2.jar;C:\Users\ARULMOZHI K\.m2\repository\jakarta\activation\jakarta.activation-api\2.1.2\jakarta.activation-api-2.1.2.jar;C:\Users\ARULMOZHI K\.m2\repository\org\eclipse\angus\angus-activation\2.0.1\angus-activation-2.0.1.jar;C:\Users\ARULMOZHI K\.m2\repository\org\springframework\spring-aop\6.1.2\spring-aop-6.1.2.jar;C:\Users\ARULMOZHI K\.m2\repository\org\springframework\security\spring-security-config\6.2.1\spring-security-config-6.2.1.jar;C:\Users\ARULMOZHI K\.m2\repository\org\springframework\security\spring-security-web\6.2.1\spring-security-web-6.2.1.jar;C:\Users\ARULMOZHI K\.m2\repository\com\razorpay\razorpay-java\1.4.3\razorpay-java-1.4.3.jar;C:\Users\ARULMOZHI K\.m2\repository\org\json\json\20180130\json-20180130.jar;C:\Users\ARULMOZHI K\.m2\repository\com\squareup\okhttp3\okhttp\4.12.0\okhttp-4.12.0.jar;C:\Users\ARULMOZHI K\.m2\repository\com\squareup\okio\okio\3.6.0\okio-3.6.0.jar;C:\Users\ARULMOZHI K\.m2\repository\com\squareup\okio\okio-jvm\3.6.0\okio-jvm-3.6.0.jar;C:\Users\ARULMOZHI K\.m2\repository\org\jetbrains\kotlin\kotlin-stdlib-common\1.9.21\kotlin-stdlib-common-1.9.21.jar;C:\Users\ARULMOZHI K\.m2\repository\org\jetbrains\kotlin\kotlin-stdlib-jdk8\1.9.21\kotlin-stdlib-jdk8-1.9.21.jar;C:\Users\ARULMOZHI K\.m2\repository\org\jetbrains\kotlin\kotlin-stdlib\1.9.21\kotlin-stdlib-1.9.21.jar;C:\Users\ARULMOZHI K\.m2\repository\org\jetbrains\annotations\13.0\annotations-13.0.jar;C:\Users\ARULMOZHI K\.m2\repository\org\jetbrains\kotlin\kotlin-stdlib-jdk7\1.9.21\kotlin-stdlib-jdk7-1.9.21.jar;C:\Users\ARULMOZHI K\.m2\repository\com\squareup\okhttp3\logging-interceptor\4.12.0\logging-interceptor-4.12.0.jar;C:\Users\ARULMOZHI K\.m2\repository\commons-codec\commons-codec\1.16.0\commons-codec-1.16.0.jar;C:\Users\ARULMOZHI K\.m2\repository\org\apache\commons\commons-text\1.3\commons-text-1.3.jar;C:\Users\ARULMOZHI K\.m2\repository\org\apache\commons\commons-lang3\3.13.0\commons-lang3-3.13.0.jar;C:\Users\ARULMOZHI K\.m2\repository\org\springframework\boot\spring-boot-devtools\3.2.1\spring-boot-devtools-3.2.1.jar;C:\Users\ARULMOZHI K\.m2\repository\org\springframework\boot\spring-boot\3.2.1\spring-boot-3.2.1.jar;C:\Users\ARULMOZHI K\.m2\repository\org\springframework\boot\spring-boot-autoconfigure\3.2.1\spring-boot-autoconfigure-3.2.1.jar;C:\Users\ARULMOZHI K\.m2\repository\com\fasterxml\jackson\datatype\jackson-datatype-jdk8\2.15.3\jackson-datatype-jdk8-2.15.3.jar;C:\Users\ARULMOZHI K\.m2\repository\com\fasterxml\jackson\datatype\jackson-datatype-jsr310\2.15.3\jackson-datatype-jsr310-2.15.3.jar;C:\Users\ARULMOZHI K\.m2\repository\com\fasterxml\jackson\module\jackson-module-parameter-names\2.15.3\jackson-module-parameter-names-2.15.3.jar;C:\Users\ARULMOZHI K\.m2\repository\org\apache\tomcat\embed\tomcat-embed-core\10.1.17\tomcat-embed-core-10.1.17.jar;C:\Users\ARULMOZHI K\.m2\repository\org\apache\tomcat\embed\tomcat-embed-el\10.1.17\tomcat-embed-el-10.1.17.jar;C:\Users\ARULMOZHI K\.m2\repository\org\apache\tomcat\embed\tomcat-embed-websocket\10.1.17\tomcat-embed-websocket-10.1.17.jar;C:\Users\ARULMOZHI K\.m2\repository\org\springframework\spring-web\6.1.2\spring-web-6.1.2.jar;C:\Users\ARULMOZHI K\.m2\repository\io\micrometer\micrometer-observation\1.12.1\micrometer-observation-1.12.1.jar;C:\Users\ARULMOZHI K\.m2\repository\io\micrometer\micrometer-commons\1.12.1\micrometer-commons-1.12.1.jar;C:\Users\ARULMOZHI K\.m2\repository\org\springframework\spring-webmvc\6.1.2\spring-webmvc-6.1.2.jar;C:\Users\ARULMOZHI K\.m2\repository\io\jsonwebtoken\jjwt-api\0.11.5\jjwt-api-0.11.5.jar;C:\Users\ARULMOZHI K\.m2\repository\io\jsonwebtoken\jjwt-impl\0.11.5\jjwt-impl-0.11.5.jar;C:\Users\ARULMOZHI K\.m2\repository\io\jsonwebtoken\jjwt-jackson\0.11.5\jjwt-jackson-0.11.5.jar;C:\Users\ARULMOZHI K\.m2\repository\com\fasterxml\jackson\core\jackson-databind\2.15.3\jackson-databind-2.15.3.jar;C:\Users\ARULMOZHI K\.m2\repository\com\fasterxml\jackson\core\jackson-annotations\2.15.3\jackson-annotations-2.15.3.jar;C:\Users\ARULMOZHI K\.m2\repository\com\fasterxml\jackson\core\jackson-core\2.15.3\jackson-core-2.15.3.jar;C:\Users\ARULMOZHI K\.m2\repository\org\springframework\spring-core\6.1.2\spring-core-6.1.2.jar;C:\Users\ARULMOZHI K\.m2\repository\org\springframework\spring-jcl\6.1.2\spring-jcl-6.1.2.jar;C:\Users\ARULMOZHI K\.m2\repository\org\springframework\security\spring-security-core\6.2.1\spring-security-core-6.2.1.jar;C:\Users\ARULMOZHI K\.m2\repository\org\springframework\security\spring-security-crypto\6.2.1\spring-security-crypto-6.2.1.jar
Launcher Type: SUN_STANDARD

[Global flags]
     intx CICompilerCount                          = 4                                         {product} {ergonomic}
     uint ConcGCThreads                            = 2                                         {product} {ergonomic}
     uint G1ConcRefinementThreads                  = 8                                         {product} {ergonomic}
   size_t G1HeapRegionSize                         = 1048576                                   {product} {ergonomic}
    uintx GCDrainStackTargetSize                   = 64                                        {product} {ergonomic}
   size_t InitialHeapSize                          = 130023424                                 {product} {ergonomic}
   size_t MarkStackSize                            = 4194304                                   {product} {ergonomic}
   size_t MaxHeapSize                              = 2067791872                                {product} {ergonomic}
   size_t MaxNewSize                               = 1240465408                                {product} {ergonomic}
   size_t MinHeapDeltaBytes                        = 1048576                                   {product} {ergonomic}
   size_t MinHeapSize                              = 8388608                                   {product} {ergonomic}
    uintx NonNMethodCodeHeapSize                   = 4096                                   {pd product} {ergonomic}
    uintx NonProfiledCodeHeapSize                  = 0                                      {pd product} {ergonomic}
     bool ProfileInterpreter                       = false                                  {pd product} {command line}
    uintx ProfiledCodeHeapSize                     = 0                                      {pd product} {ergonomic}
   size_t SoftMaxHeapSize                          = 2067791872                             {manageable} {ergonomic}
     intx TieredStopAtLevel                        = 1                                         {product} {command line}
     bool UseCompressedOops                        = true                           {product lp64_product} {ergonomic}
     bool UseG1GC                                  = true                                      {product} {ergonomic}
     bool UseLargePagesIndividualAllocation        = false                                  {pd product} {ergonomic}

Logging:
Log output configuration:
 #0: stdout all=warning uptime,level,tags foldmultilines=false
 #1: stderr all=off uptime,level,tags foldmultilines=false

Environment Variables:
PATH=C:\Python310\Scripts\;C:\Python310\;C:\Program Files\Common Files\Oracle\Java\javapath;C:\Windows\system32;C:\Windows;C:\Windows\System32\Wbem;C:\Windows\System32\WindowsPowerShell\v1.0\;C:\Windows\System32\OpenSSH\;C:\Program Files\MySQL\MySQL Server 8.0\bin;C:\Program Files\Java\jdk-11.0.16\bin;C:\ProgramData\chocolatey\bin;c:\Program Files (x86)\Microsoft SQL Server\90\Tools\binn\;C:\Program Files\Microsoft\Web Platform Installer\;C:\Program Files (x86)\Microsoft ASP.NET\ASP.NET Web Pages\v1.0\;C:\Program Files\Microsoft SQL Server\110\Tools\Binn\;C:\Program Files\Git\cmd;C:\Users\ARULMOZHI K\Downloads\apache-maven-3.8.7-bin\apache-maven-3.8.7\bin;C:\Program Files\Java\jdk-21\bin;C:\Program Files\Docker\Docker\resources\bin;C:\Users\ARULMOZHI K\AppData\Roaming\nvm;C:\Program Files\nodejs;C:\Program Files\MySQL\MySQL Shell 8.0\bin\;C:\Users\ARULMOZHI K\AppData\Local\Microsoft\WindowsApps;C:\Users\ARULMOZHI K\AppData\Local\Programs\Microsoft VS Code\bin;C:\MinGW\bin;C:\Program Files\Java\jdk-11.0.16\bin;C:\Program Files\MongoDB\Server\6.0\bin;C:\Users\ARULMOZHI K\Downloads\mongosh-1.6.1-win32-x64\mongosh-1.6.1-win32-x64\bin;C:\Users\ARULMOZHI K\Downloads\apache-maven-3.8.7-bin\apache-maven-3.8.7\bin;C:\Users\ARULMOZHI K\AppData\Local\Programs\mongosh\;C:\Users\ARULMOZHI K\AppData\Local\GitHubDesktop\bin;C:\Users\ARULMOZHI K\AppData\Roaming\nvm;C:\Program Files\nodejs
USERNAME=ARULMOZHI K
LANG=en_US.UTF-8
OS=Windows_NT
PROCESSOR_IDENTIFIER=Intel64 Family 6 Model 140 Stepping 1, GenuineIntel
TMP=C:\Users\ARULMO~1\AppData\Local\Temp
TEMP=C:\Users\ARULMO~1\AppData\Local\Temp




Periodic native trim disabled

---------------  S Y S T E M  ---------------

OS:
 Windows 10 , 64 bit Build 19041 (10.0.19041.3636)
OS uptime: 4 days 11:56 hours
Hyper-V role detected

CPU: total 8 (initial active 8) (4 cores per cpu, 2 threads per core) family 6 model 140 stepping 1 microcode 0x86, cx8, cmov, fxsr, ht, mmx, 3dnowpref, sse, sse2, sse3, ssse3, sse4.1, sse4.2, popcnt, lzcnt, tsc, tscinvbit, avx, avx2, aes, erms, clmul, bmi1, bmi2, adx, avx512f, avx512dq, avx512cd, avx512bw, avx512vl, sha, fma, vzeroupper, avx512_vpopcntdq, avx512_vpclmulqdq, avx512_vaes, avx512_vnni, clflush, clflushopt, clwb, avx512_vbmi2, avx512_vbmi, hv, rdtscp, rdpid, fsrm, gfni, avx512_bitalg, f16c, cet_ibt, cet_ss, avx512_ifma
Processor Information for all 8 processors :
  Max Mhz: 2419, Current Mhz: 2419, Mhz Limit: 2419

Memory: 4k page, system-wide physical 7885M (707M free)
TotalPageFile size 32461M (AvailPageFile size 5M)
current process WorkingSet (physical memory assigned to process): 179M, peak: 179M
current process commit charge ("private bytes"): 220M, peak: 238M

vm_info: Java HotSpot(TM) 64-Bit Server VM (21.0.1+12-LTS-29) for windows-amd64 JRE (21.0.1+12-LTS-29), built on 2023-10-05T13:27:09Z by "mach5one" with MS VC++ 17.1 (VS2022)

END.
