#
# There is insufficient memory for the Java Runtime Environment to continue.
# Native memory allocation (mmap) failed to map 14680064 bytes for G1 virtual space
# Possible reasons:
#   The system is out of physical RAM or swap space
#   The process is running with CompressedOops enabled, and the Java Heap may be blocking the growth of the native heap
# Possible solutions:
#   Reduce memory load on the system
#   Increase physical memory or swap space
#   Check if swap backing store is full
#   Decrease Java heap size (-Xmx/-Xms)
#   Decrease number of Java threads
#   Decrease Java thread stack sizes (-Xss)
#   Set larger code cache with -XX:ReservedCodeCacheSize=
#   JVM is running with Unscaled Compressed Oops mode in which the Java heap is
#     placed in the first 4GB address space. The Java Heap base address is the
#     maximum limit for the native heap growth. Please use -XX:HeapBaseMinAddress
#     to set the Java Heap base and to place the Java Heap above 4GB virtual address.
# This output file may be truncated or incomplete.
#
#  Out of Memory Error (os_windows.cpp:3600), pid=19368, tid=10728
#
# JRE version: Java(TM) SE Runtime Environment (21.0.1+12) (build 21.0.1+12-LTS-29)
# Java VM: Java HotSpot(TM) 64-Bit Server VM (21.0.1+12-LTS-29, mixed mode, emulated-client, sharing, tiered, compressed oops, compressed class ptrs, g1 gc, windows-amd64)
# No core dump will be written. Minidumps are not enabled by default on client versions of Windows
#

---------------  S U M M A R Y ------------

Command Line: -XX:TieredStopAtLevel=1 Backend.JobWave.JobWaveApplication

Host: 11th Gen Intel(R) Core(TM) i5-1135G7 @ 2.40GHz, 8 cores, 7G,  Windows 10 , 64 bit Build 19041 (10.0.19041.3636)
Time: Tue Mar  5 12:20:12 2024 India Standard Time elapsed time: 288.374865 seconds (0d 0h 4m 48s)

---------------  T H R E A D  ---------------

Current thread (0x0000025f71926380):  VMThread "VM Thread"          [id=10728, stack(0x000000e264c00000,0x000000e264d00000) (1024K)]

Stack: [0x000000e264c00000,0x000000e264d00000]
Native frames: (J=compiled Java code, j=interpreted, Vv=VM code, C=native code)
V  [jvm.dll+0x6c9029]
V  [jvm.dll+0x854b81]
V  [jvm.dll+0x856e5e]
V  [jvm.dll+0x857543]
V  [jvm.dll+0x280c06]
V  [jvm.dll+0x6c5715]
V  [jvm.dll+0x6ba10a]
V  [jvm.dll+0x3557ea]
V  [jvm.dll+0x35d436]
V  [jvm.dll+0x3ae1be]
V  [jvm.dll+0x3ae468]
V  [jvm.dll+0x3291fc]
V  [jvm.dll+0x329287]
V  [jvm.dll+0x36db3c]
V  [jvm.dll+0x36c33d]
V  [jvm.dll+0x328971]
V  [jvm.dll+0x36ba4a]
V  [jvm.dll+0x85d048]
V  [jvm.dll+0x85e144]
V  [jvm.dll+0x85e680]
V  [jvm.dll+0x85e923]
V  [jvm.dll+0x7fd728]
V  [jvm.dll+0x6c777d]
C  [ucrtbase.dll+0x21bb2]
C  [KERNEL32.DLL+0x17344]
C  [ntdll.dll+0x526b1]

VM_Operation (0x000000e2672fa230): G1CollectForAllocation, mode: safepoint, requested by thread 0x0000025f77e22bc0


---------------  P R O C E S S  ---------------

Threads class SMR info:
_java_thread_list=0x0000025f782e37d0, length=31, elements={
0x0000025f7194c660, 0x0000025f7194d470, 0x0000025f7194e280, 0x0000025f719502a0,
0x0000025f71952e00, 0x0000025f71953950, 0x0000025f7195f9b0, 0x0000025f71bcbd50,
0x0000025f71bcf640, 0x0000025f77460510, 0x0000025f77460b80, 0x0000025f771ab450,
0x0000025f7757c8a0, 0x0000025f76f8b190, 0x0000025f76f8c540, 0x0000025f76f89de0,
0x0000025f76f8ab00, 0x0000025f76f8beb0, 0x0000025f76f8b820, 0x0000025f76f8cbd0,
0x0000025f76f8d260, 0x0000025f77e25320, 0x0000025f77e22530, 0x0000025f77e22bc0,
0x0000025f77e23250, 0x0000025f77e238e0, 0x0000025f77e23f70, 0x0000025f77e1f0b0,
0x0000025f77e24600, 0x0000025f77e1fdd0, 0x0000025f77e24c90
}

Java Threads: ( => current thread )
  0x0000025f7194c660 JavaThread "Reference Handler"          daemon [_thread_blocked, id=9312, stack(0x000000e264d00000,0x000000e264e00000) (1024K)]
  0x0000025f7194d470 JavaThread "Finalizer"                  daemon [_thread_blocked, id=7492, stack(0x000000e264e00000,0x000000e264f00000) (1024K)]
  0x0000025f7194e280 JavaThread "Signal Dispatcher"          daemon [_thread_blocked, id=20612, stack(0x000000e264f00000,0x000000e265000000) (1024K)]
  0x0000025f719502a0 JavaThread "Attach Listener"            daemon [_thread_blocked, id=6972, stack(0x000000e265000000,0x000000e265100000) (1024K)]
  0x0000025f71952e00 JavaThread "Service Thread"             daemon [_thread_blocked, id=14128, stack(0x000000e265100000,0x000000e265200000) (1024K)]
  0x0000025f71953950 JavaThread "Monitor Deflation Thread"   daemon [_thread_blocked, id=15036, stack(0x000000e265200000,0x000000e265300000) (1024K)]
  0x0000025f7195f9b0 JavaThread "C1 CompilerThread0"         daemon [_thread_blocked, id=24152, stack(0x000000e265300000,0x000000e265400000) (1024K)]
  0x0000025f71bcbd50 JavaThread "Notification Thread"        daemon [_thread_blocked, id=4196, stack(0x000000e265600000,0x000000e265700000) (1024K)]
  0x0000025f71bcf640 JavaThread "Common-Cleaner"             daemon [_thread_blocked, id=17892, stack(0x000000e265700000,0x000000e265800000) (1024K)]
  0x0000025f77460510 JavaThread "BufferPoolPruner-1-thread-1" daemon [_thread_blocked, id=6736, stack(0x000000e266300000,0x000000e266400000) (1024K)]
  0x0000025f77460b80 JavaThread "cluster-ClusterId{value='65e6bf88f9b4a23da4578830', description='null'}-localhost:27017" daemon [_thread_in_native, id=22968, stack(0x000000e266400000,0x000000e266500000) (1024K)]
  0x0000025f771ab450 JavaThread "cluster-rtt-ClusterId{value='65e6bf88f9b4a23da4578830', description='null'}-localhost:27017" daemon [_thread_blocked, id=22096, stack(0x000000e266500000,0x000000e266600000) (1024K)]
  0x0000025f7757c8a0 JavaThread "MaintenanceTimer-2-thread-1" daemon [_thread_blocked, id=20008, stack(0x000000e266700000,0x000000e266800000) (1024K)]
  0x0000025f76f8b190 JavaThread "Catalina-utility-1"                [_thread_blocked, id=24140, stack(0x000000e266800000,0x000000e266900000) (1024K)]
  0x0000025f76f8c540 JavaThread "Catalina-utility-2"                [_thread_blocked, id=13704, stack(0x000000e266900000,0x000000e266a00000) (1024K)]
  0x0000025f76f89de0 JavaThread "container-0"                       [_thread_blocked, id=16984, stack(0x000000e266a00000,0x000000e266b00000) (1024K)]
  0x0000025f76f8ab00 JavaThread "Live Reload Server"         daemon [_thread_in_native, id=23688, stack(0x000000e266c00000,0x000000e266d00000) (1024K)]
  0x0000025f76f8beb0 JavaThread "File Watcher"               daemon [_thread_blocked, id=23772, stack(0x000000e266b00000,0x000000e266c00000) (1024K)]
  0x0000025f76f8b820 JavaThread "http-nio-8080-exec-1"       daemon [_thread_blocked, id=8792, stack(0x000000e266d00000,0x000000e266e00000) (1024K)]
  0x0000025f76f8cbd0 JavaThread "http-nio-8080-exec-2"       daemon [_thread_blocked, id=19968, stack(0x000000e266e00000,0x000000e266f00000) (1024K)]
  0x0000025f76f8d260 JavaThread "http-nio-8080-exec-3"       daemon [_thread_blocked, id=15380, stack(0x000000e266f00000,0x000000e267000000) (1024K)]
  0x0000025f77e25320 JavaThread "http-nio-8080-exec-4"       daemon [_thread_blocked, id=8508, stack(0x000000e267000000,0x000000e267100000) (1024K)]
  0x0000025f77e22530 JavaThread "http-nio-8080-exec-5"       daemon [_thread_blocked, id=7388, stack(0x000000e267100000,0x000000e267200000) (1024K)]
  0x0000025f77e22bc0 JavaThread "http-nio-8080-exec-6"       daemon [_thread_blocked, id=15568, stack(0x000000e267200000,0x000000e267300000) (1024K)]
  0x0000025f77e23250 JavaThread "http-nio-8080-exec-7"       daemon [_thread_blocked, id=23672, stack(0x000000e267300000,0x000000e267400000) (1024K)]
  0x0000025f77e238e0 JavaThread "http-nio-8080-exec-8"       daemon [_thread_blocked, id=14784, stack(0x000000e267400000,0x000000e267500000) (1024K)]
  0x0000025f77e23f70 JavaThread "http-nio-8080-exec-9"       daemon [_thread_blocked, id=23928, stack(0x000000e267500000,0x000000e267600000) (1024K)]
  0x0000025f77e1f0b0 JavaThread "http-nio-8080-exec-10"      daemon [_thread_blocked, id=11824, stack(0x000000e267600000,0x000000e267700000) (1024K)]
  0x0000025f77e24600 JavaThread "http-nio-8080-Poller"       daemon [_thread_in_native, id=22552, stack(0x000000e267700000,0x000000e267800000) (1024K)]
  0x0000025f77e1fdd0 JavaThread "http-nio-8080-Acceptor"     daemon [_thread_in_native, id=13524, stack(0x000000e267800000,0x000000e267900000) (1024K)]
  0x0000025f77e24c90 JavaThread "DestroyJavaVM"                     [_thread_blocked, id=23120, stack(0x000000e264500000,0x000000e264600000) (1024K)]
Total: 31

Other Threads:
=>0x0000025f71926380 VMThread "VM Thread"                           [id=10728, stack(0x000000e264c00000,0x000000e264d00000) (1024K)]
  0x0000025f7190f910 WatcherThread "VM Periodic Task Thread"        [id=15736, stack(0x000000e264b00000,0x000000e264c00000) (1024K)]
  0x0000025f5f329240 WorkerThread "GC Thread#0"                     [id=8772, stack(0x000000e264600000,0x000000e264700000) (1024K)]
  0x0000025f764fc550 WorkerThread "GC Thread#1"                     [id=11820, stack(0x000000e265a00000,0x000000e265b00000) (1024K)]
  0x0000025f76509580 WorkerThread "GC Thread#2"                     [id=12180, stack(0x000000e265b00000,0x000000e265c00000) (1024K)]
  0x0000025f76509920 WorkerThread "GC Thread#3"                     [id=23512, stack(0x000000e265c00000,0x000000e265d00000) (1024K)]
  0x0000025f76509cc0 WorkerThread "GC Thread#4"                     [id=21560, stack(0x000000e265d00000,0x000000e265e00000) (1024K)]
  0x0000025f7650a060 WorkerThread "GC Thread#5"                     [id=1380, stack(0x000000e265e00000,0x000000e265f00000) (1024K)]
  0x0000025f76926110 WorkerThread "GC Thread#6"                     [id=18504, stack(0x000000e266100000,0x000000e266200000) (1024K)]
  0x0000025f76953050 WorkerThread "GC Thread#7"                     [id=21784, stack(0x000000e266200000,0x000000e266300000) (1024K)]
  0x0000025f5f33a870 ConcurrentGCThread "G1 Main Marker"            [id=23676, stack(0x000000e264700000,0x000000e264800000) (1024K)]
  0x0000025f5f33b370 WorkerThread "G1 Conc#0"                       [id=22728, stack(0x000000e264800000,0x000000e264900000) (1024K)]
  0x0000025f76b06b60 WorkerThread "G1 Conc#1"                       [id=23596, stack(0x000000e265f00000,0x000000e266000000) (1024K)]
  0x0000025f717e30d0 ConcurrentGCThread "G1 Refine#0"               [id=16748, stack(0x000000e264900000,0x000000e264a00000) (1024K)]
  0x0000025f5f39bbc0 ConcurrentGCThread "G1 Service"                [id=24324, stack(0x000000e264a00000,0x000000e264b00000) (1024K)]
Total: 15

Threads with active compile tasks:
Total: 0

VM state: at safepoint (normal execution)

VM Mutex/Monitor currently owned by a thread:  ([mutex/lock_event])
[0x00007fffe706a5f8] Threads_lock - owner thread: 0x0000025f71926380
[0x00007fffe706a6f8] Heap_lock - owner thread: 0x0000025f77e22bc0

Heap address: 0x0000000084c00000, size: 1972 MB, Compressed Oops mode: 32-bit

CDS archive(s) mapped at: [0x0000025f00000000-0x0000025f00c90000-0x0000025f00c90000), size 13172736, SharedBaseAddress: 0x0000025f00000000, ArchiveRelocationMode: 1.
Compressed class space mapped at: 0x0000025f01000000-0x0000025f41000000, reserved size: 1073741824
Narrow klass base: 0x0000025f00000000, Narrow klass shift: 0, Narrow klass range: 0x100000000

GC Precious Log:
 CardTable entry size: 512
 Card Set container configuration: InlinePtr #cards 5 size 8 Array Of Cards #cards 12 size 40 Howl #buckets 4 coarsen threshold 1843 Howl Bitmap #cards 512 size 80 coarsen threshold 460 Card regions per heap region 1 cards per card region 2048
 CPUs: 8 total, 8 available
 Memory: 7885M
 Large Page Support: Disabled
 NUMA Support: Disabled
 Compressed Oops: Enabled (32-bit)
 Heap Region Size: 1M
 Heap Min Capacity: 8M
 Heap Initial Capacity: 124M
 Heap Max Capacity: 1972M
 Pre-touch: Disabled
 Parallel Workers: 8
 Concurrent Workers: 2
 Concurrent Refinement Workers: 8
 Periodic GC: Disabled

Heap:
 garbage-first heap   total 70656K, used 21568K [0x0000000084c00000, 0x0000000100000000)
  region size 1024K, 1 young (1024K), 1 survivors (1024K)
 Metaspace       used 42891K, committed 43648K, reserved 1114112K
  class space    used 6065K, committed 6400K, reserved 1048576K

Heap Regions: E=young(eden), S=young(survivor), O=old, HS=humongous(starts), HC=humongous(continues), CS=collection set, F=free, TAMS=top-at-mark-start, PB=parsable bottom
|   0|0x0000000084c00000, 0x0000000084d00000, 0x0000000084d00000|100%| O|  |TAMS 0x0000000084c00000| PB 0x0000000084c00000| Untracked 
|   1|0x0000000084d00000, 0x0000000084e00000, 0x0000000084e00000|100%| O|  |TAMS 0x0000000084d00000| PB 0x0000000084d00000| Untracked 
|   2|0x0000000084e00000, 0x0000000084f00000, 0x0000000084f00000|100%| O|  |TAMS 0x0000000084e00000| PB 0x0000000084e00000| Untracked 
|   3|0x0000000084f00000, 0x0000000085000000, 0x0000000085000000|100%| O|  |TAMS 0x0000000084f00000| PB 0x0000000084f00000| Untracked 
|   4|0x0000000085000000, 0x0000000085100000, 0x0000000085100000|100%| O|  |TAMS 0x0000000085000000| PB 0x0000000085000000| Untracked 
|   5|0x0000000085100000, 0x0000000085200000, 0x0000000085200000|100%| O|  |TAMS 0x0000000085100000| PB 0x0000000085100000| Untracked 
|   6|0x0000000085200000, 0x0000000085300000, 0x0000000085300000|100%| O|  |TAMS 0x0000000085200000| PB 0x0000000085200000| Untracked 
|   7|0x0000000085300000, 0x0000000085400000, 0x0000000085400000|100%| O|  |TAMS 0x0000000085300000| PB 0x0000000085300000| Untracked 
|   8|0x0000000085400000, 0x0000000085500000, 0x0000000085500000|100%| O|  |TAMS 0x0000000085400000| PB 0x0000000085400000| Untracked 
|   9|0x0000000085500000, 0x0000000085500000, 0x0000000085600000|  0%| F|  |TAMS 0x0000000085500000| PB 0x0000000085500000| Untracked 
|  10|0x0000000085600000, 0x0000000085700000, 0x0000000085700000|100%| O|  |TAMS 0x0000000085600000| PB 0x0000000085600000| Untracked 
|  11|0x0000000085700000, 0x0000000085800000, 0x0000000085800000|100%| O|  |TAMS 0x0000000085700000| PB 0x0000000085700000| Untracked 
|  12|0x0000000085800000, 0x0000000085900000, 0x0000000085900000|100%| O|  |TAMS 0x0000000085800000| PB 0x0000000085800000| Untracked 
|  13|0x0000000085900000, 0x00000000859ef030, 0x0000000085a00000| 93%| O|  |TAMS 0x0000000085900000| PB 0x0000000085900000| Untracked 
|  14|0x0000000085a00000, 0x0000000085b00000, 0x0000000085b00000|100%| O|  |TAMS 0x0000000085a00000| PB 0x0000000085a00000| Untracked 
|  15|0x0000000085b00000, 0x0000000085c00000, 0x0000000085c00000|100%| O|  |TAMS 0x0000000085b00000| PB 0x0000000085b00000| Untracked 
|  16|0x0000000085c00000, 0x0000000085c00000, 0x0000000085d00000|  0%| F|  |TAMS 0x0000000085c00000| PB 0x0000000085c00000| Untracked 
|  17|0x0000000085d00000, 0x0000000085e00000, 0x0000000085e00000|100%| O|  |TAMS 0x0000000085d00000| PB 0x0000000085d00000| Untracked 
|  18|0x0000000085e00000, 0x0000000085f00000, 0x0000000085f00000|100%| O|  |TAMS 0x0000000085e00000| PB 0x0000000085e00000| Untracked 
|  19|0x0000000085f00000, 0x0000000085f00000, 0x0000000086000000|  0%| F|  |TAMS 0x0000000085f00000| PB 0x0000000085f00000| Untracked 
|  20|0x0000000086000000, 0x0000000086000000, 0x0000000086100000|  0%| F|  |TAMS 0x0000000086000000| PB 0x0000000086000000| Untracked 
|  21|0x0000000086100000, 0x0000000086100000, 0x0000000086200000|  0%| F|  |TAMS 0x0000000086100000| PB 0x0000000086100000| Untracked 
|  22|0x0000000086200000, 0x0000000086200000, 0x0000000086300000|  0%| F|  |TAMS 0x0000000086200000| PB 0x0000000086200000| Untracked 
|  23|0x0000000086300000, 0x0000000086400000, 0x0000000086400000|100%| O|  |TAMS 0x0000000086300000| PB 0x0000000086300000| Untracked 
|  24|0x0000000086400000, 0x0000000086500000, 0x0000000086500000|100%| O|  |TAMS 0x0000000086400000| PB 0x0000000086400000| Untracked 
|  25|0x0000000086500000, 0x0000000086600000, 0x0000000086600000|100%| O|  |TAMS 0x0000000086500000| PB 0x0000000086500000| Untracked 
|  26|0x0000000086600000, 0x0000000086700000, 0x0000000086700000|100%| O|  |TAMS 0x0000000086600000| PB 0x0000000086600000| Untracked 
|  27|0x0000000086700000, 0x0000000086721340, 0x0000000086800000| 12%| S|CS|TAMS 0x0000000086700000| PB 0x0000000086700000| Complete 
|  28|0x0000000086800000, 0x0000000086800000, 0x0000000086900000|  0%| F|  |TAMS 0x0000000086800000| PB 0x0000000086800000| Untracked 
|  29|0x0000000086900000, 0x0000000086900000, 0x0000000086a00000|  0%| F|  |TAMS 0x0000000086900000| PB 0x0000000086900000| Untracked 
|  30|0x0000000086a00000, 0x0000000086a00000, 0x0000000086b00000|  0%| F|  |TAMS 0x0000000086a00000| PB 0x0000000086a00000| Untracked 
|  31|0x0000000086b00000, 0x0000000086b00000, 0x0000000086c00000|  0%| F|  |TAMS 0x0000000086b00000| PB 0x0000000086b00000| Untracked 
|  32|0x0000000086c00000, 0x0000000086c00000, 0x0000000086d00000|  0%| F|  |TAMS 0x0000000086c00000| PB 0x0000000086c00000| Untracked 
|  33|0x0000000086d00000, 0x0000000086d00000, 0x0000000086e00000|  0%| F|  |TAMS 0x0000000086d00000| PB 0x0000000086d00000| Untracked 
|  34|0x0000000086e00000, 0x0000000086e00000, 0x0000000086f00000|  0%| F|  |TAMS 0x0000000086e00000| PB 0x0000000086e00000| Untracked 
|  35|0x0000000086f00000, 0x0000000086f00000, 0x0000000087000000|  0%| F|  |TAMS 0x0000000086f00000| PB 0x0000000086f00000| Untracked 
|  36|0x0000000087000000, 0x0000000087000000, 0x0000000087100000|  0%| F|  |TAMS 0x0000000087000000| PB 0x0000000087000000| Untracked 
|  37|0x0000000087100000, 0x0000000087100000, 0x0000000087200000|  0%| F|  |TAMS 0x0000000087100000| PB 0x0000000087100000| Untracked 
|  38|0x0000000087200000, 0x0000000087200000, 0x0000000087300000|  0%| F|  |TAMS 0x0000000087200000| PB 0x0000000087200000| Untracked 
|  39|0x0000000087300000, 0x0000000087300000, 0x0000000087400000|  0%| F|  |TAMS 0x0000000087300000| PB 0x0000000087300000| Untracked 
|  40|0x0000000087400000, 0x0000000087400000, 0x0000000087500000|  0%| F|  |TAMS 0x0000000087400000| PB 0x0000000087400000| Untracked 
|  41|0x0000000087500000, 0x0000000087500000, 0x0000000087600000|  0%| F|  |TAMS 0x0000000087500000| PB 0x0000000087500000| Untracked 
|  42|0x0000000087600000, 0x0000000087600000, 0x0000000087700000|  0%| F|  |TAMS 0x0000000087600000| PB 0x0000000087600000| Untracked 
|  43|0x0000000087700000, 0x0000000087700000, 0x0000000087800000|  0%| F|  |TAMS 0x0000000087700000| PB 0x0000000087700000| Untracked 
|  44|0x0000000087800000, 0x0000000087800000, 0x0000000087900000|  0%| F|  |TAMS 0x0000000087800000| PB 0x0000000087800000| Untracked 
|  45|0x0000000087900000, 0x0000000087900000, 0x0000000087a00000|  0%| F|  |TAMS 0x0000000087900000| PB 0x0000000087900000| Untracked 
|  46|0x0000000087a00000, 0x0000000087a00000, 0x0000000087b00000|  0%| F|  |TAMS 0x0000000087a00000| PB 0x0000000087a00000| Untracked 
|  47|0x0000000087b00000, 0x0000000087b00000, 0x0000000087c00000|  0%| F|  |TAMS 0x0000000087b00000| PB 0x0000000087b00000| Untracked 
|  48|0x0000000087c00000, 0x0000000087c00000, 0x0000000087d00000|  0%| F|  |TAMS 0x0000000087c00000| PB 0x0000000087c00000| Untracked 
|  49|0x0000000087d00000, 0x0000000087d00000, 0x0000000087e00000|  0%| F|  |TAMS 0x0000000087d00000| PB 0x0000000087d00000| Untracked 
|  50|0x0000000087e00000, 0x0000000087e00000, 0x0000000087f00000|  0%| F|  |TAMS 0x0000000087e00000| PB 0x0000000087e00000| Untracked 
|  51|0x0000000087f00000, 0x0000000087f00000, 0x0000000088000000|  0%| F|  |TAMS 0x0000000087f00000| PB 0x0000000087f00000| Untracked 
|  52|0x0000000088000000, 0x0000000088000000, 0x0000000088100000|  0%| F|  |TAMS 0x0000000088000000| PB 0x0000000088000000| Untracked 
|  53|0x0000000088100000, 0x0000000088100000, 0x0000000088200000|  0%| F|  |TAMS 0x0000000088100000| PB 0x0000000088100000| Untracked 
|  54|0x0000000088200000, 0x0000000088200000, 0x0000000088300000|  0%| F|  |TAMS 0x0000000088200000| PB 0x0000000088200000| Untracked 
|  55|0x0000000088300000, 0x0000000088300000, 0x0000000088400000|  0%| F|  |TAMS 0x0000000088300000| PB 0x0000000088300000| Untracked 
|  56|0x0000000088400000, 0x0000000088400000, 0x0000000088500000|  0%| F|  |TAMS 0x0000000088400000| PB 0x0000000088400000| Untracked 
|  57|0x0000000088500000, 0x0000000088500000, 0x0000000088600000|  0%| F|  |TAMS 0x0000000088500000| PB 0x0000000088500000| Untracked 
|  58|0x0000000088600000, 0x0000000088600000, 0x0000000088700000|  0%| F|  |TAMS 0x0000000088600000| PB 0x0000000088600000| Untracked 
|  59|0x0000000088700000, 0x0000000088700000, 0x0000000088800000|  0%| F|  |TAMS 0x0000000088700000| PB 0x0000000088700000| Untracked 
|  60|0x0000000088800000, 0x0000000088800000, 0x0000000088900000|  0%| F|  |TAMS 0x0000000088800000| PB 0x0000000088800000| Untracked 
|  81|0x0000000089d00000, 0x0000000089d00000, 0x0000000089e00000|  0%| F|  |TAMS 0x0000000089d00000| PB 0x0000000089d00000| Untracked 
|  82|0x0000000089e00000, 0x0000000089e00000, 0x0000000089f00000|  0%| F|  |TAMS 0x0000000089e00000| PB 0x0000000089e00000| Untracked 
|  83|0x0000000089f00000, 0x0000000089f00000, 0x000000008a000000|  0%| F|  |TAMS 0x0000000089f00000| PB 0x0000000089f00000| Untracked 
|  84|0x000000008a000000, 0x000000008a000000, 0x000000008a100000|  0%| F|  |TAMS 0x000000008a000000| PB 0x000000008a000000| Untracked 
|  85|0x000000008a100000, 0x000000008a100000, 0x000000008a200000|  0%| F|  |TAMS 0x000000008a100000| PB 0x000000008a100000| Untracked 
|  86|0x000000008a200000, 0x000000008a200000, 0x000000008a300000|  0%| F|  |TAMS 0x000000008a200000| PB 0x000000008a200000| Untracked 
|  87|0x000000008a300000, 0x000000008a300000, 0x000000008a400000|  0%| F|  |TAMS 0x000000008a300000| PB 0x000000008a300000| Untracked 
| 123|0x000000008c700000, 0x000000008c700000, 0x000000008c800000|  0%| F|  |TAMS 0x000000008c700000| PB 0x000000008c700000| Untracked 

Card table byte_map: [0x0000025f6cbe0000,0x0000025f6cfc0000] _byte_map_base: 0x0000025f6c7ba000

Marking Bits: (CMBitMap*) 0x0000025f5f32a150
 Bits: [0x0000025f6cfc0000, 0x0000025f6ee90000)

Polling page: 0x0000025f5f3a0000

Metaspace:

Usage:
  Non-class:     35.96 MB used.
      Class:      5.92 MB used.
       Both:     41.89 MB used.

Virtual space:
  Non-class space:       64.00 MB reserved,      36.38 MB ( 57%) committed,  1 nodes.
      Class space:        1.00 GB reserved,       6.25 MB ( <1%) committed,  1 nodes.
             Both:        1.06 GB reserved,      42.62 MB (  4%) committed. 

Chunk freelists:
   Non-Class:  11.59 MB
       Class:  9.78 MB
        Both:  21.37 MB

MaxMetaspaceSize: unlimited
CompressedClassSpaceSize: 1.00 GB
Initial GC threshold: 21.00 MB
Current GC threshold: 71.06 MB
CDS: on
 - commit_granule_bytes: 65536.
 - commit_granule_words: 8192.
 - virtual_space_node_default_size: 8388608.
 - enlarge_chunks_in_place: 1.
 - use_allocation_guard: 0.


Internal statistics:

num_allocs_failed_limit: 3.
num_arena_births: 1142.
num_arena_deaths: 320.
num_vsnodes_births: 2.
num_vsnodes_deaths: 0.
num_space_committed: 682.
num_space_uncommitted: 0.
num_chunks_returned_to_freelist: 381.
num_chunks_taken_from_freelist: 2914.
num_chunk_merges: 92.
num_chunk_splits: 1863.
num_chunks_enlarged: 1300.
num_inconsistent_stats: 0.

CodeCache: size=49152Kb used=10032Kb max_used=18573Kb free=39119Kb
 bounds [0x0000025f68f10000, 0x0000025f6a140000, 0x0000025f6bf10000]
 total_blobs=4522 nmethods=3915 adapters=530
 compilation: enabled
              stopped_count=0, restarted_count=0
 full_count=0

Compilation events (20 events):
Event: 277.771 Thread 0x0000025f7195f9b0 9904       1       org.springframework.boot.devtools.filewatch.DirectorySnapshot$$Lambda/0x0000025f0157ac50::<init> (10 bytes)
Event: 277.772 Thread 0x0000025f7195f9b0 nmethod 9904 0x0000025f690b8d10 code [0x0000025f690b8ea0, 0x0000025f690b8fb8]
Event: 277.779 Thread 0x0000025f7195f9b0 9905       1       org.springframework.boot.devtools.filewatch.FileSystemWatcher$Watcher::scan (63 bytes)
Event: 277.857 Thread 0x0000025f7195f9b0 nmethod 9905 0x0000025f69441490 code [0x0000025f69441680, 0x0000025f694418a0]
Event: 278.377 Thread 0x0000025f7195f9b0 9907       1       org.springframework.boot.devtools.filewatch.FileSystemWatcher$Watcher::getCurrentSnapshots (63 bytes)
Event: 278.588 Thread 0x0000025f7195f9b0 nmethod 9907 0x0000025f69049810 code [0x0000025f69049a40, 0x0000025f69049e40]
Event: 281.801 Thread 0x0000025f7195f9b0 9908       1       java.net.InetSocketAddress$InetSocketAddressHolder::getAddress (5 bytes)
Event: 281.806 Thread 0x0000025f7195f9b0 nmethod 9908 0x0000025f690c5f90 code [0x0000025f690c6120, 0x0000025f690c61e8]
Event: 281.980 Thread 0x0000025f7195f9b0 9909       1       java.net.InetAddress::<init> (21 bytes)
Event: 281.982 Thread 0x0000025f7195f9b0 nmethod 9909 0x0000025f6912b910 code [0x0000025f6912baa0, 0x0000025f6912bc48]
Event: 281.982 Thread 0x0000025f7195f9b0 9910       1       java.net.InetAddress$InetAddressHolder::<init> (5 bytes)
Event: 281.982 Thread 0x0000025f7195f9b0 nmethod 9910 0x0000025f690cbf90 code [0x0000025f690cc120, 0x0000025f690cc1e8]
Event: 281.991 Thread 0x0000025f7195f9b0 9911       1       java.net.SocketAddress::<init> (5 bytes)
Event: 281.992 Thread 0x0000025f7195f9b0 nmethod 9911 0x0000025f690cce10 code [0x0000025f690ccfa0, 0x0000025f690cd068]
Event: 282.174 Thread 0x0000025f7195f9b0 9912       1       java.net.InetSocketAddress::<init> (32 bytes)
Event: 282.179 Thread 0x0000025f7195f9b0 nmethod 9912 0x0000025f694f0990 code [0x0000025f694f0b60, 0x0000025f694f0e00]
Event: 282.179 Thread 0x0000025f7195f9b0 9913       1       java.net.InetSocketAddress::checkPort (39 bytes)
Event: 282.183 Thread 0x0000025f7195f9b0 nmethod 9913 0x0000025f69035f10 code [0x0000025f69036100, 0x0000025f690363e8]
Event: 282.183 Thread 0x0000025f7195f9b0 9914       1       java.net.InetSocketAddress$InetSocketAddressHolder::<init> (20 bytes)
Event: 282.184 Thread 0x0000025f7195f9b0 nmethod 9914 0x0000025f690b4e10 code [0x0000025f690b4fa0, 0x0000025f690b5108]

GC Heap History (20 events):
Event: 272.658 GC heap after
{Heap after GC invocations=120 (full 0):
 garbage-first heap   total 70656K, used 21572K [0x0000000084c00000, 0x0000000100000000)
  region size 1024K, 1 young (1024K), 1 survivors (1024K)
 Metaspace       used 42891K, committed 43648K, reserved 1114112K
  class space    used 6065K, committed 6400K, reserved 1048576K
}
Event: 274.656 GC heap before
{Heap before GC invocations=120 (full 0):
 garbage-first heap   total 70656K, used 61508K [0x0000000084c00000, 0x0000000100000000)
  region size 1024K, 41 young (41984K), 1 survivors (1024K)
 Metaspace       used 42891K, committed 43648K, reserved 1114112K
  class space    used 6065K, committed 6400K, reserved 1048576K
}
Event: 274.738 GC heap after
{Heap after GC invocations=121 (full 0):
 garbage-first heap   total 70656K, used 21564K [0x0000000084c00000, 0x0000000100000000)
  region size 1024K, 1 young (1024K), 1 survivors (1024K)
 Metaspace       used 42891K, committed 43648K, reserved 1114112K
  class space    used 6065K, committed 6400K, reserved 1048576K
}
Event: 275.920 GC heap before
{Heap before GC invocations=121 (full 0):
 garbage-first heap   total 70656K, used 61500K [0x0000000084c00000, 0x0000000100000000)
  region size 1024K, 41 young (41984K), 1 survivors (1024K)
 Metaspace       used 42891K, committed 43648K, reserved 1114112K
  class space    used 6065K, committed 6400K, reserved 1048576K
}
Event: 275.922 GC heap after
{Heap after GC invocations=122 (full 0):
 garbage-first heap   total 70656K, used 21570K [0x0000000084c00000, 0x0000000100000000)
  region size 1024K, 1 young (1024K), 1 survivors (1024K)
 Metaspace       used 42891K, committed 43648K, reserved 1114112K
  class space    used 6065K, committed 6400K, reserved 1048576K
}
Event: 277.769 GC heap before
{Heap before GC invocations=122 (full 0):
 garbage-first heap   total 70656K, used 61506K [0x0000000084c00000, 0x0000000100000000)
  region size 1024K, 41 young (41984K), 1 survivors (1024K)
 Metaspace       used 42891K, committed 43648K, reserved 1114112K
  class space    used 6065K, committed 6400K, reserved 1048576K
}
Event: 277.771 GC heap after
{Heap after GC invocations=123 (full 0):
 garbage-first heap   total 70656K, used 21582K [0x0000000084c00000, 0x0000000100000000)
  region size 1024K, 1 young (1024K), 1 survivors (1024K)
 Metaspace       used 42891K, committed 43648K, reserved 1114112K
  class space    used 6065K, committed 6400K, reserved 1048576K
}
Event: 279.752 GC heap before
{Heap before GC invocations=123 (full 0):
 garbage-first heap   total 70656K, used 61518K [0x0000000084c00000, 0x0000000100000000)
  region size 1024K, 41 young (41984K), 1 survivors (1024K)
 Metaspace       used 42891K, committed 43648K, reserved 1114112K
  class space    used 6065K, committed 6400K, reserved 1048576K
}
Event: 279.754 GC heap after
{Heap after GC invocations=124 (full 0):
 garbage-first heap   total 70656K, used 21590K [0x0000000084c00000, 0x0000000100000000)
  region size 1024K, 1 young (1024K), 1 survivors (1024K)
 Metaspace       used 42891K, committed 43648K, reserved 1114112K
  class space    used 6065K, committed 6400K, reserved 1048576K
}
Event: 281.510 GC heap before
{Heap before GC invocations=124 (full 0):
 garbage-first heap   total 70656K, used 61526K [0x0000000084c00000, 0x0000000100000000)
  region size 1024K, 41 young (41984K), 1 survivors (1024K)
 Metaspace       used 42891K, committed 43648K, reserved 1114112K
  class space    used 6065K, committed 6400K, reserved 1048576K
}
Event: 281.514 GC heap after
{Heap after GC invocations=125 (full 0):
 garbage-first heap   total 70656K, used 21578K [0x0000000084c00000, 0x0000000100000000)
  region size 1024K, 1 young (1024K), 1 survivors (1024K)
 Metaspace       used 42891K, committed 43648K, reserved 1114112K
  class space    used 6065K, committed 6400K, reserved 1048576K
}
Event: 282.946 GC heap before
{Heap before GC invocations=125 (full 0):
 garbage-first heap   total 70656K, used 61514K [0x0000000084c00000, 0x0000000100000000)
  region size 1024K, 41 young (41984K), 1 survivors (1024K)
 Metaspace       used 42891K, committed 43648K, reserved 1114112K
  class space    used 6065K, committed 6400K, reserved 1048576K
}
Event: 282.949 GC heap after
{Heap after GC invocations=126 (full 0):
 garbage-first heap   total 70656K, used 21602K [0x0000000084c00000, 0x0000000100000000)
  region size 1024K, 1 young (1024K), 1 survivors (1024K)
 Metaspace       used 42891K, committed 43648K, reserved 1114112K
  class space    used 6065K, committed 6400K, reserved 1048576K
}
Event: 284.693 GC heap before
{Heap before GC invocations=126 (full 0):
 garbage-first heap   total 70656K, used 61538K [0x0000000084c00000, 0x0000000100000000)
  region size 1024K, 41 young (41984K), 1 survivors (1024K)
 Metaspace       used 42891K, committed 43648K, reserved 1114112K
  class space    used 6065K, committed 6400K, reserved 1048576K
}
Event: 284.695 GC heap after
{Heap after GC invocations=127 (full 0):
 garbage-first heap   total 70656K, used 21568K [0x0000000084c00000, 0x0000000100000000)
  region size 1024K, 1 young (1024K), 1 survivors (1024K)
 Metaspace       used 42891K, committed 43648K, reserved 1114112K
  class space    used 6065K, committed 6400K, reserved 1048576K
}
Event: 286.086 GC heap before
{Heap before GC invocations=127 (full 0):
 garbage-first heap   total 70656K, used 61504K [0x0000000084c00000, 0x0000000100000000)
  region size 1024K, 41 young (41984K), 1 survivors (1024K)
 Metaspace       used 42891K, committed 43648K, reserved 1114112K
  class space    used 6065K, committed 6400K, reserved 1048576K
}
Event: 286.089 GC heap after
{Heap after GC invocations=128 (full 0):
 garbage-first heap   total 70656K, used 21589K [0x0000000084c00000, 0x0000000100000000)
  region size 1024K, 1 young (1024K), 1 survivors (1024K)
 Metaspace       used 42891K, committed 43648K, reserved 1114112K
  class space    used 6065K, committed 6400K, reserved 1048576K
}
Event: 287.353 GC heap before
{Heap before GC invocations=128 (full 0):
 garbage-first heap   total 70656K, used 61525K [0x0000000084c00000, 0x0000000100000000)
  region size 1024K, 41 young (41984K), 1 survivors (1024K)
 Metaspace       used 42891K, committed 43648K, reserved 1114112K
  class space    used 6065K, committed 6400K, reserved 1048576K
}
Event: 287.460 GC heap after
{Heap after GC invocations=129 (full 0):
 garbage-first heap   total 70656K, used 21541K [0x0000000084c00000, 0x0000000100000000)
  region size 1024K, 1 young (1024K), 1 survivors (1024K)
 Metaspace       used 42891K, committed 43648K, reserved 1114112K
  class space    used 6065K, committed 6400K, reserved 1048576K
}
Event: 288.320 GC heap before
{Heap before GC invocations=129 (full 0):
 garbage-first heap   total 70656K, used 61477K [0x0000000084c00000, 0x0000000100000000)
  region size 1024K, 41 young (41984K), 1 survivors (1024K)
 Metaspace       used 42891K, committed 43648K, reserved 1114112K
  class space    used 6065K, committed 6400K, reserved 1048576K
}

Dll operation events (10 events):
Event: 0.012 Loaded shared library C:\Program Files\Java\jdk-21\bin\java.dll
Event: 0.154 Loaded shared library C:\Program Files\Java\jdk-21\bin\net.dll
Event: 0.159 Loaded shared library C:\Program Files\Java\jdk-21\bin\nio.dll
Event: 0.168 Loaded shared library C:\Program Files\Java\jdk-21\bin\zip.dll
Event: 0.345 Loaded shared library C:\Program Files\Java\jdk-21\bin\jimage.dll
Event: 0.674 Loaded shared library C:\Program Files\Java\jdk-21\bin\management.dll
Event: 0.681 Loaded shared library C:\Program Files\Java\jdk-21\bin\management_ext.dll
Event: 2.062 Loaded shared library C:\Program Files\Java\jdk-21\bin\sunmscapi.dll
Event: 4.652 Loaded shared library C:\Program Files\Java\jdk-21\bin\extnet.dll
Event: 137.273 Loaded shared library C:\Program Files\Java\jdk-21\bin\verify.dll

Deoptimization events (16 events):
Event: 1.594 Thread 0x0000025f764950a0 DEOPT PACKING pc=0x0000025f694cb979 sp=0x000000e2659fcea0
Event: 1.594 Thread 0x0000025f764950a0 DEOPT UNPACKING pc=0x0000025f68f688e2 sp=0x000000e2659fc380 mode 3
Event: 1.982 Thread 0x0000025f764950a0 DEOPT PACKING pc=0x0000025f695297dd sp=0x000000e2659fd4b0
Event: 1.982 Thread 0x0000025f764950a0 DEOPT UNPACKING pc=0x0000025f68f688e2 sp=0x000000e2659fc958 mode 3
Event: 2.140 Thread 0x0000025f764950a0 DEOPT PACKING pc=0x0000025f6956ed1d sp=0x000000e2659fdbd0
Event: 2.140 Thread 0x0000025f764950a0 DEOPT UNPACKING pc=0x0000025f68f688e2 sp=0x000000e2659fd138 mode 3
Event: 3.550 Thread 0x0000025f764950a0 DEOPT PACKING pc=0x0000025f6967ad94 sp=0x000000e2659fccd0
Event: 3.550 Thread 0x0000025f764950a0 DEOPT UNPACKING pc=0x0000025f68f688e2 sp=0x000000e2659fc188 mode 0
Event: 4.581 Thread 0x0000025f71bcf640 DEOPT PACKING pc=0x0000025f694f089c sp=0x000000e2657ff1e0
Event: 4.581 Thread 0x0000025f71bcf640 DEOPT UNPACKING pc=0x0000025f68f688e2 sp=0x000000e2657fe728 mode 0
Event: 4.888 Thread 0x0000025f764950a0 DEOPT PACKING pc=0x0000025f69848a2c sp=0x000000e2659f8780
Event: 4.888 Thread 0x0000025f764950a0 DEOPT UNPACKING pc=0x0000025f68f688e2 sp=0x000000e2659f7cd8 mode 0
Event: 5.419 Thread 0x0000025f764950a0 DEOPT PACKING pc=0x0000025f69754779 sp=0x000000e2659fd500
Event: 5.419 Thread 0x0000025f764950a0 DEOPT UNPACKING pc=0x0000025f68f688e2 sp=0x000000e2659fc9e0 mode 3
Event: 142.414 Thread 0x0000025f76f8cbd0 DEOPT PACKING pc=0x0000025f6945a6c6 sp=0x000000e266efb480
Event: 142.414 Thread 0x0000025f76f8cbd0 DEOPT UNPACKING pc=0x0000025f68f688e2 sp=0x000000e266efa988 mode 3

Classes loaded (20 events):
Event: 137.933 Loading class javax/crypto/MacSpi
Event: 137.933 Loading class javax/crypto/MacSpi done
Event: 137.933 Loading class com/sun/crypto/provider/HmacCore done
Event: 137.933 Loading class com/sun/crypto/provider/HmacCore$HmacSHA256 done
Event: 137.952 Loading class java/util/stream/LongStream
Event: 137.954 Loading class java/util/stream/LongStream done
Event: 137.954 Loading class java/util/stream/DoubleStream
Event: 137.955 Loading class java/util/stream/DoubleStream done
Event: 138.088 Loading class java/util/zip/DeflaterOutputStream
Event: 138.089 Loading class java/util/zip/DeflaterOutputStream done
Event: 138.090 Loading class java/util/zip/GZIPInputStream
Event: 138.091 Loading class java/util/zip/GZIPInputStream done
Event: 138.091 Loading class java/util/zip/GZIPOutputStream
Event: 138.092 Loading class java/util/zip/GZIPOutputStream done
Event: 138.317 Loading class java/util/concurrent/locks/ReentrantReadWriteLock$Sync$HoldCounter
Event: 138.318 Loading class java/util/concurrent/locks/ReentrantReadWriteLock$Sync$HoldCounter done
Event: 138.329 Loading class java/util/ArrayList$SubList$2
Event: 138.330 Loading class java/util/ArrayList$SubList$2 done
Event: 138.369 Loading class sun/nio/cs/US_ASCII$Decoder
Event: 138.370 Loading class sun/nio/cs/US_ASCII$Decoder done

Classes unloaded (20 events):
Event: 145.511 Thread 0x0000025f71926380 Unloading class 0x0000025f01018000 'java/lang/invoke/LambdaForm$MH+0x0000025f01018000'
Event: 145.511 Thread 0x0000025f71926380 Unloading class 0x0000025f01017800 'java/lang/invoke/LambdaForm$MH+0x0000025f01017800'
Event: 145.511 Thread 0x0000025f71926380 Unloading class 0x0000025f01017400 'java/lang/invoke/LambdaForm$MH+0x0000025f01017400'
Event: 145.511 Thread 0x0000025f71926380 Unloading class 0x0000025f01017000 'java/lang/invoke/LambdaForm$MH+0x0000025f01017000'
Event: 145.511 Thread 0x0000025f71926380 Unloading class 0x0000025f01016400 'java/lang/invoke/LambdaForm$MH+0x0000025f01016400'
Event: 145.511 Thread 0x0000025f71926380 Unloading class 0x0000025f01015400 'java/lang/invoke/LambdaForm$MH+0x0000025f01015400'
Event: 145.511 Thread 0x0000025f71926380 Unloading class 0x0000025f01014800 'java/lang/invoke/LambdaForm$MH+0x0000025f01014800'
Event: 145.511 Thread 0x0000025f71926380 Unloading class 0x0000025f01014000 'java/lang/invoke/LambdaForm$MH+0x0000025f01014000'
Event: 145.511 Thread 0x0000025f71926380 Unloading class 0x0000025f01008c00 'java/lang/invoke/LambdaForm$MH+0x0000025f01008c00'
Event: 148.516 Thread 0x0000025f71926380 Unloading class 0x0000025f0159ac00 'java/lang/invoke/LambdaForm$MH+0x0000025f0159ac00'
Event: 148.516 Thread 0x0000025f71926380 Unloading class 0x0000025f0159a000 'java/lang/invoke/LambdaForm$MH+0x0000025f0159a000'
Event: 148.516 Thread 0x0000025f71926380 Unloading class 0x0000025f01599c00 'java/lang/invoke/LambdaForm$MH+0x0000025f01599c00'
Event: 148.516 Thread 0x0000025f71926380 Unloading class 0x0000025f01599800 'java/lang/invoke/LambdaForm$MH+0x0000025f01599800'
Event: 148.516 Thread 0x0000025f71926380 Unloading class 0x0000025f01599400 'java/lang/invoke/LambdaForm$MH+0x0000025f01599400'
Event: 148.516 Thread 0x0000025f71926380 Unloading class 0x0000025f01598800 'java/lang/invoke/LambdaForm$MH+0x0000025f01598800'
Event: 148.516 Thread 0x0000025f71926380 Unloading class 0x0000025f01598400 'java/lang/invoke/LambdaForm$MH+0x0000025f01598400'
Event: 148.516 Thread 0x0000025f71926380 Unloading class 0x0000025f01598000 'java/lang/invoke/LambdaForm$MH+0x0000025f01598000'
Event: 162.531 Thread 0x0000025f71926380 Unloading class 0x0000025f01634c00 'java/lang/invoke/LambdaForm$DMH+0x0000025f01634c00'
Event: 162.531 Thread 0x0000025f71926380 Unloading class 0x0000025f01635000 'java/lang/invoke/LambdaForm$DMH+0x0000025f01635000'
Event: 162.531 Thread 0x0000025f71926380 Unloading class 0x0000025f01634800 'java/lang/invoke/LambdaForm$DMH+0x0000025f01634800'

Classes redefined (0 events):
No events

Internal exceptions (20 events):
Event: 5.739 Thread 0x0000025f764950a0 Exception <a 'java/lang/NoSuchMethodError'{0x00000000876932d8}: 'java.lang.Object java.lang.invoke.DirectMethodHandle$Holder.newInvokeSpecial(java.lang.Object, java.lang.Object, java.lang.Object, java.lang.Object, java.lang.Object, java.lang.Object, java.lang.Object, java.lang.Object)'> (0x00000000876932d8) 
thrown [s\open\src\hotspot\share\interpreter\linkResolver.cpp, line 773]
Event: 6.047 Thread 0x0000025f764950a0 Exception <a 'java/lang/IncompatibleClassChangeError'{0x000000008a06a820}: Found class java.lang.Object, but interface was expected> (0x000000008a06a820) 
thrown [s\open\src\hotspot\share\interpreter\linkResolver.cpp, line 840]
Event: 6.248 Thread 0x0000025f764950a0 Exception <a 'java/lang/NoSuchMethodError'{0x0000000087897118}: 'void java.lang.invoke.DirectMethodHandle$Holder.invokeVirtual(java.lang.Object, java.lang.Object, long)'> (0x0000000087897118) 
thrown [s\open\src\hotspot\share\interpreter\linkResolver.cpp, line 773]
Event: 6.344 Thread 0x0000025f764950a0 Exception <a 'java/lang/NoSuchMethodError'{0x00000000874d4990}: 'int java.lang.invoke.DirectMethodHandle$Holder.invokeStaticInit(java.lang.Object, java.lang.Object, java.lang.Object, java.lang.Object)'> (0x00000000874d4990) 
thrown [s\open\src\hotspot\share\interpreter\linkResolver.cpp, line 773]
Event: 6.439 Thread 0x0000025f764950a0 Exception <a 'java/lang/NoSuchMethodError'{0x0000000086f56198}: 'java.lang.Object java.lang.invoke.DirectMethodHandle$Holder.newInvokeSpecial(java.lang.Object, java.lang.Object, int, java.lang.Object, java.lang.Object)'> (0x0000000086f56198) 
thrown [s\open\src\hotspot\share\interpreter\linkResolver.cpp, line 773]
Event: 6.440 Thread 0x0000025f764950a0 Exception <a 'java/lang/NoSuchMethodError'{0x0000000086f61048}: 'java.lang.Object java.lang.invoke.DirectMethodHandle$Holder.invokeSpecial(java.lang.Object, java.lang.Object, int, java.lang.Object, int, java.lang.Object)'> (0x0000000086f61048) 
thrown [s\open\src\hotspot\share\interpreter\linkResolver.cpp, line 773]
Event: 6.440 Thread 0x0000025f764950a0 Exception <a 'java/lang/NoSuchMethodError'{0x0000000086f684a8}: 'java.lang.Object java.lang.invoke.DirectMethodHandle$Holder.newInvokeSpecial(java.lang.Object, java.lang.Object, int, java.lang.Object, int)'> (0x0000000086f684a8) 
thrown [s\open\src\hotspot\share\interpreter\linkResolver.cpp, line 773]
Event: 6.441 Thread 0x0000025f764950a0 Exception <a 'java/lang/NoSuchMethodError'{0x0000000086f6c318}: 'java.lang.Object java.lang.invoke.DirectMethodHandle$Holder.invokeSpecial(java.lang.Object, java.lang.Object, java.lang.Object, int, java.lang.Object, int)'> (0x0000000086f6c318) 
thrown [s\open\src\hotspot\share\interpreter\linkResolver.cpp, line 773]
Event: 64.476 Thread 0x0000025f77460510 Exception <a 'java/lang/NoSuchMethodError'{0x000000008a14bfe0}: 'java.lang.Object java.lang.invoke.DirectMethodHandle$Holder.newInvokeSpecial(java.lang.Object, java.lang.Object, long)'> (0x000000008a14bfe0) 
thrown [s\open\src\hotspot\share\interpreter\linkResolver.cpp, line 773]
Event: 64.476 Thread 0x0000025f77460510 Exception <a 'java/lang/NoSuchMethodError'{0x000000008a14f648}: 'java.lang.Object java.lang.invoke.Invokers$Holder.linkToTargetMethod(java.lang.Object, long, java.lang.Object)'> (0x000000008a14f648) 
thrown [s\open\src\hotspot\share\interpreter\linkResolver.cpp, line 773]
Event: 136.016 Thread 0x0000025f76f8b820 Exception <a 'java/lang/NoSuchMethodError'{0x0000000087944178}: 'java.lang.Object java.lang.invoke.DirectMethodHandle$Holder.invokeSpecial(java.lang.Object, java.lang.Object, java.lang.Object, java.lang.Object, java.lang.Object, long)'> (0x0000000087944178) 
thrown [s\open\src\hotspot\share\interpreter\linkResolver.cpp, line 773]
Event: 136.016 Thread 0x0000025f76f8b820 Exception <a 'java/lang/NoSuchMethodError'{0x0000000087947948}: 'java.lang.Object java.lang.invoke.Invokers$Holder.linkToTargetMethod(java.lang.Object, java.lang.Object, java.lang.Object, long, java.lang.Object)'> (0x0000000087947948) 
thrown [s\open\src\hotspot\share\interpreter\linkResolver.cpp, line 773]
Event: 137.094 Thread 0x0000025f76f8cbd0 Exception <a 'java/lang/NoSuchMethodError'{0x0000000086e5e1f8}: 'java.lang.Object java.lang.invoke.DirectMethodHandle$Holder.invokeInterface(java.lang.Object, java.lang.Object, int)'> (0x0000000086e5e1f8) 
thrown [s\open\src\hotspot\share\interpreter\linkResolver.cpp, line 773]
Event: 137.278 Thread 0x0000025f76f8cbd0 Exception <a 'java/lang/NoSuchMethodError'{0x0000000086b0a8e0}: 'void java.lang.invoke.Invokers$Holder.invoke_MT(java.lang.Object, java.lang.Object, java.lang.Object, java.lang.Object)'> (0x0000000086b0a8e0) 
thrown [s\open\src\hotspot\share\interpreter\linkResolver.cpp, line 773]
Event: 137.289 Thread 0x0000025f76f8cbd0 Exception <a 'java/lang/NoSuchMethodError'{0x0000000086b31450}: 'java.lang.Object java.lang.invoke.DirectMethodHandle$Holder.invokeInterface(java.lang.Object, java.lang.Object, java.lang.Object, java.lang.Object)'> (0x0000000086b31450) 
thrown [s\open\src\hotspot\share\interpreter\linkResolver.cpp, line 773]
Event: 137.290 Thread 0x0000025f76f8cbd0 Exception <a 'java/lang/IncompatibleClassChangeError'{0x0000000086b35110}: Found class java.lang.Object, but interface was expected> (0x0000000086b35110) 
thrown [s\open\src\hotspot\share\interpreter\linkResolver.cpp, line 840]
Event: 138.326 Thread 0x0000025f77e1f0b0 Exception <a 'java/lang/NoSuchMethodError'{0x0000000087cb1ae0}: 'java.lang.Object java.lang.invoke.DirectMethodHandle$Holder.invokeStatic(java.lang.Object, int, int)'> (0x0000000087cb1ae0) 
thrown [s\open\src\hotspot\share\interpreter\linkResolver.cpp, line 773]
Event: 138.327 Thread 0x0000025f77e22bc0 Exception <a 'java/lang/NoSuchMethodError'{0x0000000087cd1e58}: 'java.lang.Object java.lang.invoke.DirectMethodHandle$Holder.invokeStatic(java.lang.Object, int, int)'> (0x0000000087cd1e58) 
thrown [s\open\src\hotspot\share\interpreter\linkResolver.cpp, line 773]
Event: 138.327 Thread 0x0000025f77e23250 Exception <a 'java/lang/NoSuchMethodError'{0x0000000087cc5dc0}: 'java.lang.Object java.lang.invoke.DirectMethodHandle$Holder.invokeStatic(java.lang.Object, int, int)'> (0x0000000087cc5dc0) 
thrown [s\open\src\hotspot\share\interpreter\linkResolver.cpp, line 773]
Event: 138.328 Thread 0x0000025f77e23f70 Exception <a 'java/lang/NoSuchMethodError'{0x0000000087cdce10}: 'java.lang.Object java.lang.invoke.DirectMethodHandle$Holder.invokeStatic(java.lang.Object, int, int)'> (0x0000000087cdce10) 
thrown [s\open\src\hotspot\share\interpreter\linkResolver.cpp, line 773]

ZGC Phase Switch (0 events):
No events

VM Operations (20 events):
Event: 272.658 Executing VM operation: G1CollectForAllocation (G1 Evacuation Pause) done
Event: 274.656 Executing VM operation: G1CollectForAllocation (G1 Evacuation Pause)
Event: 274.738 Executing VM operation: G1CollectForAllocation (G1 Evacuation Pause) done
Event: 275.920 Executing VM operation: G1CollectForAllocation (G1 Evacuation Pause)
Event: 275.922 Executing VM operation: G1CollectForAllocation (G1 Evacuation Pause) done
Event: 277.746 Executing VM operation: G1CollectForAllocation (G1 Evacuation Pause)
Event: 277.771 Executing VM operation: G1CollectForAllocation (G1 Evacuation Pause) done
Event: 279.752 Executing VM operation: G1CollectForAllocation (G1 Evacuation Pause)
Event: 279.754 Executing VM operation: G1CollectForAllocation (G1 Evacuation Pause) done
Event: 281.510 Executing VM operation: G1CollectForAllocation (G1 Evacuation Pause)
Event: 281.514 Executing VM operation: G1CollectForAllocation (G1 Evacuation Pause) done
Event: 282.946 Executing VM operation: G1CollectForAllocation (G1 Evacuation Pause)
Event: 282.949 Executing VM operation: G1CollectForAllocation (G1 Evacuation Pause) done
Event: 284.693 Executing VM operation: G1CollectForAllocation (G1 Evacuation Pause)
Event: 284.695 Executing VM operation: G1CollectForAllocation (G1 Evacuation Pause) done
Event: 286.086 Executing VM operation: G1CollectForAllocation (G1 Evacuation Pause)
Event: 286.089 Executing VM operation: G1CollectForAllocation (G1 Evacuation Pause) done
Event: 287.353 Executing VM operation: G1CollectForAllocation (G1 Evacuation Pause)
Event: 287.461 Executing VM operation: G1CollectForAllocation (G1 Evacuation Pause) done
Event: 288.320 Executing VM operation: G1CollectForAllocation (G1 Evacuation Pause)

Events (20 events):
Event: 167.941 Thread 0x0000025f71926380 flushing nmethod 0x0000025f69035810
Event: 167.941 Thread 0x0000025f71926380 flushing nmethod 0x0000025f69045c10
Event: 167.941 Thread 0x0000025f71926380 flushing nmethod 0x0000025f69032890
Event: 167.941 Thread 0x0000025f71926380 flushing nmethod 0x0000025f6904a410
Event: 167.941 Thread 0x0000025f71926380 flushing nmethod 0x0000025f69049e10
Event: 167.941 Thread 0x0000025f71926380 flushing nmethod 0x0000025f6903c010
Event: 167.941 Thread 0x0000025f71926380 flushing nmethod 0x0000025f69049b10
Event: 167.941 Thread 0x0000025f71926380 flushing nmethod 0x0000025f69049810
Event: 167.941 Thread 0x0000025f71926380 flushing nmethod 0x0000025f6903b790
Event: 167.941 Thread 0x0000025f71926380 flushing nmethod 0x0000025f69038490
Event: 167.941 Thread 0x0000025f71926380 flushing nmethod 0x0000025f6902e590
Event: 167.941 Thread 0x0000025f71926380 flushing nmethod 0x0000025f6903d290
Event: 167.941 Thread 0x0000025f71926380 flushing nmethod 0x0000025f69036d10
Event: 167.941 Thread 0x0000025f71926380 flushing nmethod 0x0000025f6902d090
Event: 167.941 Thread 0x0000025f71926380 flushing nmethod 0x0000025f69036290
Event: 167.941 Thread 0x0000025f71926380 flushing nmethod 0x0000025f69035f10
Event: 170.924 Thread 0x0000025f71d805c0 Thread exited: 0x0000025f71d805c0
Event: 178.527 Thread 0x0000025f77e5fe60 Thread exited: 0x0000025f77e5fe60
Event: 224.747 Thread 0x0000025f71d805c0 Thread added: 0x0000025f71d805c0
Event: 229.749 Thread 0x0000025f71d805c0 Thread exited: 0x0000025f71d805c0


Dynamic libraries:
0x00007ff763c20000 - 0x00007ff763c30000 	C:\Program Files\Java\jdk-21\bin\java.exe
0x00007ff846f50000 - 0x00007ff847148000 	C:\Windows\SYSTEM32\ntdll.dll
0x00007ff846cb0000 - 0x00007ff846d6d000 	C:\Windows\System32\KERNEL32.DLL
0x00007ff8447a0000 - 0x00007ff844a96000 	C:\Windows\System32\KERNELBASE.dll
0x00007ff844e90000 - 0x00007ff844f90000 	C:\Windows\System32\ucrtbase.dll
0x00007ff841910000 - 0x00007ff84192b000 	C:\Program Files\Java\jdk-21\bin\VCRUNTIME140.dll
0x00007ff836800000 - 0x00007ff836819000 	C:\Program Files\Java\jdk-21\bin\jli.dll
0x00007ff846e50000 - 0x00007ff846f03000 	C:\Windows\System32\ADVAPI32.dll
0x00007ff846330000 - 0x00007ff8463ce000 	C:\Windows\System32\msvcrt.dll
0x00007ff8465c0000 - 0x00007ff84665f000 	C:\Windows\System32\sechost.dll
0x00007ff845160000 - 0x00007ff845286000 	C:\Windows\System32\RPCRT4.dll
0x00007ff844d30000 - 0x00007ff844d57000 	C:\Windows\System32\bcrypt.dll
0x00007ff846690000 - 0x00007ff84682e000 	C:\Windows\System32\USER32.dll
0x00007ff844610000 - 0x00007ff844632000 	C:\Windows\System32\win32u.dll
0x00007ff846660000 - 0x00007ff84668b000 	C:\Windows\System32\GDI32.dll
0x00007ff844c10000 - 0x00007ff844d27000 	C:\Windows\System32\gdi32full.dll
0x00007ff828e10000 - 0x00007ff8290aa000 	C:\Windows\WinSxS\amd64_microsoft.windows.common-controls_6595b64144ccf1df_6.0.19041.3636_none_60b6a03d71f818d5\COMCTL32.dll
0x00007ff844d60000 - 0x00007ff844dfd000 	C:\Windows\System32\msvcp_win.dll
0x00007ff8388b0000 - 0x00007ff8388ba000 	C:\Windows\SYSTEM32\VERSION.dll
0x00007ff844f90000 - 0x00007ff844fc2000 	C:\Windows\System32\IMM32.DLL
0x00007ff841900000 - 0x00007ff84190c000 	C:\Program Files\Java\jdk-21\bin\vcruntime140_1.dll
0x00007ff835010000 - 0x00007ff83509e000 	C:\Program Files\Java\jdk-21\bin\msvcp140.dll
0x00007fffe6430000 - 0x00007fffe7145000 	C:\Program Files\Java\jdk-21\bin\server\jvm.dll
0x00007ff8461e0000 - 0x00007ff84624b000 	C:\Windows\System32\WS2_32.dll
0x00007ff843ff0000 - 0x00007ff84403b000 	C:\Windows\SYSTEM32\POWRPROF.dll
0x00007ff828840000 - 0x00007ff828867000 	C:\Windows\SYSTEM32\WINMM.dll
0x00007ff843fd0000 - 0x00007ff843fe2000 	C:\Windows\SYSTEM32\UMPDC.dll
0x00007ff842e10000 - 0x00007ff842e22000 	C:\Windows\SYSTEM32\kernel.appcore.dll
0x00007ff83fab0000 - 0x00007ff83faba000 	C:\Program Files\Java\jdk-21\bin\jimage.dll
0x00007ff842370000 - 0x00007ff842554000 	C:\Windows\SYSTEM32\DBGHELP.DLL
0x00007ff83a5c0000 - 0x00007ff83a5f4000 	C:\Windows\SYSTEM32\dbgcore.DLL
0x00007ff844e00000 - 0x00007ff844e82000 	C:\Windows\System32\bcryptPrimitives.dll
0x00007ff836700000 - 0x00007ff83671f000 	C:\Program Files\Java\jdk-21\bin\java.dll
0x00007ff8454f0000 - 0x00007ff845c35000 	C:\Windows\System32\SHELL32.dll
0x00007ff842660000 - 0x00007ff842dfc000 	C:\Windows\SYSTEM32\windows.storage.dll
0x00007ff846950000 - 0x00007ff846ca4000 	C:\Windows\System32\combase.dll
0x00007ff844040000 - 0x00007ff84406e000 	C:\Windows\SYSTEM32\Wldp.dll
0x00007ff846250000 - 0x00007ff84631d000 	C:\Windows\System32\OLEAUT32.dll
0x00007ff846440000 - 0x00007ff8464ed000 	C:\Windows\System32\SHCORE.dll
0x00007ff846560000 - 0x00007ff8465b5000 	C:\Windows\System32\shlwapi.dll
0x00007ff844540000 - 0x00007ff844565000 	C:\Windows\SYSTEM32\profapi.dll
0x00007ff83d080000 - 0x00007ff83d090000 	C:\Program Files\Java\jdk-21\bin\net.dll
0x00007ff83f430000 - 0x00007ff83f53a000 	C:\Windows\SYSTEM32\WINHTTP.dll
0x00007ff843d30000 - 0x00007ff843d9a000 	C:\Windows\system32\mswsock.dll
0x00007ff835440000 - 0x00007ff835456000 	C:\Program Files\Java\jdk-21\bin\nio.dll
0x00007ff831620000 - 0x00007ff831638000 	C:\Program Files\Java\jdk-21\bin\zip.dll
0x00007ff838010000 - 0x00007ff83801a000 	C:\Program Files\Java\jdk-21\bin\management.dll
0x00007ff836760000 - 0x00007ff83676b000 	C:\Program Files\Java\jdk-21\bin\management_ext.dll
0x00007ff8464f0000 - 0x00007ff8464f8000 	C:\Windows\System32\PSAPI.DLL
0x00007ff836750000 - 0x00007ff83675e000 	C:\Program Files\Java\jdk-21\bin\sunmscapi.dll
0x00007ff844640000 - 0x00007ff84479d000 	C:\Windows\System32\CRYPT32.dll
0x00007ff8440b0000 - 0x00007ff8440d8000 	C:\Windows\SYSTEM32\ncrypt.dll
0x00007ff844070000 - 0x00007ff8440ab000 	C:\Windows\SYSTEM32\NTASN1.dll
0x00007ff843f20000 - 0x00007ff843f38000 	C:\Windows\SYSTEM32\CRYPTSP.dll
0x00007ff843630000 - 0x00007ff843664000 	C:\Windows\system32\rsaenh.dll
0x00007ff8444c0000 - 0x00007ff8444ee000 	C:\Windows\SYSTEM32\USERENV.dll
0x00007ff843f40000 - 0x00007ff843f4c000 	C:\Windows\SYSTEM32\CRYPTBASE.dll
0x00007ff843a00000 - 0x00007ff843a3b000 	C:\Windows\SYSTEM32\IPHLPAPI.DLL
0x00007ff846430000 - 0x00007ff846438000 	C:\Windows\System32\NSI.dll
0x00007ff843a40000 - 0x00007ff843b0b000 	C:\Windows\SYSTEM32\DNSAPI.dll
0x00007ff83b810000 - 0x00007ff83b81a000 	C:\Windows\System32\rasadhlp.dll
0x00007ff83a540000 - 0x00007ff83a5c0000 	C:\Windows\System32\fwpuclnt.dll
0x00007ff836e80000 - 0x00007ff836e87000 	C:\Program Files\Java\jdk-21\bin\extnet.dll
0x00007ff831680000 - 0x00007ff831687000 	C:\Windows\system32\wshunix.dll
0x00007ff8366f0000 - 0x00007ff836700000 	C:\Program Files\Java\jdk-21\bin\verify.dll

dbghelp: loaded successfully - version: 4.0.5 - missing functions: none
symbol engine: initialized successfully - sym options: 0x614 - pdb path: .;C:\Program Files\Java\jdk-21\bin;C:\Windows\SYSTEM32;C:\Windows\WinSxS\amd64_microsoft.windows.common-controls_6595b64144ccf1df_6.0.19041.3636_none_60b6a03d71f818d5;C:\Program Files\Java\jdk-21\bin\server

VM Arguments:
jvm_args: -XX:TieredStopAtLevel=1 
java_command: Backend.JobWave.JobWaveApplication
java_class_path (initial): C:\Users\ARULMOZHI K\OneDrive\Documents\Intern\JobWave-Application\Backend\target\classes;C:\Users\ARULMOZHI K\.m2\repository\ch\qos\logback\logback-classic\1.4.14\logback-classic-1.4.14.jar;C:\Users\ARULMOZHI K\.m2\repository\ch\qos\logback\logback-core\1.4.14\logback-core-1.4.14.jar;C:\Users\ARULMOZHI K\.m2\repository\org\apache\logging\log4j\log4j-to-slf4j\2.21.1\log4j-to-slf4j-2.21.1.jar;C:\Users\ARULMOZHI K\.m2\repository\org\apache\logging\log4j\log4j-api\2.21.1\log4j-api-2.21.1.jar;C:\Users\ARULMOZHI K\.m2\repository\org\slf4j\jul-to-slf4j\2.0.9\jul-to-slf4j-2.0.9.jar;C:\Users\ARULMOZHI K\.m2\repository\jakarta\annotation\jakarta.annotation-api\2.1.1\jakarta.annotation-api-2.1.1.jar;C:\Users\ARULMOZHI K\.m2\repository\org\yaml\snakeyaml\2.2\snakeyaml-2.2.jar;C:\Users\ARULMOZHI K\.m2\repository\org\mongodb\mongodb-driver-sync\4.11.1\mongodb-driver-sync-4.11.1.jar;C:\Users\ARULMOZHI K\.m2\repository\org\mongodb\bson\4.11.1\bson-4.11.1.jar;C:\Users\ARULMOZHI K\.m2\repository\org\mongodb\mongodb-driver-core\4.11.1\mongodb-driver-core-4.11.1.jar;C:\Users\ARULMOZHI K\.m2\repository\org\mongodb\bson-record-codec\4.11.1\bson-record-codec-4.11.1.jar;C:\Users\ARULMOZHI K\.m2\repository\org\springframework\data\spring-data-mongodb\4.2.1\spring-data-mongodb-4.2.1.jar;C:\Users\ARULMOZHI K\.m2\repository\org\springframework\spring-tx\6.1.2\spring-tx-6.1.2.jar;C:\Users\ARULMOZHI K\.m2\repository\org\springframework\spring-context\6.1.2\spring-context-6.1.2.jar;C:\Users\ARULMOZHI K\.m2\repository\org\springframework\spring-beans\6.1.2\spring-beans-6.1.2.jar;C:\Users\ARULMOZHI K\.m2\repository\org\springframework\spring-expression\6.1.2\spring-expression-6.1.2.jar;C:\Users\ARULMOZHI K\.m2\repository\org\springframework\data\spring-data-commons\3.2.1\spring-data-commons-3.2.1.jar;C:\Users\ARULMOZHI K\.m2\repository\org\slf4j\slf4j-api\2.0.9\slf4j-api-2.0.9.jar;C:\Users\ARULMOZHI K\.m2\repository\org\springframework\spring-context-support\6.1.2\spring-context-support-6.1.2.jar;C:\Users\ARULMOZHI K\.m2\repository\org\eclipse\angus\jakarta.mail\2.0.2\jakarta.mail-2.0.2.jar;C:\Users\ARULMOZHI K\.m2\repository\jakarta\activation\jakarta.activation-api\2.1.2\jakarta.activation-api-2.1.2.jar;C:\Users\ARULMOZHI K\.m2\repository\org\eclipse\angus\angus-activation\2.0.1\angus-activation-2.0.1.jar;C:\Users\ARULMOZHI K\.m2\repository\org\springframework\spring-aop\6.1.2\spring-aop-6.1.2.jar;C:\Users\ARULMOZHI K\.m2\repository\org\springframework\security\spring-security-config\6.2.1\spring-security-config-6.2.1.jar;C:\Users\ARULMOZHI K\.m2\repository\org\springframework\security\spring-security-web\6.2.1\spring-security-web-6.2.1.jar;C:\Users\ARULMOZHI K\.m2\repository\com\razorpay\razorpay-java\1.4.3\razorpay-java-1.4.3.jar;C:\Users\ARULMOZHI K\.m2\repository\org\json\json\20180130\json-20180130.jar;C:\Users\ARULMOZHI K\.m2\repository\com\squareup\okhttp3\okhttp\4.12.0\okhttp-4.12.0.jar;C:\Users\ARULMOZHI K\.m2\repository\com\squareup\okio\okio\3.6.0\okio-3.6.0.jar;C:\Users\ARULMOZHI K\.m2\repository\com\squareup\okio\okio-jvm\3.6.0\okio-jvm-3.6.0.jar;C:\Users\ARULMOZHI K\.m2\repository\org\jetbrains\kotlin\kotlin-stdlib-common\1.9.21\kotlin-stdlib-common-1.9.21.jar;C:\Users\ARULMOZHI K\.m2\repository\org\jetbrains\kotlin\kotlin-stdlib-jdk8\1.9.21\kotlin-stdlib-jdk8-1.9.21.jar;C:\Users\ARULMOZHI K\.m2\repository\org\jetbrains\kotlin\kotlin-stdlib\1.9.21\kotlin-stdlib-1.9.21.jar;C:\Users\ARULMOZHI K\.m2\repository\org\jetbrains\annotations\13.0\annotations-13.0.jar;C:\Users\ARULMOZHI K\.m2\repository\org\jetbrains\kotlin\kotlin-stdlib-jdk7\1.9.21\kotlin-stdlib-jdk7-1.9.21.jar;C:\Users\ARULMOZHI K\.m2\repository\com\squareup\okhttp3\logging-interceptor\4.12.0\logging-interceptor-4.12.0.jar;C:\Users\ARULMOZHI K\.m2\repository\commons-codec\commons-codec\1.16.0\commons-codec-1.16.0.jar;C:\Users\ARULMOZHI K\.m2\repository\org\apache\commons\commons-text\1.3\commons-text-1.3.jar;C:\Users\ARULMOZHI K\.m2\repository\org\apache\commons\commons-lang3\3.13.0\commons-lang3-3.13.0.jar;C:\Users\ARULMOZHI K\.m2\repository\org\springframework\boot\spring-boot-devtools\3.2.1\spring-boot-devtools-3.2.1.jar;C:\Users\ARULMOZHI K\.m2\repository\org\springframework\boot\spring-boot\3.2.1\spring-boot-3.2.1.jar;C:\Users\ARULMOZHI K\.m2\repository\org\springframework\boot\spring-boot-autoconfigure\3.2.1\spring-boot-autoconfigure-3.2.1.jar;C:\Users\ARULMOZHI K\.m2\repository\com\fasterxml\jackson\datatype\jackson-datatype-jdk8\2.15.3\jackson-datatype-jdk8-2.15.3.jar;C:\Users\ARULMOZHI K\.m2\repository\com\fasterxml\jackson\datatype\jackson-datatype-jsr310\2.15.3\jackson-datatype-jsr310-2.15.3.jar;C:\Users\ARULMOZHI K\.m2\repository\com\fasterxml\jackson\module\jackson-module-parameter-names\2.15.3\jackson-module-parameter-names-2.15.3.jar;C:\Users\ARULMOZHI K\.m2\repository\org\apache\tomcat\embed\tomcat-embed-core\10.1.17\tomcat-embed-core-10.1.17.jar;C:\Users\ARULMOZHI K\.m2\repository\org\apache\tomcat\embed\tomcat-embed-el\10.1.17\tomcat-embed-el-10.1.17.jar;C:\Users\ARULMOZHI K\.m2\repository\org\apache\tomcat\embed\tomcat-embed-websocket\10.1.17\tomcat-embed-websocket-10.1.17.jar;C:\Users\ARULMOZHI K\.m2\repository\org\springframework\spring-web\6.1.2\spring-web-6.1.2.jar;C:\Users\ARULMOZHI K\.m2\repository\io\micrometer\micrometer-observation\1.12.1\micrometer-observation-1.12.1.jar;C:\Users\ARULMOZHI K\.m2\repository\io\micrometer\micrometer-commons\1.12.1\micrometer-commons-1.12.1.jar;C:\Users\ARULMOZHI K\.m2\repository\org\springframework\spring-webmvc\6.1.2\spring-webmvc-6.1.2.jar;C:\Users\ARULMOZHI K\.m2\repository\io\jsonwebtoken\jjwt-api\0.11.5\jjwt-api-0.11.5.jar;C:\Users\ARULMOZHI K\.m2\repository\io\jsonwebtoken\jjwt-impl\0.11.5\jjwt-impl-0.11.5.jar;C:\Users\ARULMOZHI K\.m2\repository\io\jsonwebtoken\jjwt-jackson\0.11.5\jjwt-jackson-0.11.5.jar;C:\Users\ARULMOZHI K\.m2\repository\com\fasterxml\jackson\core\jackson-databind\2.15.3\jackson-databind-2.15.3.jar;C:\Users\ARULMOZHI K\.m2\repository\com\fasterxml\jackson\core\jackson-annotations\2.15.3\jackson-annotations-2.15.3.jar;C:\Users\ARULMOZHI K\.m2\repository\com\fasterxml\jackson\core\jackson-core\2.15.3\jackson-core-2.15.3.jar;C:\Users\ARULMOZHI K\.m2\repository\org\springframework\spring-core\6.1.2\spring-core-6.1.2.jar;C:\Users\ARULMOZHI K\.m2\repository\org\springframework\spring-jcl\6.1.2\spring-jcl-6.1.2.jar;C:\Users\ARULMOZHI K\.m2\repository\org\springframework\security\spring-security-core\6.2.1\spring-security-core-6.2.1.jar;C:\Users\ARULMOZHI K\.m2\repository\org\springframework\security\spring-security-crypto\6.2.1\spring-security-crypto-6.2.1.jar
Launcher Type: SUN_STANDARD

[Global flags]
     intx CICompilerCount                          = 4                                         {product} {ergonomic}
     uint ConcGCThreads                            = 2                                         {product} {ergonomic}
     uint G1ConcRefinementThreads                  = 8                                         {product} {ergonomic}
   size_t G1HeapRegionSize                         = 1048576                                   {product} {ergonomic}
    uintx GCDrainStackTargetSize                   = 64                                        {product} {ergonomic}
   size_t InitialHeapSize                          = 130023424                                 {product} {ergonomic}
   size_t MarkStackSize                            = 4194304                                   {product} {ergonomic}
   size_t MaxHeapSize                              = 2067791872                                {product} {ergonomic}
   size_t MaxNewSize                               = 1240465408                                {product} {ergonomic}
   size_t MinHeapDeltaBytes                        = 1048576                                   {product} {ergonomic}
   size_t MinHeapSize                              = 8388608                                   {product} {ergonomic}
    uintx NonNMethodCodeHeapSize                   = 4096                                   {pd product} {ergonomic}
    uintx NonProfiledCodeHeapSize                  = 0                                      {pd product} {ergonomic}
     bool ProfileInterpreter                       = false                                  {pd product} {command line}
    uintx ProfiledCodeHeapSize                     = 0                                      {pd product} {ergonomic}
   size_t SoftMaxHeapSize                          = 2067791872                             {manageable} {ergonomic}
     intx TieredStopAtLevel                        = 1                                         {product} {command line}
     bool UseCompressedOops                        = true                           {product lp64_product} {ergonomic}
     bool UseG1GC                                  = true                                      {product} {ergonomic}
     bool UseLargePagesIndividualAllocation        = false                                  {pd product} {ergonomic}

Logging:
Log output configuration:
 #0: stdout all=warning uptime,level,tags foldmultilines=false
 #1: stderr all=off uptime,level,tags foldmultilines=false

Environment Variables:
PATH=C:\Python310\Scripts\;C:\Python310\;C:\Program Files\Common Files\Oracle\Java\javapath;C:\Windows\system32;C:\Windows;C:\Windows\System32\Wbem;C:\Windows\System32\WindowsPowerShell\v1.0\;C:\Windows\System32\OpenSSH\;C:\Program Files\MySQL\MySQL Server 8.0\bin;C:\Program Files\Java\jdk-11.0.16\bin;C:\ProgramData\chocolatey\bin;c:\Program Files (x86)\Microsoft SQL Server\90\Tools\binn\;C:\Program Files\Microsoft\Web Platform Installer\;C:\Program Files (x86)\Microsoft ASP.NET\ASP.NET Web Pages\v1.0\;C:\Program Files\Microsoft SQL Server\110\Tools\Binn\;C:\Program Files\Git\cmd;C:\Users\ARULMOZHI K\Downloads\apache-maven-3.8.7-bin\apache-maven-3.8.7\bin;C:\Program Files\Java\jdk-21\bin;C:\Program Files\Docker\Docker\resources\bin;C:\Users\ARULMOZHI K\AppData\Roaming\nvm;C:\Program Files\nodejs;C:\Program Files\MySQL\MySQL Shell 8.0\bin\;C:\Users\ARULMOZHI K\AppData\Local\Microsoft\WindowsApps;C:\Users\ARULMOZHI K\AppData\Local\Programs\Microsoft VS Code\bin;C:\MinGW\bin;C:\Program Files\Java\jdk-11.0.16\bin;C:\Program Files\MongoDB\Server\6.0\bin;C:\Users\ARULMOZHI K\Downloads\mongosh-1.6.1-win32-x64\mongosh-1.6.1-win32-x64\bin;C:\Users\ARULMOZHI K\Downloads\apache-maven-3.8.7-bin\apache-maven-3.8.7\bin;C:\Users\ARULMOZHI K\AppData\Local\Programs\mongosh\;C:\Users\ARULMOZHI K\AppData\Local\GitHubDesktop\bin;C:\Users\ARULMOZHI K\AppData\Roaming\nvm;C:\Program Files\nodejs
USERNAME=ARULMOZHI K
LANG=en_US.UTF-8
OS=Windows_NT
PROCESSOR_IDENTIFIER=Intel64 Family 6 Model 140 Stepping 1, GenuineIntel
TMP=C:\Users\ARULMO~1\AppData\Local\Temp
TEMP=C:\Users\ARULMO~1\AppData\Local\Temp




Periodic native trim disabled

---------------  S Y S T E M  ---------------

OS:
 Windows 10 , 64 bit Build 19041 (10.0.19041.3636)
OS uptime: 4 days 11:52 hours
Hyper-V role detected

CPU: total 8 (initial active 8) (4 cores per cpu, 2 threads per core) family 6 model 140 stepping 1 microcode 0x86, cx8, cmov, fxsr, ht, mmx, 3dnowpref, sse, sse2, sse3, ssse3, sse4.1, sse4.2, popcnt, lzcnt, tsc, tscinvbit, avx, avx2, aes, erms, clmul, bmi1, bmi2, adx, avx512f, avx512dq, avx512cd, avx512bw, avx512vl, sha, fma, vzeroupper, avx512_vpopcntdq, avx512_vpclmulqdq, avx512_vaes, avx512_vnni, clflush, clflushopt, clwb, avx512_vbmi2, avx512_vbmi, hv, rdtscp, rdpid, fsrm, gfni, avx512_bitalg, f16c, cet_ibt, cet_ss, avx512_ifma
Processor Information for processor 0
  Max Mhz: 2419, Current Mhz: 2419, Mhz Limit: 2419
Processor Information for processor 1
  Max Mhz: 2419, Current Mhz: 2419, Mhz Limit: 2419
Processor Information for processor 2
  Max Mhz: 2419, Current Mhz: 2419, Mhz Limit: 2419
Processor Information for processor 3
  Max Mhz: 2419, Current Mhz: 2419, Mhz Limit: 2419
Processor Information for processor 4
  Max Mhz: 2419, Current Mhz: 907, Mhz Limit: 2419
Processor Information for processor 5
  Max Mhz: 2419, Current Mhz: 907, Mhz Limit: 2419
Processor Information for processor 6
  Max Mhz: 2419, Current Mhz: 2419, Mhz Limit: 2419
Processor Information for processor 7
  Max Mhz: 2419, Current Mhz: 2419, Mhz Limit: 2419

Memory: 4k page, system-wide physical 7885M (413M free)
TotalPageFile size 32461M (AvailPageFile size 28M)
current process WorkingSet (physical memory assigned to process): 87M, peak: 202M
current process commit charge ("private bytes"): 239M, peak: 253M

vm_info: Java HotSpot(TM) 64-Bit Server VM (21.0.1+12-LTS-29) for windows-amd64 JRE (21.0.1+12-LTS-29), built on 2023-10-05T13:27:09Z by "mach5one" with MS VC++ 17.1 (VS2022)

END.
