#
# There is insufficient memory for the Java Runtime Environment to continue.
# Native memory allocation (mmap) failed to map 12582912 bytes for G1 virtual space
# Possible reasons:
#   The system is out of physical RAM or swap space
#   The process is running with CompressedOops enabled, and the Java Heap may be blocking the growth of the native heap
# Possible solutions:
#   Reduce memory load on the system
#   Increase physical memory or swap space
#   Check if swap backing store is full
#   Decrease Java heap size (-Xmx/-Xms)
#   Decrease number of Java threads
#   Decrease Java thread stack sizes (-Xss)
#   Set larger code cache with -XX:ReservedCodeCacheSize=
#   JVM is running with Unscaled Compressed Oops mode in which the Java heap is
#     placed in the first 4GB address space. The Java Heap base address is the
#     maximum limit for the native heap growth. Please use -XX:HeapBaseMinAddress
#     to set the Java Heap base and to place the Java Heap above 4GB virtual address.
# This output file may be truncated or incomplete.
#
#  Out of Memory Error (os_windows.cpp:3600), pid=19228, tid=22556
#
# JRE version: Java(TM) SE Runtime Environment (21.0.1+12) (build 21.0.1+12-LTS-29)
# Java VM: Java HotSpot(TM) 64-Bit Server VM (21.0.1+12-LTS-29, mixed mode, emulated-client, sharing, tiered, compressed oops, compressed class ptrs, g1 gc, windows-amd64)
# No core dump will be written. Minidumps are not enabled by default on client versions of Windows
#

---------------  S U M M A R Y ------------

Command Line: -XX:TieredStopAtLevel=1 Backend.JobWave.JobWaveApplication

Host: 11th Gen Intel(R) Core(TM) i5-1135G7 @ 2.40GHz, 8 cores, 7G,  Windows 10 , 64 bit Build 19041 (10.0.19041.3636)
Time: Tue Mar  5 12:06:14 2024 India Standard Time elapsed time: 8628.332403 seconds (0d 2h 23m 48s)

---------------  T H R E A D  ---------------

Current thread (0x000002435e4f5d60):  VMThread "VM Thread"          [id=22556, stack(0x000000d25b600000,0x000000d25b700000) (1024K)]

Stack: [0x000000d25b600000,0x000000d25b700000]
Native frames: (J=compiled Java code, j=interpreted, Vv=VM code, C=native code)
V  [jvm.dll+0x6c9029]
V  [jvm.dll+0x854b81]
V  [jvm.dll+0x856e5e]
V  [jvm.dll+0x857543]
V  [jvm.dll+0x280c06]
V  [jvm.dll+0x6c5715]
V  [jvm.dll+0x6ba10a]
V  [jvm.dll+0x3557ea]
V  [jvm.dll+0x35d436]
V  [jvm.dll+0x3ae1be]
V  [jvm.dll+0x3ae468]
V  [jvm.dll+0x3291fc]
V  [jvm.dll+0x329287]
V  [jvm.dll+0x36db3c]
V  [jvm.dll+0x36c33d]
V  [jvm.dll+0x328971]
V  [jvm.dll+0x36ba4a]
V  [jvm.dll+0x85d048]
V  [jvm.dll+0x85e144]
V  [jvm.dll+0x85e680]
V  [jvm.dll+0x85e923]
V  [jvm.dll+0x7fd728]
V  [jvm.dll+0x6c777d]
C  [ucrtbase.dll+0x21bb2]
C  [KERNEL32.DLL+0x17344]
C  [ntdll.dll+0x526b1]

VM_Operation (0x000000d25dbf72d0): G1CollectForAllocation, mode: safepoint, requested by thread 0x0000024364a23630


---------------  P R O C E S S  ---------------

Threads class SMR info:
_java_thread_list=0x0000024363999200, length=31, elements={
0x000002435e518470, 0x000002435e519190, 0x000002435e519eb0, 0x000002435e51db40,
0x000002435e526fe0, 0x000002435e529e60, 0x000002435e52d080, 0x000002435e799b20,
0x000002435e7a01c0, 0x00000243645bdc00, 0x00000243645a6c80, 0x000002436424f940,
0x0000024364154c20, 0x0000024363248a90, 0x00000243632469c0, 0x0000024363247050,
0x0000024363248400, 0x0000024363249120, 0x00000243632476e0, 0x0000024363247d70,
0x00000243632497b0, 0x0000024363246330, 0x0000024364a23630, 0x0000024364a27e60,
0x0000024364a284f0, 0x0000024364a298a0, 0x0000024364a277d0, 0x0000024364a24350,
0x0000024364a27140, 0x0000024364a2a5c0, 0x0000024364a29210
}

Java Threads: ( => current thread )
  0x000002435e518470 JavaThread "Reference Handler"          daemon [_thread_blocked, id=4216, stack(0x000000d25b700000,0x000000d25b800000) (1024K)]
  0x000002435e519190 JavaThread "Finalizer"                  daemon [_thread_blocked, id=2052, stack(0x000000d25b800000,0x000000d25b900000) (1024K)]
  0x000002435e519eb0 JavaThread "Signal Dispatcher"          daemon [_thread_blocked, id=6568, stack(0x000000d25b900000,0x000000d25ba00000) (1024K)]
  0x000002435e51db40 JavaThread "Attach Listener"            daemon [_thread_blocked, id=21972, stack(0x000000d25ba00000,0x000000d25bb00000) (1024K)]
  0x000002435e526fe0 JavaThread "Service Thread"             daemon [_thread_blocked, id=23492, stack(0x000000d25bb00000,0x000000d25bc00000) (1024K)]
  0x000002435e529e60 JavaThread "Monitor Deflation Thread"   daemon [_thread_blocked, id=18300, stack(0x000000d25bc00000,0x000000d25bd00000) (1024K)]
  0x000002435e52d080 JavaThread "C1 CompilerThread0"         daemon [_thread_blocked, id=19704, stack(0x000000d25bd00000,0x000000d25be00000) (1024K)]
  0x000002435e799b20 JavaThread "Notification Thread"        daemon [_thread_blocked, id=19200, stack(0x000000d25bf00000,0x000000d25c000000) (1024K)]
  0x000002435e7a01c0 JavaThread "Common-Cleaner"             daemon [_thread_blocked, id=16944, stack(0x000000d25c000000,0x000000d25c100000) (1024K)]
  0x00000243645bdc00 JavaThread "BufferPoolPruner-1-thread-1" daemon [_thread_blocked, id=23164, stack(0x000000d25cd00000,0x000000d25ce00000) (1024K)]
  0x00000243645a6c80 JavaThread "cluster-ClusterId{value='65e69bafd733f3798f369c62', description='null'}-localhost:27017" daemon [_thread_in_native, id=17216, stack(0x000000d25ce00000,0x000000d25cf00000) (1024K)]
  0x000002436424f940 JavaThread "cluster-rtt-ClusterId{value='65e69bafd733f3798f369c62', description='null'}-localhost:27017" daemon [_thread_blocked, id=16140, stack(0x000000d25cf00000,0x000000d25d000000) (1024K)]
  0x0000024364154c20 JavaThread "MaintenanceTimer-2-thread-1" daemon [_thread_blocked, id=20108, stack(0x000000d25d100000,0x000000d25d200000) (1024K)]
  0x0000024363248a90 JavaThread "Catalina-utility-1"                [_thread_blocked, id=18876, stack(0x000000d25d200000,0x000000d25d300000) (1024K)]
  0x00000243632469c0 JavaThread "Catalina-utility-2"                [_thread_blocked, id=20508, stack(0x000000d25d300000,0x000000d25d400000) (1024K)]
  0x0000024363247050 JavaThread "container-0"                       [_thread_blocked, id=1404, stack(0x000000d25d400000,0x000000d25d500000) (1024K)]
  0x0000024363248400 JavaThread "Live Reload Server"         daemon [_thread_in_native, id=5236, stack(0x000000d25d600000,0x000000d25d700000) (1024K)]
  0x0000024363249120 JavaThread "File Watcher"               daemon [_thread_blocked, id=18312, stack(0x000000d25d500000,0x000000d25d600000) (1024K)]
  0x00000243632476e0 JavaThread "http-nio-8080-exec-1"       daemon [_thread_blocked, id=20260, stack(0x000000d25d700000,0x000000d25d800000) (1024K)]
  0x0000024363247d70 JavaThread "http-nio-8080-exec-2"       daemon [_thread_blocked, id=20368, stack(0x000000d25d800000,0x000000d25d900000) (1024K)]
  0x00000243632497b0 JavaThread "http-nio-8080-exec-3"       daemon [_thread_blocked, id=8420, stack(0x000000d25d900000,0x000000d25da00000) (1024K)]
  0x0000024363246330 JavaThread "http-nio-8080-exec-4"       daemon [_thread_blocked, id=13792, stack(0x000000d25da00000,0x000000d25db00000) (1024K)]
  0x0000024364a23630 JavaThread "http-nio-8080-exec-5"       daemon [_thread_blocked, id=21100, stack(0x000000d25db00000,0x000000d25dc00000) (1024K)]
  0x0000024364a27e60 JavaThread "http-nio-8080-exec-6"       daemon [_thread_blocked, id=13404, stack(0x000000d25dc00000,0x000000d25dd00000) (1024K)]
  0x0000024364a284f0 JavaThread "http-nio-8080-exec-7"       daemon [_thread_blocked, id=2100, stack(0x000000d25dd00000,0x000000d25de00000) (1024K)]
  0x0000024364a298a0 JavaThread "http-nio-8080-exec-8"       daemon [_thread_blocked, id=3032, stack(0x000000d25de00000,0x000000d25df00000) (1024K)]
  0x0000024364a277d0 JavaThread "http-nio-8080-exec-9"       daemon [_thread_blocked, id=9920, stack(0x000000d25df00000,0x000000d25e000000) (1024K)]
  0x0000024364a24350 JavaThread "http-nio-8080-exec-10"      daemon [_thread_blocked, id=13960, stack(0x000000d25e000000,0x000000d25e100000) (1024K)]
  0x0000024364a27140 JavaThread "http-nio-8080-Poller"       daemon [_thread_blocked, id=5240, stack(0x000000d25e100000,0x000000d25e200000) (1024K)]
  0x0000024364a2a5c0 JavaThread "http-nio-8080-Acceptor"     daemon [_thread_in_native, id=18392, stack(0x000000d25e200000,0x000000d25e300000) (1024K)]
  0x0000024364a29210 JavaThread "DestroyJavaVM"                     [_thread_blocked, id=7956, stack(0x000000d25af00000,0x000000d25b000000) (1024K)]
Total: 31

Other Threads:
=>0x000002435e4f5d60 VMThread "VM Thread"                           [id=22556, stack(0x000000d25b600000,0x000000d25b700000) (1024K)]
  0x000002435e4dee40 WatcherThread "VM Periodic Task Thread"        [id=20640, stack(0x000000d25b500000,0x000000d25b600000) (1024K)]
  0x000002434df3a1e0 WorkerThread "GC Thread#0"                     [id=15384, stack(0x000000d25b000000,0x000000d25b100000) (1024K)]
  0x00000243634d1da0 WorkerThread "GC Thread#1"                     [id=14116, stack(0x000000d25c400000,0x000000d25c500000) (1024K)]
  0x000002436351dc30 WorkerThread "GC Thread#2"                     [id=17456, stack(0x000000d25c500000,0x000000d25c600000) (1024K)]
  0x00000243634d2140 WorkerThread "GC Thread#3"                     [id=6096, stack(0x000000d25c600000,0x000000d25c700000) (1024K)]
  0x00000243634eaa90 WorkerThread "GC Thread#4"                     [id=2976, stack(0x000000d25c700000,0x000000d25c800000) (1024K)]
  0x00000243634eae30 WorkerThread "GC Thread#5"                     [id=2756, stack(0x000000d25c800000,0x000000d25c900000) (1024K)]
  0x00000243639800d0 WorkerThread "GC Thread#6"                     [id=10168, stack(0x000000d25cb00000,0x000000d25cc00000) (1024K)]
  0x0000024363981a30 WorkerThread "GC Thread#7"                     [id=21940, stack(0x000000d25cc00000,0x000000d25cd00000) (1024K)]
  0x000002434df4a840 ConcurrentGCThread "G1 Main Marker"            [id=15204, stack(0x000000d25b100000,0x000000d25b200000) (1024K)]
  0x000002434df4b4f0 WorkerThread "G1 Conc#0"                       [id=21216, stack(0x000000d25b200000,0x000000d25b300000) (1024K)]
  0x00000243639812f0 WorkerThread "G1 Conc#1"                       [id=13584, stack(0x000000d25c900000,0x000000d25ca00000) (1024K)]
  0x000002434dfad5f0 ConcurrentGCThread "G1 Refine#0"               [id=16776, stack(0x000000d25b300000,0x000000d25b400000) (1024K)]
  0x000002434dfae070 ConcurrentGCThread "G1 Service"                [id=19932, stack(0x000000d25b400000,0x000000d25b500000) (1024K)]
Total: 15

Threads with active compile tasks:
Total: 0

VM state: at safepoint (normal execution)

VM Mutex/Monitor currently owned by a thread:  ([mutex/lock_event])
[0x00007fffd611a5f8] Threads_lock - owner thread: 0x000002435e4f5d60
[0x00007fffd611a6f8] Heap_lock - owner thread: 0x0000024364a23630

Heap address: 0x0000000084c00000, size: 1972 MB, Compressed Oops mode: 32-bit

CDS archive(s) mapped at: [0x0000024300000000-0x0000024300c90000-0x0000024300c90000), size 13172736, SharedBaseAddress: 0x0000024300000000, ArchiveRelocationMode: 1.
Compressed class space mapped at: 0x0000024301000000-0x0000024341000000, reserved size: 1073741824
Narrow klass base: 0x0000024300000000, Narrow klass shift: 0, Narrow klass range: 0x100000000

GC Precious Log:
 CardTable entry size: 512
 Card Set container configuration: InlinePtr #cards 5 size 8 Array Of Cards #cards 12 size 40 Howl #buckets 4 coarsen threshold 1843 Howl Bitmap #cards 512 size 80 coarsen threshold 460 Card regions per heap region 1 cards per card region 2048
 CPUs: 8 total, 8 available
 Memory: 7885M
 Large Page Support: Disabled
 NUMA Support: Disabled
 Compressed Oops: Enabled (32-bit)
 Heap Region Size: 1M
 Heap Min Capacity: 8M
 Heap Initial Capacity: 124M
 Heap Max Capacity: 1972M
 Pre-touch: Disabled
 Parallel Workers: 8
 Concurrent Workers: 2
 Concurrent Refinement Workers: 8
 Periodic GC: Disabled

Heap:
 garbage-first heap   total 58368K, used 23251K [0x0000000084c00000, 0x0000000100000000)
  region size 1024K, 1 young (1024K), 1 survivors (1024K)
 Metaspace       used 50909K, committed 51584K, reserved 1114112K
  class space    used 6833K, committed 7168K, reserved 1048576K

Heap Regions: E=young(eden), S=young(survivor), O=old, HS=humongous(starts), HC=humongous(continues), CS=collection set, F=free, TAMS=top-at-mark-start, PB=parsable bottom
|   0|0x0000000084c00000, 0x0000000084d00000, 0x0000000084d00000|100%| O|  |TAMS 0x0000000084c00000| PB 0x0000000084c00000| Untracked 
|   1|0x0000000084d00000, 0x0000000084e00000, 0x0000000084e00000|100%| O|  |TAMS 0x0000000084d00000| PB 0x0000000084d00000| Untracked 
|   2|0x0000000084e00000, 0x0000000084f00000, 0x0000000084f00000|100%| O|  |TAMS 0x0000000084e00000| PB 0x0000000084e00000| Untracked 
|   3|0x0000000084f00000, 0x0000000085000000, 0x0000000085000000|100%| O|  |TAMS 0x0000000084f00000| PB 0x0000000084f00000| Untracked 
|   4|0x0000000085000000, 0x0000000085100000, 0x0000000085100000|100%| O|  |TAMS 0x0000000085000000| PB 0x0000000085000000| Untracked 
|   5|0x0000000085100000, 0x0000000085200000, 0x0000000085200000|100%| O|  |TAMS 0x0000000085100000| PB 0x0000000085100000| Untracked 
|   6|0x0000000085200000, 0x0000000085200000, 0x0000000085300000|  0%| F|  |TAMS 0x0000000085200000| PB 0x0000000085200000| Untracked 
|   7|0x0000000085300000, 0x0000000085400000, 0x0000000085400000|100%| O|  |TAMS 0x0000000085300000| PB 0x0000000085300000| Untracked 
|   8|0x0000000085400000, 0x0000000085500000, 0x0000000085500000|100%| O|  |TAMS 0x0000000085400000| PB 0x0000000085400000| Untracked 
|   9|0x0000000085500000, 0x0000000085600000, 0x0000000085600000|100%| O|  |TAMS 0x0000000085500000| PB 0x0000000085500000| Untracked 
|  10|0x0000000085600000, 0x0000000085700000, 0x0000000085700000|100%| O|  |TAMS 0x0000000085600000| PB 0x0000000085600000| Untracked 
|  11|0x0000000085700000, 0x0000000085800000, 0x0000000085800000|100%| O|  |TAMS 0x0000000085700000| PB 0x0000000085700000| Untracked 
|  12|0x0000000085800000, 0x0000000085900000, 0x0000000085900000|100%| O|  |TAMS 0x0000000085800000| PB 0x0000000085800000| Untracked 
|  13|0x0000000085900000, 0x0000000085a00000, 0x0000000085a00000|100%| O|  |TAMS 0x0000000085900000| PB 0x0000000085900000| Untracked 
|  14|0x0000000085a00000, 0x0000000085b00000, 0x0000000085b00000|100%| O|  |TAMS 0x0000000085a00000| PB 0x0000000085a00000| Untracked 
|  15|0x0000000085b00000, 0x0000000085b93080, 0x0000000085c00000| 57%| O|  |TAMS 0x0000000085b00000| PB 0x0000000085b00000| Untracked 
|  16|0x0000000085c00000, 0x0000000085d00000, 0x0000000085d00000|100%| O|  |TAMS 0x0000000085c00000| PB 0x0000000085c00000| Untracked 
|  17|0x0000000085d00000, 0x0000000085e00000, 0x0000000085e00000|100%| O|  |TAMS 0x0000000085d00000| PB 0x0000000085d00000| Untracked 
|  18|0x0000000085e00000, 0x0000000085f00000, 0x0000000085f00000|100%| O|  |TAMS 0x0000000085e00000| PB 0x0000000085e00000| Untracked 
|  19|0x0000000085f00000, 0x0000000086000000, 0x0000000086000000|100%| O|  |TAMS 0x0000000085f00000| PB 0x0000000085f00000| Untracked 
|  20|0x0000000086000000, 0x0000000086000000, 0x0000000086100000|  0%| F|  |TAMS 0x0000000086000000| PB 0x0000000086000000| Untracked 
|  21|0x0000000086100000, 0x0000000086100000, 0x0000000086200000|  0%| F|  |TAMS 0x0000000086100000| PB 0x0000000086100000| Untracked 
|  22|0x0000000086200000, 0x0000000086200000, 0x0000000086300000|  0%| F|  |TAMS 0x0000000086200000| PB 0x0000000086200000| Untracked 
|  23|0x0000000086300000, 0x0000000086400000, 0x0000000086400000|100%| O|  |TAMS 0x0000000086300000| PB 0x0000000086300000| Untracked 
|  24|0x0000000086400000, 0x0000000086500000, 0x0000000086500000|100%| O|  |TAMS 0x0000000086400000| PB 0x0000000086400000| Untracked 
|  25|0x0000000086500000, 0x0000000086600000, 0x0000000086600000|100%| O|  |TAMS 0x0000000086500000| PB 0x0000000086500000| Untracked 
|  26|0x0000000086600000, 0x0000000086700000, 0x0000000086700000|100%| O|  |TAMS 0x0000000086600000| PB 0x0000000086600000| Untracked 
|  27|0x0000000086700000, 0x0000000086700000, 0x0000000086800000|  0%| F|  |TAMS 0x0000000086700000| PB 0x0000000086700000| Untracked 
|  28|0x0000000086800000, 0x0000000086821e00, 0x0000000086900000| 13%| S|CS|TAMS 0x0000000086800000| PB 0x0000000086800000| Complete 
|  29|0x0000000086900000, 0x0000000086900000, 0x0000000086a00000|  0%| F|  |TAMS 0x0000000086900000| PB 0x0000000086900000| Untracked 
|  30|0x0000000086a00000, 0x0000000086a00000, 0x0000000086b00000|  0%| F|  |TAMS 0x0000000086a00000| PB 0x0000000086a00000| Untracked 
|  31|0x0000000086b00000, 0x0000000086b00000, 0x0000000086c00000|  0%| F|  |TAMS 0x0000000086b00000| PB 0x0000000086b00000| Untracked 
|  32|0x0000000086c00000, 0x0000000086c00000, 0x0000000086d00000|  0%| F|  |TAMS 0x0000000086c00000| PB 0x0000000086c00000| Untracked 
|  33|0x0000000086d00000, 0x0000000086d00000, 0x0000000086e00000|  0%| F|  |TAMS 0x0000000086d00000| PB 0x0000000086d00000| Untracked 
|  34|0x0000000086e00000, 0x0000000086e00000, 0x0000000086f00000|  0%| F|  |TAMS 0x0000000086e00000| PB 0x0000000086e00000| Untracked 
|  35|0x0000000086f00000, 0x0000000086f00000, 0x0000000087000000|  0%| F|  |TAMS 0x0000000086f00000| PB 0x0000000086f00000| Untracked 
|  36|0x0000000087000000, 0x0000000087000000, 0x0000000087100000|  0%| F|  |TAMS 0x0000000087000000| PB 0x0000000087000000| Untracked 
|  37|0x0000000087100000, 0x0000000087100000, 0x0000000087200000|  0%| F|  |TAMS 0x0000000087100000| PB 0x0000000087100000| Untracked 
|  38|0x0000000087200000, 0x0000000087200000, 0x0000000087300000|  0%| F|  |TAMS 0x0000000087200000| PB 0x0000000087200000| Untracked 
|  39|0x0000000087300000, 0x0000000087300000, 0x0000000087400000|  0%| F|  |TAMS 0x0000000087300000| PB 0x0000000087300000| Untracked 
|  40|0x0000000087400000, 0x0000000087400000, 0x0000000087500000|  0%| F|  |TAMS 0x0000000087400000| PB 0x0000000087400000| Untracked 
|  41|0x0000000087500000, 0x0000000087500000, 0x0000000087600000|  0%| F|  |TAMS 0x0000000087500000| PB 0x0000000087500000| Untracked 
|  42|0x0000000087600000, 0x0000000087600000, 0x0000000087700000|  0%| F|  |TAMS 0x0000000087600000| PB 0x0000000087600000| Untracked 
|  43|0x0000000087700000, 0x0000000087700000, 0x0000000087800000|  0%| F|  |TAMS 0x0000000087700000| PB 0x0000000087700000| Untracked 
|  44|0x0000000087800000, 0x0000000087800000, 0x0000000087900000|  0%| F|  |TAMS 0x0000000087800000| PB 0x0000000087800000| Untracked 
|  45|0x0000000087900000, 0x0000000087900000, 0x0000000087a00000|  0%| F|  |TAMS 0x0000000087900000| PB 0x0000000087900000| Untracked 
|  46|0x0000000087a00000, 0x0000000087a00000, 0x0000000087b00000|  0%| F|  |TAMS 0x0000000087a00000| PB 0x0000000087a00000| Untracked 
|  47|0x0000000087b00000, 0x0000000087b00000, 0x0000000087c00000|  0%| F|  |TAMS 0x0000000087b00000| PB 0x0000000087b00000| Untracked 
|  48|0x0000000087c00000, 0x0000000087c00000, 0x0000000087d00000|  0%| F|  |TAMS 0x0000000087c00000| PB 0x0000000087c00000| Untracked 
|  82|0x0000000089e00000, 0x0000000089e00000, 0x0000000089f00000|  0%| F|  |TAMS 0x0000000089e00000| PB 0x0000000089e00000| Untracked 
|  83|0x0000000089f00000, 0x0000000089f00000, 0x000000008a000000|  0%| F|  |TAMS 0x0000000089f00000| PB 0x0000000089f00000| Untracked 
|  84|0x000000008a000000, 0x000000008a000000, 0x000000008a100000|  0%| F|  |TAMS 0x000000008a000000| PB 0x000000008a000000| Untracked 
|  85|0x000000008a100000, 0x000000008a100000, 0x000000008a200000|  0%| F|  |TAMS 0x000000008a100000| PB 0x000000008a100000| Untracked 
|  86|0x000000008a200000, 0x000000008a200000, 0x000000008a300000|  0%| F|  |TAMS 0x000000008a200000| PB 0x000000008a200000| Untracked 
|  90|0x000000008a600000, 0x000000008a600000, 0x000000008a700000|  0%| F|  |TAMS 0x000000008a600000| PB 0x000000008a600000| Untracked 
|  91|0x000000008a700000, 0x000000008a700000, 0x000000008a800000|  0%| F|  |TAMS 0x000000008a700000| PB 0x000000008a700000| Untracked 
| 123|0x000000008c700000, 0x000000008c700000, 0x000000008c800000|  0%| F|  |TAMS 0x000000008c700000| PB 0x000000008c700000| Untracked 

Card table byte_map: [0x0000024359840000,0x0000024359c20000] _byte_map_base: 0x000002435941a000

Marking Bits: (CMBitMap*) 0x000002434df3a8e0
 Bits: [0x0000024359c20000, 0x000002435baf0000)

Polling page: 0x000002434be70000

Metaspace:

Usage:
  Non-class:     43.04 MB used.
      Class:      6.67 MB used.
       Both:     49.72 MB used.

Virtual space:
  Non-class space:       64.00 MB reserved,      43.38 MB ( 68%) committed,  1 nodes.
      Class space:        1.00 GB reserved,       7.00 MB ( <1%) committed,  1 nodes.
             Both:        1.06 GB reserved,      50.38 MB (  5%) committed. 

Chunk freelists:
   Non-Class:  3.96 MB
       Class:  9.05 MB
        Both:  13.01 MB

MaxMetaspaceSize: unlimited
CompressedClassSpaceSize: 1.00 GB
Initial GC threshold: 21.00 MB
Current GC threshold: 83.75 MB
CDS: on
 - commit_granule_bytes: 65536.
 - commit_granule_words: 8192.
 - virtual_space_node_default_size: 8388608.
 - enlarge_chunks_in_place: 1.
 - use_allocation_guard: 0.


Internal statistics:

num_allocs_failed_limit: 3.
num_arena_births: 1232.
num_arena_deaths: 380.
num_vsnodes_births: 2.
num_vsnodes_deaths: 0.
num_space_committed: 806.
num_space_uncommitted: 0.
num_chunks_returned_to_freelist: 446.
num_chunks_taken_from_freelist: 3174.
num_chunk_merges: 106.
num_chunk_splits: 2036.
num_chunks_enlarged: 1493.
num_inconsistent_stats: 0.

CodeCache: size=49152Kb used=10213Kb max_used=15322Kb free=38938Kb
 bounds [0x0000024356340000, 0x00000243572b0000, 0x0000024359340000]
 total_blobs=4521 nmethods=3837 adapters=607
 compilation: enabled
              stopped_count=0, restarted_count=0
 full_count=0

Compilation events (20 events):
Event: 8585.704 Thread 0x000002435e52d080 11324       1       org.bson.AbstractBsonReader::readInt32 (22 bytes)
Event: 8585.705 Thread 0x000002435e52d080 nmethod 11324 0x00000243564a2e10 code [0x00000243564a3000, 0x00000243564a3240]
Event: 8585.815 Thread 0x000002435e52d080 11325       1       java.util.TimeZone::getDisplayName (129 bytes)
Event: 8585.835 Thread 0x000002435e52d080 nmethod 11325 0x00000243565c9f90 code [0x00000243565ca1e0, 0x00000243565ca8f0]
Event: 8585.835 Thread 0x000002435e52d080 11327       1       sun.util.locale.provider.TimeZoneNameUtility::retrieveDisplayNamesImpl (205 bytes)
Event: 8585.839 Thread 0x000002435e52d080 nmethod 11327 0x0000024356a87010 code [0x0000024356a87280, 0x0000024356a87ec8]
Event: 8585.839 Thread 0x000002435e52d080 11326       1       sun.util.locale.provider.TimeZoneNameUtility::retrieveDisplayName (32 bytes)
Event: 8585.839 Thread 0x000002435e52d080 nmethod 11326 0x00000243566f3890 code [0x00000243566f3a40, 0x00000243566f3ba8]
Event: 8586.816 Thread 0x000002435e52d080 11328       1       java.text.SimpleDateFormat::format (21 bytes)
Event: 8586.819 Thread 0x000002435e52d080 nmethod 11328 0x0000024356717f10 code [0x00000243567180c0, 0x0000024356718208]
Event: 8587.816 Thread 0x000002435e52d080 11329       1       org.apache.tomcat.util.http.ConcurrentDateFormat::format (41 bytes)
Event: 8587.824 Thread 0x000002435e52d080 nmethod 11329 0x00000243564c6910 code [0x00000243564c6b20, 0x00000243564c6eb0]
Event: 8591.304 Thread 0x000002435e52d080 11330       1       java.io.IOException::<init> (5 bytes)
Event: 8591.304 Thread 0x000002435e52d080 nmethod 11330 0x00000243565dc690 code [0x00000243565dc840, 0x00000243565dca68]
Event: 8592.439 Thread 0x000002435e52d080 11331       1       org.apache.catalina.LifecycleEvent::getType (5 bytes)
Event: 8592.440 Thread 0x000002435e52d080 nmethod 11331 0x00000243564b4390 code [0x00000243564b4520, 0x00000243564b45e8]
Event: 8614.588 Thread 0x000002435e52d080 11332       1       java.lang.invoke.DirectMethodHandle::constructorMethod (10 bytes)
Event: 8614.589 Thread 0x000002435e52d080 nmethod 11332 0x0000024356582610 code [0x00000243565827a0, 0x0000024356582890]
Event: 8614.589 Thread 0x000002435e52d080 11333       1       java.lang.invoke.DirectMethodHandle::allocateInstance (16 bytes)
Event: 8614.589 Thread 0x000002435e52d080 nmethod 11333 0x0000024356587090 code [0x0000024356587240, 0x0000024356587350]

GC Heap History (20 events):
Event: 8621.401 GC heap after
{Heap after GC invocations=276 (full 0):
 garbage-first heap   total 58368K, used 23226K [0x0000000084c00000, 0x0000000100000000)
  region size 1024K, 1 young (1024K), 1 survivors (1024K)
 Metaspace       used 50909K, committed 51584K, reserved 1114112K
  class space    used 6833K, committed 7168K, reserved 1048576K
}
Event: 8622.784 GC heap before
{Heap before GC invocations=276 (full 0):
 garbage-first heap   total 58368K, used 50874K [0x0000000084c00000, 0x0000000100000000)
  region size 1024K, 29 young (29696K), 1 survivors (1024K)
 Metaspace       used 50909K, committed 51584K, reserved 1114112K
  class space    used 6833K, committed 7168K, reserved 1048576K
}
Event: 8622.786 GC heap after
{Heap after GC invocations=277 (full 0):
 garbage-first heap   total 58368K, used 23275K [0x0000000084c00000, 0x0000000100000000)
  region size 1024K, 1 young (1024K), 1 survivors (1024K)
 Metaspace       used 50909K, committed 51584K, reserved 1114112K
  class space    used 6833K, committed 7168K, reserved 1048576K
}
Event: 8623.399 GC heap before
{Heap before GC invocations=278 (full 0):
 garbage-first heap   total 58368K, used 50923K [0x0000000084c00000, 0x0000000100000000)
  region size 1024K, 29 young (29696K), 1 survivors (1024K)
 Metaspace       used 50909K, committed 51584K, reserved 1114112K
  class space    used 6833K, committed 7168K, reserved 1048576K
}
Event: 8623.400 GC heap after
{Heap after GC invocations=279 (full 0):
 garbage-first heap   total 58368K, used 23236K [0x0000000084c00000, 0x0000000100000000)
  region size 1024K, 1 young (1024K), 1 survivors (1024K)
 Metaspace       used 50909K, committed 51584K, reserved 1114112K
  class space    used 6833K, committed 7168K, reserved 1048576K
}
Event: 8623.998 GC heap before
{Heap before GC invocations=279 (full 0):
 garbage-first heap   total 58368K, used 50884K [0x0000000084c00000, 0x0000000100000000)
  region size 1024K, 29 young (29696K), 1 survivors (1024K)
 Metaspace       used 50909K, committed 51584K, reserved 1114112K
  class space    used 6833K, committed 7168K, reserved 1048576K
}
Event: 8624.000 GC heap after
{Heap after GC invocations=280 (full 0):
 garbage-first heap   total 58368K, used 23256K [0x0000000084c00000, 0x0000000100000000)
  region size 1024K, 1 young (1024K), 1 survivors (1024K)
 Metaspace       used 50909K, committed 51584K, reserved 1114112K
  class space    used 6833K, committed 7168K, reserved 1048576K
}
Event: 8624.576 GC heap before
{Heap before GC invocations=281 (full 0):
 garbage-first heap   total 58368K, used 50904K [0x0000000084c00000, 0x0000000100000000)
  region size 1024K, 29 young (29696K), 1 survivors (1024K)
 Metaspace       used 50909K, committed 51584K, reserved 1114112K
  class space    used 6833K, committed 7168K, reserved 1048576K
}
Event: 8624.579 GC heap after
{Heap after GC invocations=282 (full 0):
 garbage-first heap   total 58368K, used 23234K [0x0000000084c00000, 0x0000000100000000)
  region size 1024K, 1 young (1024K), 1 survivors (1024K)
 Metaspace       used 50909K, committed 51584K, reserved 1114112K
  class space    used 6833K, committed 7168K, reserved 1048576K
}
Event: 8625.098 GC heap before
{Heap before GC invocations=282 (full 0):
 garbage-first heap   total 58368K, used 50882K [0x0000000084c00000, 0x0000000100000000)
  region size 1024K, 29 young (29696K), 1 survivors (1024K)
 Metaspace       used 50909K, committed 51584K, reserved 1114112K
  class space    used 6833K, committed 7168K, reserved 1048576K
}
Event: 8625.100 GC heap after
{Heap after GC invocations=283 (full 0):
 garbage-first heap   total 58368K, used 23222K [0x0000000084c00000, 0x0000000100000000)
  region size 1024K, 1 young (1024K), 1 survivors (1024K)
 Metaspace       used 50909K, committed 51584K, reserved 1114112K
  class space    used 6833K, committed 7168K, reserved 1048576K
}
Event: 8625.571 GC heap before
{Heap before GC invocations=284 (full 0):
 garbage-first heap   total 58368K, used 50870K [0x0000000084c00000, 0x0000000100000000)
  region size 1024K, 29 young (29696K), 1 survivors (1024K)
 Metaspace       used 50909K, committed 51584K, reserved 1114112K
  class space    used 6833K, committed 7168K, reserved 1048576K
}
Event: 8625.573 GC heap after
{Heap after GC invocations=285 (full 0):
 garbage-first heap   total 58368K, used 23210K [0x0000000084c00000, 0x0000000100000000)
  region size 1024K, 1 young (1024K), 1 survivors (1024K)
 Metaspace       used 50909K, committed 51584K, reserved 1114112K
  class space    used 6833K, committed 7168K, reserved 1048576K
}
Event: 8626.140 GC heap before
{Heap before GC invocations=285 (full 0):
 garbage-first heap   total 58368K, used 50858K [0x0000000084c00000, 0x0000000100000000)
  region size 1024K, 29 young (29696K), 1 survivors (1024K)
 Metaspace       used 50909K, committed 51584K, reserved 1114112K
  class space    used 6833K, committed 7168K, reserved 1048576K
}
Event: 8626.142 GC heap after
{Heap after GC invocations=286 (full 0):
 garbage-first heap   total 58368K, used 23254K [0x0000000084c00000, 0x0000000100000000)
  region size 1024K, 1 young (1024K), 1 survivors (1024K)
 Metaspace       used 50909K, committed 51584K, reserved 1114112K
  class space    used 6833K, committed 7168K, reserved 1048576K
}
Event: 8626.591 GC heap before
{Heap before GC invocations=287 (full 0):
 garbage-first heap   total 58368K, used 50902K [0x0000000084c00000, 0x0000000100000000)
  region size 1024K, 29 young (29696K), 1 survivors (1024K)
 Metaspace       used 50909K, committed 51584K, reserved 1114112K
  class space    used 6833K, committed 7168K, reserved 1048576K
}
Event: 8626.592 GC heap after
{Heap after GC invocations=288 (full 0):
 garbage-first heap   total 58368K, used 23206K [0x0000000084c00000, 0x0000000100000000)
  region size 1024K, 1 young (1024K), 1 survivors (1024K)
 Metaspace       used 50909K, committed 51584K, reserved 1114112K
  class space    used 6833K, committed 7168K, reserved 1048576K
}
Event: 8627.863 GC heap before
{Heap before GC invocations=288 (full 0):
 garbage-first heap   total 58368K, used 50854K [0x0000000084c00000, 0x0000000100000000)
  region size 1024K, 29 young (29696K), 1 survivors (1024K)
 Metaspace       used 50909K, committed 51584K, reserved 1114112K
  class space    used 6833K, committed 7168K, reserved 1048576K
}
Event: 8627.865 GC heap after
{Heap after GC invocations=289 (full 0):
 garbage-first heap   total 58368K, used 23289K [0x0000000084c00000, 0x0000000100000000)
  region size 1024K, 1 young (1024K), 1 survivors (1024K)
 Metaspace       used 50909K, committed 51584K, reserved 1114112K
  class space    used 6833K, committed 7168K, reserved 1048576K
}
Event: 8628.298 GC heap before
{Heap before GC invocations=290 (full 0):
 garbage-first heap   total 58368K, used 50937K [0x0000000084c00000, 0x0000000100000000)
  region size 1024K, 29 young (29696K), 1 survivors (1024K)
 Metaspace       used 50909K, committed 51584K, reserved 1114112K
  class space    used 6833K, committed 7168K, reserved 1048576K
}

Dll operation events (10 events):
Event: 0.013 Loaded shared library C:\Program Files\Java\jdk-21\bin\java.dll
Event: 0.128 Loaded shared library C:\Program Files\Java\jdk-21\bin\net.dll
Event: 0.132 Loaded shared library C:\Program Files\Java\jdk-21\bin\nio.dll
Event: 0.138 Loaded shared library C:\Program Files\Java\jdk-21\bin\zip.dll
Event: 0.278 Loaded shared library C:\Program Files\Java\jdk-21\bin\jimage.dll
Event: 0.688 Loaded shared library C:\Program Files\Java\jdk-21\bin\management.dll
Event: 0.694 Loaded shared library C:\Program Files\Java\jdk-21\bin\management_ext.dll
Event: 1.680 Loaded shared library C:\Program Files\Java\jdk-21\bin\sunmscapi.dll
Event: 4.786 Loaded shared library C:\Program Files\Java\jdk-21\bin\extnet.dll
Event: 323.462 Loaded shared library C:\Program Files\Java\jdk-21\bin\verify.dll

Deoptimization events (20 events):
Event: 1.394 Thread 0x00000243633ee3d0 DEOPT PACKING pc=0x00000243569030f9 sp=0x000000d25c3fd3f0
Event: 1.395 Thread 0x00000243633ee3d0 DEOPT UNPACKING pc=0x00000243563988e2 sp=0x000000d25c3fc8d0 mode 3
Event: 1.648 Thread 0x00000243633ee3d0 DEOPT PACKING pc=0x0000024356965ddd sp=0x000000d25c3fda00
Event: 1.648 Thread 0x00000243633ee3d0 DEOPT UNPACKING pc=0x00000243563988e2 sp=0x000000d25c3fcea8 mode 3
Event: 1.868 Thread 0x00000243633ee3d0 DEOPT PACKING pc=0x00000243569b3b1d sp=0x000000d25c3fe120
Event: 1.868 Thread 0x00000243633ee3d0 DEOPT UNPACKING pc=0x00000243563988e2 sp=0x000000d25c3fd688 mode 3
Event: 3.408 Thread 0x00000243633ee3d0 DEOPT PACKING pc=0x0000024356aaed14 sp=0x000000d25c3fd220
Event: 3.408 Thread 0x00000243633ee3d0 DEOPT UNPACKING pc=0x00000243563988e2 sp=0x000000d25c3fc6d8 mode 0
Event: 4.778 Thread 0x000002435e7a01c0 DEOPT PACKING pc=0x0000024356927e1c sp=0x000000d25c0ff550
Event: 4.778 Thread 0x000002435e7a01c0 DEOPT UNPACKING pc=0x00000243563988e2 sp=0x000000d25c0fea98 mode 0
Event: 5.018 Thread 0x00000243633ee3d0 DEOPT PACKING pc=0x0000024356c8092c sp=0x000000d25c3f8cd0
Event: 5.018 Thread 0x00000243633ee3d0 DEOPT UNPACKING pc=0x00000243563988e2 sp=0x000000d25c3f8228 mode 0
Event: 5.637 Thread 0x00000243633ee3d0 DEOPT PACKING pc=0x0000024356b8a079 sp=0x000000d25c3fda50
Event: 5.637 Thread 0x00000243633ee3d0 DEOPT UNPACKING pc=0x00000243563988e2 sp=0x000000d25c3fcf30 mode 3
Event: 392.276 Thread 0x0000024364a27e60 DEOPT PACKING pc=0x0000024356ea8d46 sp=0x000000d25dcfb400
Event: 392.276 Thread 0x0000024364a27e60 DEOPT UNPACKING pc=0x00000243563988e2 sp=0x000000d25dcfa908 mode 3
Event: 4994.202 Thread 0x00000243632497b0 DEOPT PACKING pc=0x0000024356c9670a sp=0x000000d25d9f92f0
Event: 4994.203 Thread 0x00000243632497b0 DEOPT UNPACKING pc=0x00000243563988e2 sp=0x000000d25d9f87f0 mode 3
Event: 5970.214 Thread 0x0000024364a27e60 DEOPT PACKING pc=0x000002435662141c sp=0x000000d25dcf8a40
Event: 5970.214 Thread 0x0000024364a27e60 DEOPT UNPACKING pc=0x00000243563988e2 sp=0x000000d25dcf7f00 mode 0

Classes loaded (20 events):
Event: 5953.063 Loading class jdk/internal/event/TLSHandshakeEvent
Event: 5953.063 Loading class jdk/internal/event/TLSHandshakeEvent done
Event: 5953.063 Loading class javax/net/ssl/SSLEngineResult$HandshakeStatus
Event: 5953.063 Loading class javax/net/ssl/SSLEngineResult$HandshakeStatus done
Event: 5970.071 Loading class java/text/ParsePosition
Event: 5970.072 Loading class java/text/ParsePosition done
Event: 5970.089 Loading class java/util/concurrent/ConcurrentHashMap$TreeBin
Event: 5970.090 Loading class java/util/concurrent/ConcurrentHashMap$TreeBin done
Event: 5970.183 Loading class jdk/internal/ValueBased
Event: 5970.184 Loading class jdk/internal/ValueBased done
Event: 5970.204 Loading class java/util/concurrent/ConcurrentHashMap$EntrySpliterator
Event: 5970.205 Loading class java/util/concurrent/ConcurrentHashMap$EntrySpliterator done
Event: 6033.182 Loading class java/io/FileOutputStream$1
Event: 6033.183 Loading class java/io/FileOutputStream$1 done
Event: 6253.563 Loading class sun/security/ssl/Alert
Event: 6253.566 Loading class sun/security/ssl/Alert done
Event: 6253.567 Loading class sun/security/ssl/Alert$AlertConsumer
Event: 6253.567 Loading class sun/security/ssl/Alert$AlertConsumer done
Event: 6253.567 Loading class sun/security/ssl/Alert$Level
Event: 6253.567 Loading class sun/security/ssl/Alert$Level done

Classes unloaded (20 events):
Event: 6383.612 Thread 0x000002435e4f5d60 Unloading class 0x000002430168c000 'java/lang/invoke/LambdaForm$MH+0x000002430168c000'
Event: 6383.612 Thread 0x000002435e4f5d60 Unloading class 0x0000024301684000 'java/lang/invoke/LambdaForm$MH+0x0000024301684000'
Event: 6383.612 Thread 0x000002435e4f5d60 Unloading class 0x0000024301650400 'java/lang/invoke/LambdaForm$MH+0x0000024301650400'
Event: 6383.612 Thread 0x000002435e4f5d60 Unloading class 0x0000024301650000 'java/lang/invoke/LambdaForm$MH+0x0000024301650000'
Event: 6383.612 Thread 0x000002435e4f5d60 Unloading class 0x0000024301649400 'java/lang/invoke/LambdaForm$MH+0x0000024301649400'
Event: 6383.612 Thread 0x000002435e4f5d60 Unloading class 0x0000024301111000 'java/lang/invoke/LambdaForm$MH+0x0000024301111000'
Event: 6383.612 Thread 0x000002435e4f5d60 Unloading class 0x000002430163c800 'java/lang/invoke/LambdaForm$MH+0x000002430163c800'
Event: 6383.612 Thread 0x000002435e4f5d60 Unloading class 0x0000024301008c00 'java/lang/invoke/LambdaForm$BMH+0x0000024301008c00'
Event: 6383.612 Thread 0x000002435e4f5d60 Unloading class 0x00000243012c4c00 'java/lang/invoke/LambdaForm$MH+0x00000243012c4c00'
Event: 6383.612 Thread 0x000002435e4f5d60 Unloading class 0x00000243012ee000 'java/lang/invoke/LambdaForm$DMH+0x00000243012ee000'
Event: 6383.612 Thread 0x000002435e4f5d60 Unloading class 0x0000024301498400 'java/lang/invoke/LambdaForm$MH+0x0000024301498400'
Event: 6383.612 Thread 0x000002435e4f5d60 Unloading class 0x0000024301498800 'java/lang/invoke/LambdaForm$DMH+0x0000024301498800'
Event: 6383.612 Thread 0x000002435e4f5d60 Unloading class 0x00000243014ec000 'java/lang/invoke/LambdaForm$DMH+0x00000243014ec000'
Event: 6383.612 Thread 0x000002435e4f5d60 Unloading class 0x000002430155c000 'java/lang/invoke/LambdaForm$MH+0x000002430155c000'
Event: 6383.612 Thread 0x000002435e4f5d60 Unloading class 0x0000024301578400 'java/lang/invoke/LambdaForm$MH+0x0000024301578400'
Event: 6383.612 Thread 0x000002435e4f5d60 Unloading class 0x000002430159a800 'java/lang/invoke/LambdaForm$MH+0x000002430159a800'
Event: 8492.655 Thread 0x000002435e4f5d60 Unloading class 0x00000243016a8c00 'java/lang/invoke/LambdaForm$MH+0x00000243016a8c00'
Event: 8492.655 Thread 0x000002435e4f5d60 Unloading class 0x00000243016a8800 'java/lang/invoke/LambdaForm$MH+0x00000243016a8800'
Event: 8492.655 Thread 0x000002435e4f5d60 Unloading class 0x00000243016a8400 'java/lang/invoke/LambdaForm$MH+0x00000243016a8400'
Event: 8492.655 Thread 0x000002435e4f5d60 Unloading class 0x00000243016a8000 'java/lang/invoke/LambdaForm$DMH+0x00000243016a8000'

Classes redefined (0 events):
No events

Internal exceptions (20 events):
Event: 64.597 Thread 0x00000243645bdc00 Exception <a 'java/lang/NoSuchMethodError'{0x00000000876fe1c0}: 'java.lang.Object java.lang.invoke.DirectMethodHandle$Holder.newInvokeSpecial(java.lang.Object, java.lang.Object, long)'> (0x00000000876fe1c0) 
thrown [s\open\src\hotspot\share\interpreter\linkResolver.cpp, line 773]
Event: 64.597 Thread 0x00000243645bdc00 Exception <a 'java/lang/NoSuchMethodError'{0x0000000087501970}: 'java.lang.Object java.lang.invoke.Invokers$Holder.linkToTargetMethod(java.lang.Object, long, java.lang.Object)'> (0x0000000087501970) 
thrown [s\open\src\hotspot\share\interpreter\linkResolver.cpp, line 773]
Event: 322.908 Thread 0x00000243632476e0 Exception <a 'java/lang/NoSuchMethodError'{0x000000008762e968}: 'java.lang.Object java.lang.invoke.DirectMethodHandle$Holder.invokeSpecial(java.lang.Object, java.lang.Object, java.lang.Object, java.lang.Object, java.lang.Object, long)'> (0x000000008762e968) 
thrown [s\open\src\hotspot\share\interpreter\linkResolver.cpp, line 773]
Event: 322.908 Thread 0x00000243632476e0 Exception <a 'java/lang/NoSuchMethodError'{0x0000000087632150}: 'java.lang.Object java.lang.invoke.Invokers$Holder.linkToTargetMethod(java.lang.Object, java.lang.Object, java.lang.Object, long, java.lang.Object)'> (0x0000000087632150) 
thrown [s\open\src\hotspot\share\interpreter\linkResolver.cpp, line 773]
Event: 323.348 Thread 0x0000024363247d70 Exception <a 'java/lang/NoSuchMethodError'{0x0000000086b382f8}: 'java.lang.Object java.lang.invoke.DirectMethodHandle$Holder.invokeInterface(java.lang.Object, java.lang.Object, int)'> (0x0000000086b382f8) 
thrown [s\open\src\hotspot\share\interpreter\linkResolver.cpp, line 773]
Event: 323.465 Thread 0x0000024363247d70 Exception <a 'java/lang/NoSuchMethodError'{0x00000000868f0ca0}: 'void java.lang.invoke.Invokers$Holder.invoke_MT(java.lang.Object, java.lang.Object, java.lang.Object, java.lang.Object)'> (0x00000000868f0ca0) 
thrown [s\open\src\hotspot\share\interpreter\linkResolver.cpp, line 773]
Event: 323.481 Thread 0x0000024363247d70 Exception <a 'java/lang/NoSuchMethodError'{0x000000008c7188f0}: 'java.lang.Object java.lang.invoke.DirectMethodHandle$Holder.invokeInterface(java.lang.Object, java.lang.Object, java.lang.Object, java.lang.Object)'> (0x000000008c7188f0) 
thrown [s\open\src\hotspot\share\interpreter\linkResolver.cpp, line 773]
Event: 323.481 Thread 0x0000024363247d70 Exception <a 'java/lang/IncompatibleClassChangeError'{0x000000008c71c5d0}: Found class java.lang.Object, but interface was expected> (0x000000008c71c5d0) 
thrown [s\open\src\hotspot\share\interpreter\linkResolver.cpp, line 840]
Event: 323.967 Thread 0x0000024364a277d0 Exception <a 'java/lang/NoSuchMethodError'{0x0000000087a9cc88}: 'java.lang.Object java.lang.invoke.DirectMethodHandle$Holder.invokeStatic(java.lang.Object, int, int)'> (0x0000000087a9cc88) 
thrown [s\open\src\hotspot\share\interpreter\linkResolver.cpp, line 773]
Event: 323.968 Thread 0x0000024364a24350 Exception <a 'java/lang/NoSuchMethodError'{0x0000000087aa8670}: 'java.lang.Object java.lang.invoke.DirectMethodHandle$Holder.invokeStatic(java.lang.Object, int, int)'> (0x0000000087aa8670) 
thrown [s\open\src\hotspot\share\interpreter\linkResolver.cpp, line 773]
Event: 323.968 Thread 0x0000024364a298a0 Exception <a 'java/lang/NoSuchMethodError'{0x0000000087ab19d8}: 'java.lang.Object java.lang.invoke.DirectMethodHandle$Holder.invokeStatic(java.lang.Object, int, int)'> (0x0000000087ab19d8) 
thrown [s\open\src\hotspot\share\interpreter\linkResolver.cpp, line 773]
Event: 323.968 Thread 0x0000024364a284f0 Exception <a 'java/lang/NoSuchMethodError'{0x0000000087a917d0}: 'java.lang.Object java.lang.invoke.DirectMethodHandle$Holder.invokeStatic(java.lang.Object, int, int)'> (0x0000000087a917d0) 
thrown [s\open\src\hotspot\share\interpreter\linkResolver.cpp, line 773]
Event: 5951.805 Thread 0x0000024364a277d0 Exception <a 'java/lang/NoSuchMethodError'{0x0000000086ee1580}: 'java.lang.Object java.lang.invoke.DirectMethodHandle$Holder.invokeVirtual(java.lang.Object, java.lang.Object, double)'> (0x0000000086ee1580) 
thrown [s\open\src\hotspot\share\interpreter\linkResolver.cpp, line 773]
Event: 5951.808 Thread 0x0000024364a277d0 Exception <a 'java/lang/NoSuchMethodError'{0x0000000086eec138}: 'double java.lang.invoke.DelegatingMethodHandle$Holder.reinvoke_L(java.lang.Object, java.lang.Object, int)'> (0x0000000086eec138) 
thrown [s\open\src\hotspot\share\interpreter\linkResolver.cpp, line 773]
Event: 5970.150 Thread 0x0000024364a284f0 Exception <a 'java/lang/NoSuchMethodError'{0x0000000087236780}: 'void java.lang.invoke.DirectMethodHandle$Holder.invokeSpecial(java.lang.Object, java.lang.Object, long)'> (0x0000000087236780) 
thrown [s\open\src\hotspot\share\interpreter\linkResolver.cpp, line 773]
Event: 5970.193 Thread 0x0000024364a27e60 Exception <a 'java/lang/NoSuchMethodError'{0x0000000087128420}: 'java.lang.Object java.lang.invoke.DirectMethodHandle$Holder.newInvokeSpecial(java.lang.Object, java.lang.Object, java.lang.Object, java.lang.Object, java.lang.Object, java.lang.Object, java.lang.Object, java.lang.Object, java.lang.Object)'> (0x0000000087128420) 
thrown [s\open\src\hotspot\share\interpreter\linkResolver.cpp, line 773]
Event: 5970.206 Thread 0x0000024364a27e60 Exception <a 'java/lang/NoSuchMethodError'{0x000000008719b590}: 'java.lang.Object java.lang.invoke.DirectMethodHandle$Holder.newInvokeSpecial(java.lang.Object, double)'> (0x000000008719b590) 
thrown [s\open\src\hotspot\share\interpreter\linkResolver.cpp, line 773]
Event: 5970.207 Thread 0x0000024364a27e60 Exception <a 'java/lang/NoSuchMethodError'{0x00000000871a0930}: 'void java.lang.invoke.DirectMethodHandle$Holder.invokeSpecial(java.lang.Object, java.lang.Object, double)'> (0x00000000871a0930) 
thrown [s\open\src\hotspot\share\interpreter\linkResolver.cpp, line 773]
Event: 5970.207 Thread 0x0000024364a27e60 Exception <a 'java/lang/NoSuchMethodError'{0x00000000871a6e40}: 'java.lang.Object java.lang.invoke.DirectMethodHandle$Holder.newInvokeSpecial(java.lang.Object, java.lang.Object, double)'> (0x00000000871a6e40) 
thrown [s\open\src\hotspot\share\interpreter\linkResolver.cpp, line 773]
Event: 6033.227 Thread 0x00000243632497b0 Exception <a 'java/lang/NoSuchMethodError'{0x0000000087994568}: 'java.lang.Object java.lang.invoke.DirectMethodHandle$Holder.newInvokeSpecial(java.lang.Object, java.lang.Object, java.lang.Object, java.lang.Object, java.lang.Object, java.lang.Object, java.lang.Object, java.lang.Object, java.lang.Object, java.lang.Object, java.lang.Object)'> (0x0000000087994568) 
thrown [s\open\src\hotspot\share\interpreter\linkResolver.cpp, line 773]

ZGC Phase Switch (0 events):
No events

VM Operations (20 events):
Event: 8625.130 Executing VM operation: G1PauseRemark done
Event: 8625.137 Executing VM operation: G1PauseCleanup
Event: 8625.137 Executing VM operation: G1PauseCleanup done
Event: 8625.571 Executing VM operation: G1CollectForAllocation (G1 Evacuation Pause)
Event: 8625.573 Executing VM operation: G1CollectForAllocation (G1 Evacuation Pause) done
Event: 8626.140 Executing VM operation: G1CollectForAllocation (G1 Evacuation Pause)
Event: 8626.142 Executing VM operation: G1CollectForAllocation (G1 Evacuation Pause) done
Event: 8626.168 Executing VM operation: G1PauseRemark
Event: 8626.175 Executing VM operation: G1PauseRemark done
Event: 8626.182 Executing VM operation: G1PauseCleanup
Event: 8626.182 Executing VM operation: G1PauseCleanup done
Event: 8626.591 Executing VM operation: G1CollectForAllocation (G1 Evacuation Pause)
Event: 8626.592 Executing VM operation: G1CollectForAllocation (G1 Evacuation Pause) done
Event: 8627.863 Executing VM operation: G1CollectForAllocation (G1 Evacuation Pause)
Event: 8627.865 Executing VM operation: G1CollectForAllocation (G1 Evacuation Pause) done
Event: 8627.890 Executing VM operation: G1PauseRemark
Event: 8627.895 Executing VM operation: G1PauseRemark done
Event: 8627.903 Executing VM operation: G1PauseCleanup
Event: 8627.903 Executing VM operation: G1PauseCleanup done
Event: 8628.298 Executing VM operation: G1CollectForAllocation (G1 Evacuation Pause)

Events (20 events):
Event: 8505.596 Thread 0x000002435e4f5d60 flushing nmethod 0x00000243564dce10
Event: 8505.596 Thread 0x000002435e4f5d60 flushing nmethod 0x00000243564c5510
Event: 8505.596 Thread 0x000002435e4f5d60 flushing nmethod 0x00000243564b6810
Event: 8505.596 Thread 0x000002435e4f5d60 flushing nmethod 0x000002435646af10
Event: 8505.596 Thread 0x000002435e4f5d60 flushing nmethod 0x0000024356467f10
Event: 8505.596 Thread 0x000002435e4f5d60 flushing nmethod 0x000002435647fb10
Event: 8505.596 Thread 0x000002435e4f5d60 flushing nmethod 0x0000024356460b10
Event: 8505.596 Thread 0x000002435e4f5d60 flushing nmethod 0x0000024356460190
Event: 8505.596 Thread 0x000002435e4f5d60 flushing nmethod 0x000002435647bd10
Event: 8507.572 Thread 0x000002435e4f5d60 flushing nmethod 0x000002435707a390
Event: 8507.572 Thread 0x000002435e4f5d60 flushing nmethod 0x0000024356552210
Event: 8507.572 Thread 0x000002435e4f5d60 flushing nmethod 0x00000243564d0710
Event: 8507.572 Thread 0x000002435e4f5d60 flushing nmethod 0x0000024356476010
Event: 8509.519 Thread 0x000002435e4f5d60 flushing nmethod 0x00000243565a5210
Event: 8509.519 Thread 0x000002435e4f5d60 flushing nmethod 0x0000024356502590
Event: 8509.519 Thread 0x000002435e4f5d60 flushing nmethod 0x000002435646bb10
Event: 8509.519 Thread 0x000002435e4f5d60 flushing nmethod 0x000002435646e610
Event: 8516.223 Thread 0x000002435e4f5d60 flushing nmethod 0x0000024357000c90
Event: 8516.223 Thread 0x000002435e4f5d60 flushing nmethod 0x000002435691e990
Event: 8516.224 Thread 0x000002435e4f5d60 flushing nmethod 0x000002435651aa10


Dynamic libraries:
0x00007ff7f94b0000 - 0x00007ff7f94c0000 	C:\Program Files\Java\jdk-21\bin\java.exe
0x00007ff846f50000 - 0x00007ff847148000 	C:\Windows\SYSTEM32\ntdll.dll
0x00007ff846cb0000 - 0x00007ff846d6d000 	C:\Windows\System32\KERNEL32.DLL
0x00007ff8447a0000 - 0x00007ff844a96000 	C:\Windows\System32\KERNELBASE.dll
0x00007ff844e90000 - 0x00007ff844f90000 	C:\Windows\System32\ucrtbase.dll
0x00007ff830290000 - 0x00007ff8302ab000 	C:\Program Files\Java\jdk-21\bin\VCRUNTIME140.dll
0x00007ff830270000 - 0x00007ff830289000 	C:\Program Files\Java\jdk-21\bin\jli.dll
0x00007ff846e50000 - 0x00007ff846f03000 	C:\Windows\System32\ADVAPI32.dll
0x00007ff846330000 - 0x00007ff8463ce000 	C:\Windows\System32\msvcrt.dll
0x00007ff8465c0000 - 0x00007ff84665f000 	C:\Windows\System32\sechost.dll
0x00007ff845160000 - 0x00007ff845286000 	C:\Windows\System32\RPCRT4.dll
0x00007ff844d30000 - 0x00007ff844d57000 	C:\Windows\System32\bcrypt.dll
0x00007ff846690000 - 0x00007ff84682e000 	C:\Windows\System32\USER32.dll
0x00007ff844610000 - 0x00007ff844632000 	C:\Windows\System32\win32u.dll
0x00007ff846660000 - 0x00007ff84668b000 	C:\Windows\System32\GDI32.dll
0x00007ff844c10000 - 0x00007ff844d27000 	C:\Windows\System32\gdi32full.dll
0x00007ff828e10000 - 0x00007ff8290aa000 	C:\Windows\WinSxS\amd64_microsoft.windows.common-controls_6595b64144ccf1df_6.0.19041.3636_none_60b6a03d71f818d5\COMCTL32.dll
0x00007ff844d60000 - 0x00007ff844dfd000 	C:\Windows\System32\msvcp_win.dll
0x00007ff8388b0000 - 0x00007ff8388ba000 	C:\Windows\SYSTEM32\VERSION.dll
0x00007ff844f90000 - 0x00007ff844fc2000 	C:\Windows\System32\IMM32.DLL
0x00007ff831600000 - 0x00007ff83160c000 	C:\Program Files\Java\jdk-21\bin\vcruntime140_1.dll
0x00007ff82d770000 - 0x00007ff82d7fe000 	C:\Program Files\Java\jdk-21\bin\msvcp140.dll
0x00007fffd54e0000 - 0x00007fffd61f5000 	C:\Program Files\Java\jdk-21\bin\server\jvm.dll
0x00007ff8461e0000 - 0x00007ff84624b000 	C:\Windows\System32\WS2_32.dll
0x00007ff843ff0000 - 0x00007ff84403b000 	C:\Windows\SYSTEM32\POWRPROF.dll
0x00007ff828840000 - 0x00007ff828867000 	C:\Windows\SYSTEM32\WINMM.dll
0x00007ff843fd0000 - 0x00007ff843fe2000 	C:\Windows\SYSTEM32\UMPDC.dll
0x00007ff842e10000 - 0x00007ff842e22000 	C:\Windows\SYSTEM32\kernel.appcore.dll
0x00007ff830230000 - 0x00007ff83023a000 	C:\Program Files\Java\jdk-21\bin\jimage.dll
0x00007ff842370000 - 0x00007ff842554000 	C:\Windows\SYSTEM32\DBGHELP.DLL
0x00007ff83a5c0000 - 0x00007ff83a5f4000 	C:\Windows\SYSTEM32\dbgcore.DLL
0x00007ff844e00000 - 0x00007ff844e82000 	C:\Windows\System32\bcryptPrimitives.dll
0x00007ff82d750000 - 0x00007ff82d76f000 	C:\Program Files\Java\jdk-21\bin\java.dll
0x00007ff8454f0000 - 0x00007ff845c35000 	C:\Windows\System32\SHELL32.dll
0x00007ff842660000 - 0x00007ff842dfc000 	C:\Windows\SYSTEM32\windows.storage.dll
0x00007ff846950000 - 0x00007ff846ca4000 	C:\Windows\System32\combase.dll
0x00007ff844040000 - 0x00007ff84406e000 	C:\Windows\SYSTEM32\Wldp.dll
0x00007ff846250000 - 0x00007ff84631d000 	C:\Windows\System32\OLEAUT32.dll
0x00007ff846440000 - 0x00007ff8464ed000 	C:\Windows\System32\SHCORE.dll
0x00007ff846560000 - 0x00007ff8465b5000 	C:\Windows\System32\shlwapi.dll
0x00007ff844540000 - 0x00007ff844565000 	C:\Windows\SYSTEM32\profapi.dll
0x00007ff830220000 - 0x00007ff830230000 	C:\Program Files\Java\jdk-21\bin\net.dll
0x00007ff83f430000 - 0x00007ff83f53a000 	C:\Windows\SYSTEM32\WINHTTP.dll
0x00007ff843d30000 - 0x00007ff843d9a000 	C:\Windows\system32\mswsock.dll
0x00007ff815060000 - 0x00007ff815076000 	C:\Program Files\Java\jdk-21\bin\nio.dll
0x00007ff815040000 - 0x00007ff815058000 	C:\Program Files\Java\jdk-21\bin\zip.dll
0x00007ff83dd20000 - 0x00007ff83dd2a000 	C:\Program Files\Java\jdk-21\bin\management.dll
0x00007ff83dd10000 - 0x00007ff83dd1b000 	C:\Program Files\Java\jdk-21\bin\management_ext.dll
0x00007ff8464f0000 - 0x00007ff8464f8000 	C:\Windows\System32\PSAPI.DLL
0x00007ff83dd00000 - 0x00007ff83dd0e000 	C:\Program Files\Java\jdk-21\bin\sunmscapi.dll
0x00007ff844640000 - 0x00007ff84479d000 	C:\Windows\System32\CRYPT32.dll
0x00007ff8440b0000 - 0x00007ff8440d8000 	C:\Windows\SYSTEM32\ncrypt.dll
0x00007ff844070000 - 0x00007ff8440ab000 	C:\Windows\SYSTEM32\NTASN1.dll
0x00007ff843f20000 - 0x00007ff843f38000 	C:\Windows\SYSTEM32\CRYPTSP.dll
0x00007ff843630000 - 0x00007ff843664000 	C:\Windows\system32\rsaenh.dll
0x00007ff8444c0000 - 0x00007ff8444ee000 	C:\Windows\SYSTEM32\USERENV.dll
0x00007ff843f40000 - 0x00007ff843f4c000 	C:\Windows\SYSTEM32\CRYPTBASE.dll
0x00007ff843a00000 - 0x00007ff843a3b000 	C:\Windows\SYSTEM32\IPHLPAPI.DLL
0x00007ff846430000 - 0x00007ff846438000 	C:\Windows\System32\NSI.dll
0x00007ff843a40000 - 0x00007ff843b0b000 	C:\Windows\SYSTEM32\DNSAPI.dll
0x00007ff83b810000 - 0x00007ff83b81a000 	C:\Windows\System32\rasadhlp.dll
0x00007ff83a540000 - 0x00007ff83a5c0000 	C:\Windows\System32\fwpuclnt.dll
0x00007ff83fab0000 - 0x00007ff83fab7000 	C:\Program Files\Java\jdk-21\bin\extnet.dll
0x00007ff83dcf0000 - 0x00007ff83dcf7000 	C:\Windows\system32\wshunix.dll
0x00007ff82f470000 - 0x00007ff82f480000 	C:\Program Files\Java\jdk-21\bin\verify.dll

dbghelp: loaded successfully - version: 4.0.5 - missing functions: none
symbol engine: initialized successfully - sym options: 0x614 - pdb path: .;C:\Program Files\Java\jdk-21\bin;C:\Windows\SYSTEM32;C:\Windows\WinSxS\amd64_microsoft.windows.common-controls_6595b64144ccf1df_6.0.19041.3636_none_60b6a03d71f818d5;C:\Program Files\Java\jdk-21\bin\server

VM Arguments:
jvm_args: -XX:TieredStopAtLevel=1 
java_command: Backend.JobWave.JobWaveApplication
java_class_path (initial): C:\Users\ARULMOZHI K\OneDrive\Documents\Intern\JobWave-Application\Backend\target\classes;C:\Users\ARULMOZHI K\.m2\repository\ch\qos\logback\logback-classic\1.4.14\logback-classic-1.4.14.jar;C:\Users\ARULMOZHI K\.m2\repository\ch\qos\logback\logback-core\1.4.14\logback-core-1.4.14.jar;C:\Users\ARULMOZHI K\.m2\repository\org\apache\logging\log4j\log4j-to-slf4j\2.21.1\log4j-to-slf4j-2.21.1.jar;C:\Users\ARULMOZHI K\.m2\repository\org\apache\logging\log4j\log4j-api\2.21.1\log4j-api-2.21.1.jar;C:\Users\ARULMOZHI K\.m2\repository\org\slf4j\jul-to-slf4j\2.0.9\jul-to-slf4j-2.0.9.jar;C:\Users\ARULMOZHI K\.m2\repository\jakarta\annotation\jakarta.annotation-api\2.1.1\jakarta.annotation-api-2.1.1.jar;C:\Users\ARULMOZHI K\.m2\repository\org\yaml\snakeyaml\2.2\snakeyaml-2.2.jar;C:\Users\ARULMOZHI K\.m2\repository\org\mongodb\mongodb-driver-sync\4.11.1\mongodb-driver-sync-4.11.1.jar;C:\Users\ARULMOZHI K\.m2\repository\org\mongodb\bson\4.11.1\bson-4.11.1.jar;C:\Users\ARULMOZHI K\.m2\repository\org\mongodb\mongodb-driver-core\4.11.1\mongodb-driver-core-4.11.1.jar;C:\Users\ARULMOZHI K\.m2\repository\org\mongodb\bson-record-codec\4.11.1\bson-record-codec-4.11.1.jar;C:\Users\ARULMOZHI K\.m2\repository\org\springframework\data\spring-data-mongodb\4.2.1\spring-data-mongodb-4.2.1.jar;C:\Users\ARULMOZHI K\.m2\repository\org\springframework\spring-tx\6.1.2\spring-tx-6.1.2.jar;C:\Users\ARULMOZHI K\.m2\repository\org\springframework\spring-context\6.1.2\spring-context-6.1.2.jar;C:\Users\ARULMOZHI K\.m2\repository\org\springframework\spring-beans\6.1.2\spring-beans-6.1.2.jar;C:\Users\ARULMOZHI K\.m2\repository\org\springframework\spring-expression\6.1.2\spring-expression-6.1.2.jar;C:\Users\ARULMOZHI K\.m2\repository\org\springframework\data\spring-data-commons\3.2.1\spring-data-commons-3.2.1.jar;C:\Users\ARULMOZHI K\.m2\repository\org\slf4j\slf4j-api\2.0.9\slf4j-api-2.0.9.jar;C:\Users\ARULMOZHI K\.m2\repository\org\springframework\spring-context-support\6.1.2\spring-context-support-6.1.2.jar;C:\Users\ARULMOZHI K\.m2\repository\org\eclipse\angus\jakarta.mail\2.0.2\jakarta.mail-2.0.2.jar;C:\Users\ARULMOZHI K\.m2\repository\jakarta\activation\jakarta.activation-api\2.1.2\jakarta.activation-api-2.1.2.jar;C:\Users\ARULMOZHI K\.m2\repository\org\eclipse\angus\angus-activation\2.0.1\angus-activation-2.0.1.jar;C:\Users\ARULMOZHI K\.m2\repository\org\springframework\spring-aop\6.1.2\spring-aop-6.1.2.jar;C:\Users\ARULMOZHI K\.m2\repository\org\springframework\security\spring-security-config\6.2.1\spring-security-config-6.2.1.jar;C:\Users\ARULMOZHI K\.m2\repository\org\springframework\security\spring-security-web\6.2.1\spring-security-web-6.2.1.jar;C:\Users\ARULMOZHI K\.m2\repository\com\razorpay\razorpay-java\1.4.3\razorpay-java-1.4.3.jar;C:\Users\ARULMOZHI K\.m2\repository\org\json\json\20180130\json-20180130.jar;C:\Users\ARULMOZHI K\.m2\repository\com\squareup\okhttp3\okhttp\4.12.0\okhttp-4.12.0.jar;C:\Users\ARULMOZHI K\.m2\repository\com\squareup\okio\okio\3.6.0\okio-3.6.0.jar;C:\Users\ARULMOZHI K\.m2\repository\com\squareup\okio\okio-jvm\3.6.0\okio-jvm-3.6.0.jar;C:\Users\ARULMOZHI K\.m2\repository\org\jetbrains\kotlin\kotlin-stdlib-common\1.9.21\kotlin-stdlib-common-1.9.21.jar;C:\Users\ARULMOZHI K\.m2\repository\org\jetbrains\kotlin\kotlin-stdlib-jdk8\1.9.21\kotlin-stdlib-jdk8-1.9.21.jar;C:\Users\ARULMOZHI K\.m2\repository\org\jetbrains\kotlin\kotlin-stdlib\1.9.21\kotlin-stdlib-1.9.21.jar;C:\Users\ARULMOZHI K\.m2\repository\org\jetbrains\annotations\13.0\annotations-13.0.jar;C:\Users\ARULMOZHI K\.m2\repository\org\jetbrains\kotlin\kotlin-stdlib-jdk7\1.9.21\kotlin-stdlib-jdk7-1.9.21.jar;C:\Users\ARULMOZHI K\.m2\repository\com\squareup\okhttp3\logging-interceptor\4.12.0\logging-interceptor-4.12.0.jar;C:\Users\ARULMOZHI K\.m2\repository\commons-codec\commons-codec\1.16.0\commons-codec-1.16.0.jar;C:\Users\ARULMOZHI K\.m2\repository\org\apache\commons\commons-text\1.3\commons-text-1.3.jar;C:\Users\ARULMOZHI K\.m2\repository\org\apache\commons\commons-lang3\3.13.0\commons-lang3-3.13.0.jar;C:\Users\ARULMOZHI K\.m2\repository\org\springframework\boot\spring-boot-devtools\3.2.1\spring-boot-devtools-3.2.1.jar;C:\Users\ARULMOZHI K\.m2\repository\org\springframework\boot\spring-boot\3.2.1\spring-boot-3.2.1.jar;C:\Users\ARULMOZHI K\.m2\repository\org\springframework\boot\spring-boot-autoconfigure\3.2.1\spring-boot-autoconfigure-3.2.1.jar;C:\Users\ARULMOZHI K\.m2\repository\com\fasterxml\jackson\datatype\jackson-datatype-jdk8\2.15.3\jackson-datatype-jdk8-2.15.3.jar;C:\Users\ARULMOZHI K\.m2\repository\com\fasterxml\jackson\datatype\jackson-datatype-jsr310\2.15.3\jackson-datatype-jsr310-2.15.3.jar;C:\Users\ARULMOZHI K\.m2\repository\com\fasterxml\jackson\module\jackson-module-parameter-names\2.15.3\jackson-module-parameter-names-2.15.3.jar;C:\Users\ARULMOZHI K\.m2\repository\org\apache\tomcat\embed\tomcat-embed-core\10.1.17\tomcat-embed-core-10.1.17.jar;C:\Users\ARULMOZHI K\.m2\repository\org\apache\tomcat\embed\tomcat-embed-el\10.1.17\tomcat-embed-el-10.1.17.jar;C:\Users\ARULMOZHI K\.m2\repository\org\apache\tomcat\embed\tomcat-embed-websocket\10.1.17\tomcat-embed-websocket-10.1.17.jar;C:\Users\ARULMOZHI K\.m2\repository\org\springframework\spring-web\6.1.2\spring-web-6.1.2.jar;C:\Users\ARULMOZHI K\.m2\repository\io\micrometer\micrometer-observation\1.12.1\micrometer-observation-1.12.1.jar;C:\Users\ARULMOZHI K\.m2\repository\io\micrometer\micrometer-commons\1.12.1\micrometer-commons-1.12.1.jar;C:\Users\ARULMOZHI K\.m2\repository\org\springframework\spring-webmvc\6.1.2\spring-webmvc-6.1.2.jar;C:\Users\ARULMOZHI K\.m2\repository\io\jsonwebtoken\jjwt-api\0.11.5\jjwt-api-0.11.5.jar;C:\Users\ARULMOZHI K\.m2\repository\io\jsonwebtoken\jjwt-impl\0.11.5\jjwt-impl-0.11.5.jar;C:\Users\ARULMOZHI K\.m2\repository\io\jsonwebtoken\jjwt-jackson\0.11.5\jjwt-jackson-0.11.5.jar;C:\Users\ARULMOZHI K\.m2\repository\com\fasterxml\jackson\core\jackson-databind\2.15.3\jackson-databind-2.15.3.jar;C:\Users\ARULMOZHI K\.m2\repository\com\fasterxml\jackson\core\jackson-annotations\2.15.3\jackson-annotations-2.15.3.jar;C:\Users\ARULMOZHI K\.m2\repository\com\fasterxml\jackson\core\jackson-core\2.15.3\jackson-core-2.15.3.jar;C:\Users\ARULMOZHI K\.m2\repository\org\springframework\spring-core\6.1.2\spring-core-6.1.2.jar;C:\Users\ARULMOZHI K\.m2\repository\org\springframework\spring-jcl\6.1.2\spring-jcl-6.1.2.jar;C:\Users\ARULMOZHI K\.m2\repository\org\springframework\security\spring-security-core\6.2.1\spring-security-core-6.2.1.jar;C:\Users\ARULMOZHI K\.m2\repository\org\springframework\security\spring-security-crypto\6.2.1\spring-security-crypto-6.2.1.jar
Launcher Type: SUN_STANDARD

[Global flags]
     intx CICompilerCount                          = 4                                         {product} {ergonomic}
     uint ConcGCThreads                            = 2                                         {product} {ergonomic}
     uint G1ConcRefinementThreads                  = 8                                         {product} {ergonomic}
   size_t G1HeapRegionSize                         = 1048576                                   {product} {ergonomic}
    uintx GCDrainStackTargetSize                   = 64                                        {product} {ergonomic}
   size_t InitialHeapSize                          = 130023424                                 {product} {ergonomic}
   size_t MarkStackSize                            = 4194304                                   {product} {ergonomic}
   size_t MaxHeapSize                              = 2067791872                                {product} {ergonomic}
   size_t MaxNewSize                               = 1240465408                                {product} {ergonomic}
   size_t MinHeapDeltaBytes                        = 1048576                                   {product} {ergonomic}
   size_t MinHeapSize                              = 8388608                                   {product} {ergonomic}
    uintx NonNMethodCodeHeapSize                   = 4096                                   {pd product} {ergonomic}
    uintx NonProfiledCodeHeapSize                  = 0                                      {pd product} {ergonomic}
     bool ProfileInterpreter                       = false                                  {pd product} {command line}
    uintx ProfiledCodeHeapSize                     = 0                                      {pd product} {ergonomic}
   size_t SoftMaxHeapSize                          = 2067791872                             {manageable} {ergonomic}
     intx TieredStopAtLevel                        = 1                                         {product} {command line}
     bool UseCompressedOops                        = true                           {product lp64_product} {ergonomic}
     bool UseG1GC                                  = true                                      {product} {ergonomic}
     bool UseLargePagesIndividualAllocation        = false                                  {pd product} {ergonomic}

Logging:
Log output configuration:
 #0: stdout all=warning uptime,level,tags foldmultilines=false
 #1: stderr all=off uptime,level,tags foldmultilines=false

Environment Variables:
PATH=C:\Python310\Scripts\;C:\Python310\;C:\Program Files\Common Files\Oracle\Java\javapath;C:\Windows\system32;C:\Windows;C:\Windows\System32\Wbem;C:\Windows\System32\WindowsPowerShell\v1.0\;C:\Windows\System32\OpenSSH\;C:\Program Files\MySQL\MySQL Server 8.0\bin;C:\Program Files\Java\jdk-11.0.16\bin;C:\ProgramData\chocolatey\bin;c:\Program Files (x86)\Microsoft SQL Server\90\Tools\binn\;C:\Program Files\Microsoft\Web Platform Installer\;C:\Program Files (x86)\Microsoft ASP.NET\ASP.NET Web Pages\v1.0\;C:\Program Files\Microsoft SQL Server\110\Tools\Binn\;C:\Program Files\Git\cmd;C:\Users\ARULMOZHI K\Downloads\apache-maven-3.8.7-bin\apache-maven-3.8.7\bin;C:\Program Files\Java\jdk-21\bin;C:\Program Files\Docker\Docker\resources\bin;C:\Users\ARULMOZHI K\AppData\Roaming\nvm;C:\Program Files\nodejs;C:\Program Files\MySQL\MySQL Shell 8.0\bin\;C:\Users\ARULMOZHI K\AppData\Local\Microsoft\WindowsApps;C:\Users\ARULMOZHI K\AppData\Local\Programs\Microsoft VS Code\bin;C:\MinGW\bin;C:\Program Files\Java\jdk-11.0.16\bin;C:\Program Files\MongoDB\Server\6.0\bin;C:\Users\ARULMOZHI K\Downloads\mongosh-1.6.1-win32-x64\mongosh-1.6.1-win32-x64\bin;C:\Users\ARULMOZHI K\Downloads\apache-maven-3.8.7-bin\apache-maven-3.8.7\bin;C:\Users\ARULMOZHI K\AppData\Local\Programs\mongosh\;C:\Users\ARULMOZHI K\AppData\Local\GitHubDesktop\bin;C:\Users\ARULMOZHI K\AppData\Roaming\nvm;C:\Program Files\nodejs
USERNAME=ARULMOZHI K
LANG=en_US.UTF-8
OS=Windows_NT
PROCESSOR_IDENTIFIER=Intel64 Family 6 Model 140 Stepping 1, GenuineIntel
TMP=C:\Users\ARULMO~1\AppData\Local\Temp
TEMP=C:\Users\ARULMO~1\AppData\Local\Temp




Periodic native trim disabled

---------------  S Y S T E M  ---------------

OS:
 Windows 10 , 64 bit Build 19041 (10.0.19041.3636)
OS uptime: 4 days 11:38 hours
Hyper-V role detected

CPU: total 8 (initial active 8) (4 cores per cpu, 2 threads per core) family 6 model 140 stepping 1 microcode 0x86, cx8, cmov, fxsr, ht, mmx, 3dnowpref, sse, sse2, sse3, ssse3, sse4.1, sse4.2, popcnt, lzcnt, tsc, tscinvbit, avx, avx2, aes, erms, clmul, bmi1, bmi2, adx, avx512f, avx512dq, avx512cd, avx512bw, avx512vl, sha, fma, vzeroupper, avx512_vpopcntdq, avx512_vpclmulqdq, avx512_vaes, avx512_vnni, clflush, clflushopt, clwb, avx512_vbmi2, avx512_vbmi, hv, rdtscp, rdpid, fsrm, gfni, avx512_bitalg, f16c, cet_ibt, cet_ss, avx512_ifma
Processor Information for all 8 processors :
  Max Mhz: 2419, Current Mhz: 2419, Mhz Limit: 2419

Memory: 4k page, system-wide physical 7885M (647M free)
TotalPageFile size 32461M (AvailPageFile size 0M)
current process WorkingSet (physical memory assigned to process): 102M, peak: 181M
current process commit charge ("private bytes"): 233M, peak: 245M

vm_info: Java HotSpot(TM) 64-Bit Server VM (21.0.1+12-LTS-29) for windows-amd64 JRE (21.0.1+12-LTS-29), built on 2023-10-05T13:27:09Z by "mach5one" with MS VC++ 17.1 (VS2022)

END.
